time="2017-11-15T01:17:25.444813824Z" level=warning msg="could not change group /var/run/docker.sock to docker: group docker not found" 
time="2017-11-15T01:17:25.445032146Z" level=warning msg="[!] DON'T BIND ON ANY IP ADDRESS WITHOUT setting --tlsverify IF YOU DON'T KNOW WHAT YOU'RE DOING [!]" 
time="2017-11-15T01:17:25.445338011Z" level=warning msg="libcontainerd: makeUpgradeProof could not open /var/run/docker/libcontainerd/containerd" 
time="2017-11-15T01:17:25.446506548Z" level=info msg="libcontainerd: new containerd process, pid: 27" 
time="2017-11-15T01:17:26.447783781Z" level=warning msg="failed to rename /var/lib/docker/tmp for background deletion: rename /var/lib/docker/tmp /var/lib/docker/tmp-old: no such file or directory. Deleting synchronously" 
time="2017-11-15T01:17:26.506942987Z" level=info msg="Graph migration to content-addressability took 0.00 seconds" 
time="2017-11-15T01:17:26.507217341Z" level=warning msg="Your kernel does not support swap memory limit" 
time="2017-11-15T01:17:26.507296677Z" level=warning msg="Your kernel does not support cgroup rt period" 
time="2017-11-15T01:17:26.507313107Z" level=warning msg="Your kernel does not support cgroup rt runtime" 
time="2017-11-15T01:17:26.507455967Z" level=warning msg="mountpoint for pids not found" 
time="2017-11-15T01:17:26.507993827Z" level=info msg="Loading containers: start." 
time="2017-11-15T01:17:26.521366159Z" level=warning msg="Running modprobe bridge br_netfilter failed with message: ip: can't find device 'bridge'\nbridge                110592  1 br_netfilter\nstp                    16384  1 bridge\nllc                    16384  2 bridge,stp\nip: can't find device 'br_netfilter'\nbr_netfilter           20480  0 \nbridge                110592  1 br_netfilter\nmodprobe: can't change directory to '/lib/modules': No such file or directory\n, error: exit status 1" 
time="2017-11-15T01:17:26.528890297Z" level=warning msg="Running modprobe nf_nat failed with message: `ip: can't find device 'nf_nat'\nnf_nat_ipv6            16384  1 ip6table_nat\nnf_nat_masquerade_ipv4    16384  1 ipt_MASQUERADE\nnf_nat_ipv4            16384  1 iptable_nat\nnf_nat                 24576  4 nf_nat_ipv6,xt_nat,nf_nat_masquerade_ipv4,nf_nat_ipv4\nnf_conntrack          106496  8 nf_conntrack_ipv6,nf_nat_ipv6,nf_nat_masquerade_ipv4,nf_conntrack_netlink,nf_conntrack_ipv4,nf_nat_ipv4,xt_conntrack,nf_nat\nmodprobe: can't change directory to '/lib/modules': No such file or directory`, error: exit status 1" 
time="2017-11-15T01:17:26.536452243Z" level=warning msg="Running modprobe xt_conntrack failed with message: `ip: can't find device 'xt_conntrack'\nxt_conntrack           16384  4 \nnf_conntrack          106496  8 nf_conntrack_ipv6,nf_nat_ipv6,nf_nat_masquerade_ipv4,nf_conntrack_netlink,nf_conntrack_ipv4,nf_nat_ipv4,xt_conntrack,nf_nat\nx_tables               36864 19 ip6t_rpfilter,ip6table_filter,ip6table_mangle,ip6table_raw,ip6_tables,xt_set,xt_comment,iptable_raw,ipt_REJECT,xt_nat,xt_tcpudp,iptable_mangle,xt_mark,ipt_MASQUERADE,xt_addrtype,xt_conntrack,xt_multiport,iptable_filter,ip_tables\nmodprobe: can't change directory to '/lib/modules': No such file or directory`, error: exit status 1" 
time="2017-11-15T01:17:26.634041055Z" level=info msg="Default bridge (docker0) is assigned with an IP address 172.17.0.0/16. Daemon option --bip can be used to set a preferred IP address" 
time="2017-11-15T01:17:26.688076743Z" level=info msg="Loading containers: done." 
time="2017-11-15T01:17:26.690037767Z" level=warning msg="Couldn't run auplink before unmount /var/lib/docker/tmp/docker-aufs-union736480758: exec: \"auplink\": executable file not found in $PATH" 
time="2017-11-15T01:17:26.715527484Z" level=info msg="Daemon has completed initialization" 
time="2017-11-15T01:17:26.715574163Z" level=info msg="Docker daemon" commit=cec0b72 graphdriver=aufs version=17.06.2-ce 
time="2017-11-15T01:17:26.731003148Z" level=info msg="API listen on [::]:2375" 
time="2017-11-15T01:17:26.731034047Z" level=info msg="API listen on /var/run/docker.sock" 
time="2017-11-15T01:17:30.635939481Z" level=info msg="Got signal to reload configuration, reloading from: /etc/docker/daemon.json" 
time="2017-11-15T01:17:30.636560807Z" level=info msg="Initializing discovery without TLS" 
time="2017-11-15T01:17:30.669229619Z" level=warning msg="Multi-Host overlay networking requires cluster-advertise(128.101.118.108) to be configured with a local ip-address that is reachable within the cluster" 
time="2017-11-15T01:17:30.669476878Z" level=error msg="initializing serf instance failed: failed to create cluster node: Failed to create memberlist: Could not set up network transport: Failed to start TCP listener on \"128.101.118.108\" port 7946: listen tcp 128.101.118.108:7946: bind: cannot assign requested address" 
time="2017-11-15T01:17:30.677927690Z" level=debug msg="Registering routers" 
time="2017-11-15T01:17:30.677961453Z" level=debug msg="Registering GET, /containers/{name:.*}/checkpoints" 
time="2017-11-15T01:17:30.678250247Z" level=debug msg="Registering POST, /containers/{name:.*}/checkpoints" 
time="2017-11-15T01:17:30.678429838Z" level=debug msg="Registering DELETE, /containers/{name}/checkpoints/{checkpoint}" 
time="2017-11-15T01:17:30.678691668Z" level=debug msg="Registering HEAD, /containers/{name:.*}/archive" 
time="2017-11-15T01:17:30.678880907Z" level=debug msg="Registering GET, /containers/json" 
time="2017-11-15T01:17:30.679004904Z" level=debug msg="Registering GET, /containers/{name:.*}/export" 
time="2017-11-15T01:17:30.679151900Z" level=debug msg="Registering GET, /containers/{name:.*}/changes" 
time="2017-11-15T01:17:30.679323476Z" level=debug msg="Registering GET, /containers/{name:.*}/json" 
time="2017-11-15T01:17:30.679477183Z" level=debug msg="Registering GET, /containers/{name:.*}/top" 
time="2017-11-15T01:17:30.679631075Z" level=debug msg="Registering GET, /containers/{name:.*}/logs" 
time="2017-11-15T01:17:30.679778012Z" level=debug msg="Registering GET, /containers/{name:.*}/stats" 
time="2017-11-15T01:17:30.679969036Z" level=debug msg="Registering GET, /containers/{name:.*}/attach/ws" 
time="2017-11-15T01:17:30.680133800Z" level=debug msg="Registering GET, /exec/{id:.*}/json" 
time="2017-11-15T01:17:30.680292827Z" level=debug msg="Registering GET, /containers/{name:.*}/archive" 
time="2017-11-15T01:17:30.680449535Z" level=debug msg="Registering POST, /containers/create" 
time="2017-11-15T01:17:30.680570792Z" level=debug msg="Registering POST, /containers/{name:.*}/kill" 
time="2017-11-15T01:17:30.680720455Z" level=debug msg="Registering POST, /containers/{name:.*}/pause" 
time="2017-11-15T01:17:30.680878482Z" level=debug msg="Registering POST, /containers/{name:.*}/unpause" 
time="2017-11-15T01:17:30.681038176Z" level=debug msg="Registering POST, /containers/{name:.*}/restart" 
time="2017-11-15T01:17:30.681198622Z" level=debug msg="Registering POST, /containers/{name:.*}/start" 
time="2017-11-15T01:17:30.681372907Z" level=debug msg="Registering POST, /containers/{name:.*}/stop" 
time="2017-11-15T01:17:30.681520334Z" level=debug msg="Registering POST, /containers/{name:.*}/wait" 
time="2017-11-15T01:17:30.681718547Z" level=debug msg="Registering POST, /containers/{name:.*}/resize" 
time="2017-11-15T01:17:30.681876146Z" level=debug msg="Registering POST, /containers/{name:.*}/attach" 
time="2017-11-15T01:17:30.682054379Z" level=debug msg="Registering POST, /containers/{name:.*}/copy" 
time="2017-11-15T01:17:30.682219270Z" level=debug msg="Registering POST, /containers/{name:.*}/exec" 
time="2017-11-15T01:17:30.682367848Z" level=debug msg="Registering POST, /exec/{name:.*}/start" 
time="2017-11-15T01:17:30.682505544Z" level=debug msg="Registering POST, /exec/{name:.*}/resize" 
time="2017-11-15T01:17:30.682652518Z" level=debug msg="Registering POST, /containers/{name:.*}/rename" 
time="2017-11-15T01:17:30.682808431Z" level=debug msg="Registering POST, /containers/{name:.*}/update" 
time="2017-11-15T01:17:30.682974894Z" level=debug msg="Registering POST, /containers/prune" 
time="2017-11-15T01:17:30.683092330Z" level=debug msg="Registering PUT, /containers/{name:.*}/archive" 
time="2017-11-15T01:17:30.683253516Z" level=debug msg="Registering DELETE, /containers/{name:.*}" 
time="2017-11-15T01:17:30.683423493Z" level=debug msg="Registering GET, /images/json" 
time="2017-11-15T01:17:30.683537755Z" level=debug msg="Registering GET, /images/search" 
time="2017-11-15T01:17:30.683663177Z" level=debug msg="Registering GET, /images/get" 
time="2017-11-15T01:17:30.683772150Z" level=debug msg="Registering GET, /images/{name:.*}/get" 
time="2017-11-15T01:17:30.683920545Z" level=debug msg="Registering GET, /images/{name:.*}/history" 
time="2017-11-15T01:17:30.684065249Z" level=debug msg="Registering GET, /images/{name:.*}/json" 
time="2017-11-15T01:17:30.684209186Z" level=debug msg="Registering POST, /commit" 
time="2017-11-15T01:17:30.684310636Z" level=debug msg="Registering POST, /images/load" 
time="2017-11-15T01:17:30.684411506Z" level=debug msg="Registering POST, /images/create" 
time="2017-11-15T01:17:30.684525011Z" level=debug msg="Registering POST, /images/{name:.*}/push" 
time="2017-11-15T01:17:30.684666171Z" level=debug msg="Registering POST, /images/{name:.*}/tag" 
time="2017-11-15T01:17:30.684814002Z" level=debug msg="Registering POST, /images/prune" 
time="2017-11-15T01:17:30.684918884Z" level=debug msg="Registering DELETE, /images/{name:.*}" 
time="2017-11-15T01:17:30.685057354Z" level=debug msg="Registering OPTIONS, /{anyroute:.*}" 
time="2017-11-15T01:17:30.685184865Z" level=debug msg="Registering GET, /_ping" 
time="2017-11-15T01:17:30.685295806Z" level=debug msg="Registering GET, /events" 
time="2017-11-15T01:17:30.685381212Z" level=debug msg="Registering GET, /info" 
time="2017-11-15T01:17:30.685463150Z" level=debug msg="Registering GET, /version" 
time="2017-11-15T01:17:30.685557883Z" level=debug msg="Registering GET, /system/df" 
time="2017-11-15T01:17:30.685679530Z" level=debug msg="Registering POST, /auth" 
time="2017-11-15T01:17:30.685771904Z" level=debug msg="Registering GET, /volumes" 
time="2017-11-15T01:17:30.685883806Z" level=debug msg="Registering GET, /volumes/{name:.*}" 
time="2017-11-15T01:17:30.686037409Z" level=debug msg="Registering POST, /volumes/create" 
time="2017-11-15T01:17:30.686140371Z" level=debug msg="Registering POST, /volumes/prune" 
time="2017-11-15T01:17:30.686252444Z" level=debug msg="Registering DELETE, /volumes/{name:.*}" 
time="2017-11-15T01:17:30.686390747Z" level=debug msg="Registering POST, /build" 
time="2017-11-15T01:17:30.686468791Z" level=debug msg="Registering POST, /swarm/init" 
time="2017-11-15T01:17:30.686584282Z" level=debug msg="Registering POST, /swarm/join" 
time="2017-11-15T01:17:30.686688371Z" level=debug msg="Registering POST, /swarm/leave" 
time="2017-11-15T01:17:30.686779137Z" level=debug msg="Registering GET, /swarm" 
time="2017-11-15T01:17:30.686856214Z" level=debug msg="Registering GET, /swarm/unlockkey" 
time="2017-11-15T01:17:30.686958776Z" level=debug msg="Registering POST, /swarm/update" 
time="2017-11-15T01:17:30.687064981Z" level=debug msg="Registering POST, /swarm/unlock" 
time="2017-11-15T01:17:30.687169056Z" level=debug msg="Registering GET, /services" 
time="2017-11-15T01:17:30.687266591Z" level=debug msg="Registering GET, /services/{id}" 
time="2017-11-15T01:17:30.687422809Z" level=debug msg="Registering POST, /services/create" 
time="2017-11-15T01:17:30.687522697Z" level=debug msg="Registering POST, /services/{id}/update" 
time="2017-11-15T01:17:30.687669858Z" level=debug msg="Registering DELETE, /services/{id}" 
time="2017-11-15T01:17:30.687821325Z" level=debug msg="Registering GET, /services/{id}/logs" 
time="2017-11-15T01:17:30.687965809Z" level=debug msg="Registering GET, /nodes" 
time="2017-11-15T01:17:30.688049749Z" level=debug msg="Registering GET, /nodes/{id}" 
time="2017-11-15T01:17:30.688182463Z" level=debug msg="Registering DELETE, /nodes/{id}" 
time="2017-11-15T01:17:30.688304973Z" level=debug msg="Registering POST, /nodes/{id}/update" 
time="2017-11-15T01:17:30.688456014Z" level=debug msg="Registering GET, /tasks" 
time="2017-11-15T01:17:30.688534362Z" level=debug msg="Registering GET, /tasks/{id}" 
time="2017-11-15T01:17:30.688660030Z" level=debug msg="Registering GET, /tasks/{id}/logs" 
time="2017-11-15T01:17:30.688791419Z" level=debug msg="Registering GET, /secrets" 
time="2017-11-15T01:17:30.688883826Z" level=debug msg="Registering POST, /secrets/create" 
time="2017-11-15T01:17:30.688988682Z" level=debug msg="Registering DELETE, /secrets/{id}" 
time="2017-11-15T01:17:30.689129230Z" level=debug msg="Registering GET, /secrets/{id}" 
time="2017-11-15T01:17:30.689258425Z" level=debug msg="Registering POST, /secrets/{id}/update" 
time="2017-11-15T01:17:30.689413096Z" level=debug msg="Registering GET, /configs" 
time="2017-11-15T01:17:30.689503763Z" level=debug msg="Registering POST, /configs/create" 
time="2017-11-15T01:17:30.689610707Z" level=debug msg="Registering DELETE, /configs/{id}" 
time="2017-11-15T01:17:30.689757757Z" level=debug msg="Registering GET, /configs/{id}" 
time="2017-11-15T01:17:30.689897407Z" level=debug msg="Registering POST, /configs/{id}/update" 
time="2017-11-15T01:17:30.690039712Z" level=debug msg="Registering GET, /plugins" 
time="2017-11-15T01:17:30.690134330Z" level=debug msg="Registering GET, /plugins/{name:.*}/json" 
time="2017-11-15T01:17:30.690259137Z" level=debug msg="Registering GET, /plugins/privileges" 
time="2017-11-15T01:17:30.690395303Z" level=debug msg="Registering DELETE, /plugins/{name:.*}" 
time="2017-11-15T01:17:30.690535643Z" level=debug msg="Registering POST, /plugins/{name:.*}/enable" 
time="2017-11-15T01:17:30.690674758Z" level=debug msg="Registering POST, /plugins/{name:.*}/disable" 
time="2017-11-15T01:17:30.690798662Z" level=debug msg="Registering POST, /plugins/pull" 
time="2017-11-15T01:17:30.690919648Z" level=debug msg="Registering POST, /plugins/{name:.*}/push" 
time="2017-11-15T01:17:30.691047773Z" level=debug msg="Registering POST, /plugins/{name:.*}/upgrade" 
time="2017-11-15T01:17:30.691183833Z" level=debug msg="Registering POST, /plugins/{name:.*}/set" 
time="2017-11-15T01:17:30.691340769Z" level=debug msg="Registering POST, /plugins/create" 
time="2017-11-15T01:17:30.691439046Z" level=debug msg="Registering GET, /distribution/{name:.*}/json" 
time="2017-11-15T01:17:30.691593141Z" level=debug msg="Registering GET, /networks" 
time="2017-11-15T01:17:30.691678643Z" level=debug msg="Registering GET, /networks/" 
time="2017-11-15T01:17:30.691786879Z" level=debug msg="Registering GET, /networks/{id:.+}" 
time="2017-11-15T01:17:30.691913143Z" level=debug msg="Registering POST, /networks/create" 
time="2017-11-15T01:17:30.692019889Z" level=debug msg="Registering POST, /networks/{id:.*}/connect" 
time="2017-11-15T01:17:30.692157130Z" level=debug msg="Registering POST, /networks/{id:.*}/disconnect" 
time="2017-11-15T01:17:30.692307190Z" level=debug msg="Registering POST, /networks/prune" 
time="2017-11-15T01:17:30.692411181Z" level=debug msg="Registering DELETE, /networks/{id:.*}" 
time="2017-11-15T01:17:31.139988904Z" level=debug msg="Watch triggered with 1 nodes" discovery=etcd 
time="2017-11-15T01:17:31.272999476Z" level=debug msg="Watch triggered with 1 nodes" discovery=etcd 
time="2017-11-15T01:17:31.385626050Z" level=debug msg="Watch triggered with 1 nodes" discovery=etcd 
time="2017-11-15T01:17:34.464940984Z" level=debug msg="Calling GET /_ping" 
time="2017-11-15T01:17:34.468178080Z" level=debug msg="Calling POST /v1.30/containers/create?name=calico-node" 
time="2017-11-15T01:17:34.468595253Z" level=debug msg="form data: {\"AttachStderr\":false,\"AttachStdin\":false,\"AttachStdout\":false,\"Cmd\":null,\"Domainname\":\"\",\"Entrypoint\":null,\"Env\":[\"NODENAME=\",\"IP=10.0.0.3\",\"CALICO_NETWORKING_BACKEND=bird\",\"CALICO_LIBNETWORK_ENABLED=true\",\"ETCD_ENDPOINTS=http://128.101.118.108:2379\"],\"HostConfig\":{\"AutoRemove\":true,\"Binds\":[\"/run/docker/plugins:/run/docker/plugins\",\"/var/run/docker.sock:/var/run/docker.sock\",\"/var/log/calico:/var/log/calico\",\"/var/run/calico:/var/run/calico\",\"/lib/modules:/lib/modules\",\"/run:/run\"],\"BlkioDeviceReadBps\":null,\"BlkioDeviceReadIOps\":null,\"BlkioDeviceWriteBps\":null,\"BlkioDeviceWriteIOps\":null,\"BlkioWeight\":0,\"BlkioWeightDevice\":null,\"CapAdd\":null,\"CapDrop\":null,\"Cgroup\":\"\",\"CgroupParent\":\"\",\"ConsoleSize\":[0,0],\"ContainerIDFile\":\"\",\"CpuCount\":0,\"CpuPercent\":0,\"CpuPeriod\":0,\"CpuQuota\":0,\"CpuRealtimePeriod\":0,\"CpuRealtimeRuntime\":0,\"CpuShares\":0,\"CpusetCpus\":\"\",\"CpusetMems\":\"\",\"DeviceCgroupRules\":null,\"Devices\":[],\"DiskQuota\":0,\"Dns\":[],\"DnsOptions\":[],\"DnsSearch\":[],\"ExtraHosts\":null,\"GroupAdd\":null,\"IOMaximumBandwidth\":0,\"IOMaximumIOps\":0,\"IpcMode\":\"\",\"Isolation\":\"\",\"KernelMemory\":0,\"Links\":null,\"LogConfig\":{\"Config\":{},\"Type\":\"\"},\"Memory\":0,\"MemoryReservation\":0,\"MemorySwap\":0,\"MemorySwappiness\":-1,\"NanoCpus\":0,\"NetworkMode\":\"host\",\"OomKillDisable\":false,\"OomScoreAdj\":0,\"PidMode\":\"\",\"PidsLimit\":0,\"PortBindings\":{},\"Privileged\":true,\"PublishAllPorts\":false,\"ReadonlyRootfs\":false,\"RestartPolicy\":{\"MaximumRetryCount\":0,\"Name\":\"no\"},\"SecurityOpt\":null,\"ShmSize\":0,\"UTSMode\":\"\",\"Ulimits\":null,\"UsernsMode\":\"\",\"VolumeDriver\":\"\",\"VolumesFrom\":null},\"Hostname\":\"\",\"Image\":\"quay.io/calico/node:v2.6.2\",\"Labels\":{},\"NetworkingConfig\":{\"EndpointsConfig\":{}},\"OnBuild\":null,\"OpenStdin\":false,\"StdinOnce\":false,\"Tty\":false,\"User\":\"\",\"Volumes\":{},\"WorkingDir\":\"\"}" 
time="2017-11-15T01:17:34.481867083Z" level=debug msg="Calling POST /v1.30/images/create?fromImage=quay.io%2Fcalico%2Fnode&tag=v2.6.2" 
time="2017-11-15T01:17:34.485665053Z" level=debug msg="hostDir: /etc/docker/certs.d/quay.io" 
time="2017-11-15T01:17:34.485738141Z" level=debug msg="Trying to pull quay.io/calico/node from https://quay.io v2" 
time="2017-11-15T01:17:34.757148638Z" level=debug msg="Increasing token expiration to: 60 seconds" 
time="2017-11-15T01:17:34.951593694Z" level=debug msg="Pulling ref from V2 registry: quay.io/calico/node:v2.6.2" 
time="2017-11-15T01:17:34.952961893Z" level=debug msg="pulling blob \"sha256:564d30bd7dc2f4cabf814e319c81d81aae2acd8cb5e81715848c35ed754fa590\"" 
time="2017-11-15T01:17:34.953055248Z" level=debug msg="pulling blob \"sha256:451e44d240b0964e03932d25c4d4726043a9f0a5dd2060c685e50a62240ad272\"" 
time="2017-11-15T01:17:34.953193682Z" level=debug msg="pulling blob \"sha256:88286f41530e93dffd4b964e1db22ce4939fffa4a4c665dab8591fbab03d4926\"" 
time="2017-11-15T01:17:35.129372445Z" level=debug msg="Downloaded 564d30bd7dc2 to tempfile /var/lib/docker/tmp/GetImageBlob276154589" 
time="2017-11-15T01:17:35.129417594Z" level=debug msg="pulling blob \"sha256:39b8f29b8ec96fb7d173a0f7eaea5c566a64793991c82fceba366277dbff4e99\"" 
time="2017-11-15T01:17:35.325201849Z" level=debug msg="Downloaded 88286f41530e to tempfile /var/lib/docker/tmp/GetImageBlob954611991" 
time="2017-11-15T01:17:35.325279701Z" level=debug msg="pulling blob \"sha256:cd8e6a6bdbfe683706f9b9ec30fdd00b204a16bfad5fe4a23d9c024c80eaf5dd\"" 
time="2017-11-15T01:17:35.338953680Z" level=debug msg="Downloaded 39b8f29b8ec9 to tempfile /var/lib/docker/tmp/GetImageBlob055995274" 
time="2017-11-15T01:17:35.400410869Z" level=debug msg="Downloaded 451e44d240b0 to tempfile /var/lib/docker/tmp/GetImageBlob399340184" 
time="2017-11-15T01:17:35.531248813Z" level=debug msg="Applied tar sha256:5bef08742407efd622d243692b79ba0055383bbce12900324f75e56f589aedb0 to 026e097f0d3dbb67b6948f700a3e721e03c9d932890e6c7076265b7d1e73989a, size: 3965955" 
time="2017-11-15T01:17:35.675457186Z" level=debug msg="Watch triggered with 1 nodes" discovery=etcd 
time="2017-11-15T01:17:35.940670928Z" level=debug msg="Applied tar sha256:ab0cb0fa66e1f975e4a703584be5249113b8ace4584e50bb0638d53183d9e32f to b6825d7598a8c72984a0b9eebe138d7457b5ad91f9f1d8477aa3e6360fb8a7c9, size: 7112094" 
time="2017-11-15T01:17:36.014386421Z" level=debug msg="Applied tar sha256:ad3d5ca9ce21152e711e807ad8e2a5ea77beee60049f840df235fda6c98c3784 to d25cb032abf60d0d8afe8603c14f726b75c537bebb24e639c8dfc54d7e1b8a20, size: 231875" 
time="2017-11-15T01:17:36.238614192Z" level=debug msg="Applied tar sha256:52d031a668094eb8f3232988bf62f53825446fb71bbe219018f42ff831c38520 to 4d263f5fe09f0d2c11549571f1e7759b55cbd85ed8626356e682f51225e0fbbc, size: 4496168" 
time="2017-11-15T01:17:37.433666909Z" level=debug msg="Downloaded cd8e6a6bdbfe to tempfile /var/lib/docker/tmp/GetImageBlob670603105" 
time="2017-11-15T01:17:40.636407203Z" level=debug msg="Applied tar sha256:de86c18b49a84840179a315b1d31907cd11d74fe0e605c3b58904f54058e4f21 to b2e46593756b3591a51faefcdac6331ffe12f8fabcb275e8f2ab33f3146176b7, size: 265837527" 
time="2017-11-15T01:17:40.651368071Z" level=debug msg="Calling POST /v1.30/containers/create?name=calico-node" 
time="2017-11-15T01:17:40.651884929Z" level=debug msg="form data: {\"AttachStderr\":false,\"AttachStdin\":false,\"AttachStdout\":false,\"Cmd\":null,\"Domainname\":\"\",\"Entrypoint\":null,\"Env\":[\"NODENAME=\",\"IP=10.0.0.3\",\"CALICO_NETWORKING_BACKEND=bird\",\"CALICO_LIBNETWORK_ENABLED=true\",\"ETCD_ENDPOINTS=http://128.101.118.108:2379\"],\"HostConfig\":{\"AutoRemove\":true,\"Binds\":[\"/run/docker/plugins:/run/docker/plugins\",\"/var/run/docker.sock:/var/run/docker.sock\",\"/var/log/calico:/var/log/calico\",\"/var/run/calico:/var/run/calico\",\"/lib/modules:/lib/modules\",\"/run:/run\"],\"BlkioDeviceReadBps\":null,\"BlkioDeviceReadIOps\":null,\"BlkioDeviceWriteBps\":null,\"BlkioDeviceWriteIOps\":null,\"BlkioWeight\":0,\"BlkioWeightDevice\":null,\"CapAdd\":null,\"CapDrop\":null,\"Cgroup\":\"\",\"CgroupParent\":\"\",\"ConsoleSize\":[0,0],\"ContainerIDFile\":\"\",\"CpuCount\":0,\"CpuPercent\":0,\"CpuPeriod\":0,\"CpuQuota\":0,\"CpuRealtimePeriod\":0,\"CpuRealtimeRuntime\":0,\"CpuShares\":0,\"CpusetCpus\":\"\",\"CpusetMems\":\"\",\"DeviceCgroupRules\":null,\"Devices\":[],\"DiskQuota\":0,\"Dns\":[],\"DnsOptions\":[],\"DnsSearch\":[],\"ExtraHosts\":null,\"GroupAdd\":null,\"IOMaximumBandwidth\":0,\"IOMaximumIOps\":0,\"IpcMode\":\"\",\"Isolation\":\"\",\"KernelMemory\":0,\"Links\":null,\"LogConfig\":{\"Config\":{},\"Type\":\"\"},\"Memory\":0,\"MemoryReservation\":0,\"MemorySwap\":0,\"MemorySwappiness\":-1,\"NanoCpus\":0,\"NetworkMode\":\"host\",\"OomKillDisable\":false,\"OomScoreAdj\":0,\"PidMode\":\"\",\"PidsLimit\":0,\"PortBindings\":{},\"Privileged\":true,\"PublishAllPorts\":false,\"ReadonlyRootfs\":false,\"RestartPolicy\":{\"MaximumRetryCount\":0,\"Name\":\"no\"},\"SecurityOpt\":null,\"ShmSize\":0,\"UTSMode\":\"\",\"Ulimits\":null,\"UsernsMode\":\"\",\"VolumeDriver\":\"\",\"VolumesFrom\":null},\"Hostname\":\"\",\"Image\":\"quay.io/calico/node:v2.6.2\",\"Labels\":{},\"NetworkingConfig\":{\"EndpointsConfig\":{}},\"OnBuild\":null,\"OpenStdin\":false,\"StdinOnce\":false,\"Tty\":false,\"User\":\"\",\"Volumes\":{},\"WorkingDir\":\"\"}" 
time="2017-11-15T01:17:40.657109858Z" level=warning msg="Couldn't run auplink before unmount /var/lib/docker/aufs/mnt/9c51d4913a25c6bacb5e6906ea6337799293a97b00bc6d016cc8e6ba59997f36-init: exec: \"auplink\": executable file not found in $PATH" 
time="2017-11-15T01:17:40.677354634Z" level=debug msg="container mounted via layerStore: /var/lib/docker/aufs/mnt/9c51d4913a25c6bacb5e6906ea6337799293a97b00bc6d016cc8e6ba59997f36" 
time="2017-11-15T01:17:40.677495804Z" level=warning msg="Couldn't run auplink before unmount /var/lib/docker/aufs/mnt/9c51d4913a25c6bacb5e6906ea6337799293a97b00bc6d016cc8e6ba59997f36: exec: \"auplink\": executable file not found in $PATH" 
time="2017-11-15T01:17:40.691382503Z" level=debug msg="Calling POST /v1.30/containers/54fedefc917f336aad0a4de22c53ae70e62be3d237289179891e580b80d6e17e/wait?condition=removed" 
time="2017-11-15T01:17:40.692128530Z" level=debug msg="Calling POST /v1.30/containers/54fedefc917f336aad0a4de22c53ae70e62be3d237289179891e580b80d6e17e/start" 
time="2017-11-15T01:17:40.693101042Z" level=debug msg="container mounted via layerStore: /var/lib/docker/aufs/mnt/9c51d4913a25c6bacb5e6906ea6337799293a97b00bc6d016cc8e6ba59997f36" 
time="2017-11-15T01:17:40.737166932Z" level=debug msg="EnableService 54fedefc917f336aad0a4de22c53ae70e62be3d237289179891e580b80d6e17e START" 
time="2017-11-15T01:17:40.737204672Z" level=debug msg="EnableService 54fedefc917f336aad0a4de22c53ae70e62be3d237289179891e580b80d6e17e DONE" 
time="2017-11-15T01:17:40.844467119Z" level=debug msg="libcontainerd: received containerd event: &types.Event{Type:\"start-container\", Id:\"54fedefc917f336aad0a4de22c53ae70e62be3d237289179891e580b80d6e17e\", Status:0x0, Pid:\"\", Timestamp:(*timestamp.Timestamp)(0xc420b160f0)}" 
time="2017-11-15T01:17:40.847366291Z" level=debug msg="libcontainerd: event unhandled: type:\"start-container\" id:\"54fedefc917f336aad0a4de22c53ae70e62be3d237289179891e580b80d6e17e\" timestamp:<seconds:1510708660 nanos:843824973 > " 
time="2017-11-15T01:17:50.639217481Z" level=debug msg="Watch triggered with 1 nodes" discovery=etcd 
time="2017-11-15T01:17:50.773606958Z" level=debug msg="Watch triggered with 1 nodes" discovery=etcd 
time="2017-11-15T01:17:50.886306634Z" level=debug msg="Watch triggered with 1 nodes" discovery=etcd 
time="2017-11-15T01:17:53.767977208Z" level=debug msg="Calling GET /_ping" 
time="2017-11-15T01:17:53.770870348Z" level=debug msg="Calling POST /v1.30/containers/create?name=mist28-umh1-net1-1" 
time="2017-11-15T01:17:53.771357774Z" level=debug msg="form data: {\"AttachStderr\":false,\"AttachStdin\":false,\"AttachStdout\":false,\"Cmd\":null,\"Domainname\":\"\",\"Entrypoint\":null,\"Env\":[],\"HostConfig\":{\"AutoRemove\":false,\"Binds\":null,\"BlkioDeviceReadBps\":null,\"BlkioDeviceReadIOps\":null,\"BlkioDeviceWriteBps\":null,\"BlkioDeviceWriteIOps\":null,\"BlkioWeight\":0,\"BlkioWeightDevice\":null,\"CapAdd\":null,\"CapDrop\":null,\"Cgroup\":\"\",\"CgroupParent\":\"\",\"ConsoleSize\":[0,0],\"ContainerIDFile\":\"\",\"CpuCount\":0,\"CpuPercent\":0,\"CpuPeriod\":0,\"CpuQuota\":0,\"CpuRealtimePeriod\":0,\"CpuRealtimeRuntime\":0,\"CpuShares\":0,\"CpusetCpus\":\"\",\"CpusetMems\":\"\",\"DeviceCgroupRules\":null,\"Devices\":[],\"DiskQuota\":0,\"Dns\":[],\"DnsOptions\":[],\"DnsSearch\":[],\"ExtraHosts\":null,\"GroupAdd\":null,\"IOMaximumBandwidth\":0,\"IOMaximumIOps\":0,\"IpcMode\":\"\",\"Isolation\":\"\",\"KernelMemory\":0,\"Links\":null,\"LogConfig\":{\"Config\":{},\"Type\":\"\"},\"Memory\":0,\"MemoryReservation\":0,\"MemorySwap\":0,\"MemorySwappiness\":-1,\"NanoCpus\":0,\"NetworkMode\":\"net1\",\"OomKillDisable\":false,\"OomScoreAdj\":0,\"PidMode\":\"\",\"PidsLimit\":0,\"PortBindings\":{},\"Privileged\":false,\"PublishAllPorts\":false,\"ReadonlyRootfs\":false,\"RestartPolicy\":{\"MaximumRetryCount\":0,\"Name\":\"no\"},\"SecurityOpt\":null,\"ShmSize\":0,\"UTSMode\":\"\",\"Ulimits\":null,\"UsernsMode\":\"\",\"VolumeDriver\":\"\",\"VolumesFrom\":null},\"Hostname\":\"\",\"Image\":\"busybox\",\"Labels\":{},\"NetworkingConfig\":{\"EndpointsConfig\":{}},\"OnBuild\":null,\"OpenStdin\":true,\"StdinOnce\":false,\"Tty\":true,\"User\":\"\",\"Volumes\":{},\"WorkingDir\":\"\"}" 
time="2017-11-15T01:17:53.773329371Z" level=debug msg="Calling GET /v1.30/info" 
time="2017-11-15T01:17:53.790060111Z" level=debug msg="Calling POST /v1.30/images/create?fromImage=busybox&tag=latest" 
time="2017-11-15T01:17:53.790230557Z" level=debug msg="Trying to pull busybox from https://registry-1.docker.io v2" 
time="2017-11-15T01:17:54.276288251Z" level=debug msg="Pulling ref from V2 registry: busybox:latest" 
time="2017-11-15T01:17:54.276427823Z" level=debug msg="docker.io/library/busybox:latest resolved to a manifestList object with 8 entries; looking for a os/arch match" 
time="2017-11-15T01:17:54.276467672Z" level=debug msg="found match for linux/amd64 with media type application/vnd.docker.distribution.manifest.v2+json, digest sha256:91ef6c1c52b166be02645b8efee30d1ee65362024f7da41c404681561734c465" 
time="2017-11-15T01:17:54.412067149Z" level=debug msg="pulling blob \"sha256:0ffadd58f2a61468f527cc4f0fc45272ee4a1a428abe014546c89de2aa6a0eb5\"" 
time="2017-11-15T01:17:54.574470632Z" level=debug msg="Downloaded 0ffadd58f2a6 to tempfile /var/lib/docker/tmp/GetImageBlob867879830" 
time="2017-11-15T01:17:54.704155525Z" level=debug msg="Applied tar sha256:0271b8eebde3fa9a6126b1f2335e170f902731ab4942f9f1914e77016540c7bb to cc917a62948d721e0afa4afb01c65d401a855b22daa454208a9b949c3583f2af, size: 1129289" 
time="2017-11-15T01:17:54.718593135Z" level=debug msg="Calling POST /v1.30/containers/create?name=mist28-umh1-net1-1" 
time="2017-11-15T01:17:54.719128921Z" level=debug msg="form data: {\"AttachStderr\":false,\"AttachStdin\":false,\"AttachStdout\":false,\"Cmd\":null,\"Domainname\":\"\",\"Entrypoint\":null,\"Env\":[],\"HostConfig\":{\"AutoRemove\":false,\"Binds\":null,\"BlkioDeviceReadBps\":null,\"BlkioDeviceReadIOps\":null,\"BlkioDeviceWriteBps\":null,\"BlkioDeviceWriteIOps\":null,\"BlkioWeight\":0,\"BlkioWeightDevice\":null,\"CapAdd\":null,\"CapDrop\":null,\"Cgroup\":\"\",\"CgroupParent\":\"\",\"ConsoleSize\":[0,0],\"ContainerIDFile\":\"\",\"CpuCount\":0,\"CpuPercent\":0,\"CpuPeriod\":0,\"CpuQuota\":0,\"CpuRealtimePeriod\":0,\"CpuRealtimeRuntime\":0,\"CpuShares\":0,\"CpusetCpus\":\"\",\"CpusetMems\":\"\",\"DeviceCgroupRules\":null,\"Devices\":[],\"DiskQuota\":0,\"Dns\":[],\"DnsOptions\":[],\"DnsSearch\":[],\"ExtraHosts\":null,\"GroupAdd\":null,\"IOMaximumBandwidth\":0,\"IOMaximumIOps\":0,\"IpcMode\":\"\",\"Isolation\":\"\",\"KernelMemory\":0,\"Links\":null,\"LogConfig\":{\"Config\":{},\"Type\":\"\"},\"Memory\":0,\"MemoryReservation\":0,\"MemorySwap\":0,\"MemorySwappiness\":-1,\"NanoCpus\":0,\"NetworkMode\":\"net1\",\"OomKillDisable\":false,\"OomScoreAdj\":0,\"PidMode\":\"\",\"PidsLimit\":0,\"PortBindings\":{},\"Privileged\":false,\"PublishAllPorts\":false,\"ReadonlyRootfs\":false,\"RestartPolicy\":{\"MaximumRetryCount\":0,\"Name\":\"no\"},\"SecurityOpt\":null,\"ShmSize\":0,\"UTSMode\":\"\",\"Ulimits\":null,\"UsernsMode\":\"\",\"VolumeDriver\":\"\",\"VolumesFrom\":null},\"Hostname\":\"\",\"Image\":\"busybox\",\"Labels\":{},\"NetworkingConfig\":{\"EndpointsConfig\":{}},\"OnBuild\":null,\"OpenStdin\":true,\"StdinOnce\":false,\"Tty\":true,\"User\":\"\",\"Volumes\":{},\"WorkingDir\":\"\"}" 
time="2017-11-15T01:17:54.724555254Z" level=warning msg="Couldn't run auplink before unmount /var/lib/docker/aufs/mnt/2f7a36717f7e36c586b19bdf3895bf1ef45d3a77149a207805a7eb1a6f2cd946-init: exec: \"auplink\": executable file not found in $PATH" 
time="2017-11-15T01:17:54.738806193Z" level=debug msg="container mounted via layerStore: /var/lib/docker/aufs/mnt/2f7a36717f7e36c586b19bdf3895bf1ef45d3a77149a207805a7eb1a6f2cd946" 
time="2017-11-15T01:17:54.738931029Z" level=warning msg="Couldn't run auplink before unmount /var/lib/docker/aufs/mnt/2f7a36717f7e36c586b19bdf3895bf1ef45d3a77149a207805a7eb1a6f2cd946: exec: \"auplink\": executable file not found in $PATH" 
time="2017-11-15T01:17:54.758096328Z" level=debug msg="Calling POST /v1.30/containers/3bc811997f8596392f0fe3f7b692d136a3bbc759d64ae22b59611e645a37925f/wait?condition=next-exit" 
time="2017-11-15T01:17:54.758839278Z" level=debug msg="Calling POST /v1.30/containers/3bc811997f8596392f0fe3f7b692d136a3bbc759d64ae22b59611e645a37925f/start" 
time="2017-11-15T01:17:54.759822244Z" level=debug msg="container mounted via layerStore: /var/lib/docker/aufs/mnt/2f7a36717f7e36c586b19bdf3895bf1ef45d3a77149a207805a7eb1a6f2cd946" 
time="2017-11-15T01:17:54.771422606Z" level=debug msg="calico-ipam implements: IpamDriver" 
time="2017-11-15T01:17:54.771450141Z" level=debug msg="Assigning addresses for endpoint mist28-umh1-net1-1's interface on network net1" 
time="2017-11-15T01:17:54.782627841Z" level=debug msg="calico implements: NetworkDriver" 
time="2017-11-15T01:17:54.785512356Z" level=debug msg="Calling GET /v1.21/networks/93f91f932188cbbeee7e12b5ed091fe4b7a7f0d6dcdf08584f15b6d1ba1349e8" 
time="2017-11-15T01:17:54.795304787Z" level=debug msg="Assigning addresses for endpoint mist28-umh1-net1-1's interface on network net1" 
time="2017-11-15T01:17:54.796549567Z" level=debug msg="5cb771cd67c602dc928cdd5402e1ce1e0aa57638da0c70ca02c56eb667cd7623 (93f91f9).addSvcRecords(mist28-umh1-net1-1, 192.168.131.128, <nil>, true) updateSvcRecord sid:5cb771cd67c602dc928cdd5402e1ce1e0aa57638da0c70ca02c56eb667cd7623" 
time="2017-11-15T01:17:54.796660860Z" level=debug msg="5cb771cd67c602dc928cdd5402e1ce1e0aa57638da0c70ca02c56eb667cd7623 (93f91f9).addSvcRecords(3bc811997f85, 192.168.131.128, <nil>, false) updateSvcRecord sid:5cb771cd67c602dc928cdd5402e1ce1e0aa57638da0c70ca02c56eb667cd7623" 
time="2017-11-15T01:17:54.801045790Z" level=debug msg="a9969d786e13365990ec89f1c06e0b9f4ba1a63e9f95ed17f24be9e45a355355 (93f91f9).addSvcRecords(mist41-umh1-net1-1, 192.168.57.128, <nil>, true) updateSvcRecord sid:a9969d786e13365990ec89f1c06e0b9f4ba1a63e9f95ed17f24be9e45a355355" 
time="2017-11-15T01:17:54.801104263Z" level=debug msg="a9969d786e13365990ec89f1c06e0b9f4ba1a63e9f95ed17f24be9e45a355355 (93f91f9).addSvcRecords(6e474a51d87f, 192.168.57.128, <nil>, false) updateSvcRecord sid:a9969d786e13365990ec89f1c06e0b9f4ba1a63e9f95ed17f24be9e45a355355" 
time="2017-11-15T01:17:54.801134946Z" level=debug msg="da9afe50ae9822059f1979a52dd3b8dab7a698c340760f4665cc6b6a03c238f4 (93f91f9).addSvcRecords(mist48-umh1-net1-1, 192.168.128.64, <nil>, true) updateSvcRecord sid:da9afe50ae9822059f1979a52dd3b8dab7a698c340760f4665cc6b6a03c238f4" 
time="2017-11-15T01:17:54.801164935Z" level=debug msg="da9afe50ae9822059f1979a52dd3b8dab7a698c340760f4665cc6b6a03c238f4 (93f91f9).addSvcRecords(27341cdd9e54, 192.168.128.64, <nil>, false) updateSvcRecord sid:da9afe50ae9822059f1979a52dd3b8dab7a698c340760f4665cc6b6a03c238f4" 
time="2017-11-15T01:17:54.801597195Z" level=info msg="No non-localhost DNS nameservers are left in resolv.conf. Using default external servers: [nameserver 8.8.8.8 nameserver 8.8.4.4]" 
time="2017-11-15T01:17:54.801630513Z" level=info msg="IPv6 enabled; Adding default IPv6 external servers: [nameserver 2001:4860:4860::8888 nameserver 2001:4860:4860::8844]" 
time="2017-11-15T01:17:54.809925866Z" level=debug msg="5cb771cd67c602dc928cdd5402e1ce1e0aa57638da0c70ca02c56eb667cd7623 (93f91f9).addSvcRecords(mist28-umh1-net1-1, 192.168.131.128, <nil>, true) updateSvcRecord sid:5cb771cd67c602dc928cdd5402e1ce1e0aa57638da0c70ca02c56eb667cd7623" 
time="2017-11-15T01:17:54.809980002Z" level=debug msg="5cb771cd67c602dc928cdd5402e1ce1e0aa57638da0c70ca02c56eb667cd7623 (93f91f9).addSvcRecords(3bc811997f85, 192.168.131.128, <nil>, false) updateSvcRecord sid:5cb771cd67c602dc928cdd5402e1ce1e0aa57638da0c70ca02c56eb667cd7623" 
time="2017-11-15T01:17:54.812054092Z" level=debug msg="Programming external connectivity on endpoint mist28-umh1-net1-1 (5cb771cd67c602dc928cdd5402e1ce1e0aa57638da0c70ca02c56eb667cd7623)" 
time="2017-11-15T01:17:54.812700863Z" level=debug msg="EnableService 3bc811997f8596392f0fe3f7b692d136a3bbc759d64ae22b59611e645a37925f START" 
time="2017-11-15T01:17:54.812731309Z" level=debug msg="EnableService 3bc811997f8596392f0fe3f7b692d136a3bbc759d64ae22b59611e645a37925f DONE" 
time="2017-11-15T01:17:54.864374095Z" level=debug msg="b0e696f7a8f1a21db7d0e63e5cfd7686821fc6f2aa7fc353946cb0a5333399d9 (93f91f9).addSvcRecords(mist26-umh1-net1-1, 192.168.94.64, <nil>, true) updateSvcRecord sid:b0e696f7a8f1a21db7d0e63e5cfd7686821fc6f2aa7fc353946cb0a5333399d9" 
time="2017-11-15T01:17:54.864438084Z" level=debug msg="b0e696f7a8f1a21db7d0e63e5cfd7686821fc6f2aa7fc353946cb0a5333399d9 (93f91f9).addSvcRecords(a8be6b0d9c1e, 192.168.94.64, <nil>, false) updateSvcRecord sid:b0e696f7a8f1a21db7d0e63e5cfd7686821fc6f2aa7fc353946cb0a5333399d9" 
time="2017-11-15T01:17:54Z" level=warning msg="Running modprobe nf_nat failed with message: `ip: can't find device 'nf_nat'\nnf_nat_ipv6            16384  1 ip6table_nat\nnf_nat_masquerade_ipv4    16384  1 ipt_MASQUERADE\nnf_nat_ipv4            16384  1 iptable_nat\nnf_nat                 24576  4 nf_nat_ipv6,xt_nat,nf_nat_masquerade_ipv4,nf_nat_ipv4\nnf_conntrack          106496  8 nf_conntrack_ipv6,nf_nat_ipv6,nf_nat_masquerade_ipv4,nf_conntrack_netlink,nf_conntrack_ipv4,nf_nat_ipv4,xt_conntrack,nf_nat\nmodprobe: can't change directory to '3.19.0-25-generic': No such file or directory`, error: exit status 1" 
time="2017-11-15T01:17:54Z" level=warning msg="Running modprobe xt_conntrack failed with message: `ip: can't find device 'xt_conntrack'\nxt_conntrack           16384 15 \nnf_conntrack          106496  8 nf_conntrack_ipv6,nf_nat_ipv6,nf_nat_masquerade_ipv4,nf_conntrack_netlink,nf_conntrack_ipv4,nf_nat_ipv4,xt_conntrack,nf_nat\nx_tables               36864 19 ip6t_rpfilter,ip6table_filter,ip6table_mangle,ip6table_raw,ip6_tables,xt_set,xt_comment,iptable_raw,ipt_REJECT,xt_nat,xt_tcpudp,iptable_mangle,xt_mark,ipt_MASQUERADE,xt_addrtype,xt_conntrack,xt_multiport,iptable_filter,ip_tables\nmodprobe: can't change directory to '3.19.0-25-generic': No such file or directory`, error: exit status 1" 
time="2017-11-15T01:17:55.055870049Z" level=debug msg="sandbox set key processing took 144.160874ms for container 3bc811997f8596392f0fe3f7b692d136a3bbc759d64ae22b59611e645a37925f" 
time="2017-11-15T01:17:55.139626554Z" level=debug msg="libcontainerd: received containerd event: &types.Event{Type:\"start-container\", Id:\"3bc811997f8596392f0fe3f7b692d136a3bbc759d64ae22b59611e645a37925f\", Status:0x0, Pid:\"\", Timestamp:(*timestamp.Timestamp)(0xc420eb4210)}" 
time="2017-11-15T01:17:55.143504331Z" level=debug msg="libcontainerd: event unhandled: type:\"start-container\" id:\"3bc811997f8596392f0fe3f7b692d136a3bbc759d64ae22b59611e645a37925f\" timestamp:<seconds:1510708675 nanos:139367968 > " 
time="2017-11-15T01:17:55.221359193Z" level=debug msg="Calling GET /_ping" 
time="2017-11-15T01:17:55.226199087Z" level=debug msg="Calling POST /v1.30/containers/create?name=mist28-umh1-net1-2" 
time="2017-11-15T01:17:55.226787608Z" level=debug msg="form data: {\"AttachStderr\":false,\"AttachStdin\":false,\"AttachStdout\":false,\"Cmd\":null,\"Domainname\":\"\",\"Entrypoint\":null,\"Env\":[],\"HostConfig\":{\"AutoRemove\":false,\"Binds\":null,\"BlkioDeviceReadBps\":null,\"BlkioDeviceReadIOps\":null,\"BlkioDeviceWriteBps\":null,\"BlkioDeviceWriteIOps\":null,\"BlkioWeight\":0,\"BlkioWeightDevice\":null,\"CapAdd\":null,\"CapDrop\":null,\"Cgroup\":\"\",\"CgroupParent\":\"\",\"ConsoleSize\":[0,0],\"ContainerIDFile\":\"\",\"CpuCount\":0,\"CpuPercent\":0,\"CpuPeriod\":0,\"CpuQuota\":0,\"CpuRealtimePeriod\":0,\"CpuRealtimeRuntime\":0,\"CpuShares\":0,\"CpusetCpus\":\"\",\"CpusetMems\":\"\",\"DeviceCgroupRules\":null,\"Devices\":[],\"DiskQuota\":0,\"Dns\":[],\"DnsOptions\":[],\"DnsSearch\":[],\"ExtraHosts\":null,\"GroupAdd\":null,\"IOMaximumBandwidth\":0,\"IOMaximumIOps\":0,\"IpcMode\":\"\",\"Isolation\":\"\",\"KernelMemory\":0,\"Links\":null,\"LogConfig\":{\"Config\":{},\"Type\":\"\"},\"Memory\":0,\"MemoryReservation\":0,\"MemorySwap\":0,\"MemorySwappiness\":-1,\"NanoCpus\":0,\"NetworkMode\":\"net1\",\"OomKillDisable\":false,\"OomScoreAdj\":0,\"PidMode\":\"\",\"PidsLimit\":0,\"PortBindings\":{},\"Privileged\":false,\"PublishAllPorts\":false,\"ReadonlyRootfs\":false,\"RestartPolicy\":{\"MaximumRetryCount\":0,\"Name\":\"no\"},\"SecurityOpt\":null,\"ShmSize\":0,\"UTSMode\":\"\",\"Ulimits\":null,\"UsernsMode\":\"\",\"VolumeDriver\":\"\",\"VolumesFrom\":null},\"Hostname\":\"\",\"Image\":\"busybox\",\"Labels\":{},\"NetworkingConfig\":{\"EndpointsConfig\":{}},\"OnBuild\":null,\"OpenStdin\":true,\"StdinOnce\":false,\"Tty\":true,\"User\":\"\",\"Volumes\":{},\"WorkingDir\":\"\"}" 
time="2017-11-15T01:17:55.232500044Z" level=warning msg="Couldn't run auplink before unmount /var/lib/docker/aufs/mnt/2abd18838274cd8ed46404e0ba6d219f5f638f5c26b6fc74a69785e603ecd6b4-init: exec: \"auplink\": executable file not found in $PATH" 
time="2017-11-15T01:17:55.258168732Z" level=debug msg="f463392c3700dfa3d7a5dd11324a793c764ab9576a2d1fde738d342e95d6cdb8 (93f91f9).addSvcRecords(mist48-umh1-net1-2, 192.168.128.65, <nil>, true) updateSvcRecord sid:f463392c3700dfa3d7a5dd11324a793c764ab9576a2d1fde738d342e95d6cdb8" 
time="2017-11-15T01:17:55.258230460Z" level=debug msg="f463392c3700dfa3d7a5dd11324a793c764ab9576a2d1fde738d342e95d6cdb8 (93f91f9).addSvcRecords(84a122010f78, 192.168.128.65, <nil>, false) updateSvcRecord sid:f463392c3700dfa3d7a5dd11324a793c764ab9576a2d1fde738d342e95d6cdb8" 
time="2017-11-15T01:17:55.262408097Z" level=debug msg="container mounted via layerStore: /var/lib/docker/aufs/mnt/2abd18838274cd8ed46404e0ba6d219f5f638f5c26b6fc74a69785e603ecd6b4" 
time="2017-11-15T01:17:55.262546351Z" level=warning msg="Couldn't run auplink before unmount /var/lib/docker/aufs/mnt/2abd18838274cd8ed46404e0ba6d219f5f638f5c26b6fc74a69785e603ecd6b4: exec: \"auplink\": executable file not found in $PATH" 
time="2017-11-15T01:17:55.270111658Z" level=debug msg="26fd893310a8f34c9783d37f3ed635cfe6ca8486c33c3fd62342d2a29026f979 (93f91f9).addSvcRecords(mist41-umh1-net1-2, 192.168.57.129, <nil>, true) updateSvcRecord sid:26fd893310a8f34c9783d37f3ed635cfe6ca8486c33c3fd62342d2a29026f979" 
time="2017-11-15T01:17:55.270166236Z" level=debug msg="26fd893310a8f34c9783d37f3ed635cfe6ca8486c33c3fd62342d2a29026f979 (93f91f9).addSvcRecords(2631993d518e, 192.168.57.129, <nil>, false) updateSvcRecord sid:26fd893310a8f34c9783d37f3ed635cfe6ca8486c33c3fd62342d2a29026f979" 
time="2017-11-15T01:17:55.299209162Z" level=debug msg="Calling POST /v1.30/containers/ff7bb42eb051a26d8412ceace03227355b42618e62935d121bc9b87abf4d4b40/wait?condition=next-exit" 
time="2017-11-15T01:17:55.299950788Z" level=debug msg="Calling POST /v1.30/containers/ff7bb42eb051a26d8412ceace03227355b42618e62935d121bc9b87abf4d4b40/start" 
time="2017-11-15T01:17:55.300928089Z" level=debug msg="container mounted via layerStore: /var/lib/docker/aufs/mnt/2abd18838274cd8ed46404e0ba6d219f5f638f5c26b6fc74a69785e603ecd6b4" 
time="2017-11-15T01:17:55.309099487Z" level=debug msg="Assigning addresses for endpoint mist28-umh1-net1-2's interface on network net1" 
time="2017-11-15T01:17:55.322754257Z" level=debug msg="Calling GET /v1.21/networks/93f91f932188cbbeee7e12b5ed091fe4b7a7f0d6dcdf08584f15b6d1ba1349e8" 
time="2017-11-15T01:17:55.332098317Z" level=debug msg="Assigning addresses for endpoint mist28-umh1-net1-2's interface on network net1" 
time="2017-11-15T01:17:55.333166365Z" level=debug msg="b56994e9f45ec91da3d09e0a5576668a235d65fd54ac4c255564fca25f0f4e93 (93f91f9).addSvcRecords(mist28-umh1-net1-2, 192.168.131.129, <nil>, true) updateSvcRecord sid:b56994e9f45ec91da3d09e0a5576668a235d65fd54ac4c255564fca25f0f4e93" 
time="2017-11-15T01:17:55.333248557Z" level=debug msg="b56994e9f45ec91da3d09e0a5576668a235d65fd54ac4c255564fca25f0f4e93 (93f91f9).addSvcRecords(ff7bb42eb051, 192.168.131.129, <nil>, false) updateSvcRecord sid:b56994e9f45ec91da3d09e0a5576668a235d65fd54ac4c255564fca25f0f4e93" 
time="2017-11-15T01:17:55.337407764Z" level=info msg="No non-localhost DNS nameservers are left in resolv.conf. Using default external servers: [nameserver 8.8.8.8 nameserver 8.8.4.4]" 
time="2017-11-15T01:17:55.337439157Z" level=info msg="IPv6 enabled; Adding default IPv6 external servers: [nameserver 2001:4860:4860::8888 nameserver 2001:4860:4860::8844]" 
time="2017-11-15T01:17:55.345580378Z" level=debug msg="b56994e9f45ec91da3d09e0a5576668a235d65fd54ac4c255564fca25f0f4e93 (93f91f9).addSvcRecords(mist28-umh1-net1-2, 192.168.131.129, <nil>, true) updateSvcRecord sid:b56994e9f45ec91da3d09e0a5576668a235d65fd54ac4c255564fca25f0f4e93" 
time="2017-11-15T01:17:55.345633502Z" level=debug msg="b56994e9f45ec91da3d09e0a5576668a235d65fd54ac4c255564fca25f0f4e93 (93f91f9).addSvcRecords(ff7bb42eb051, 192.168.131.129, <nil>, false) updateSvcRecord sid:b56994e9f45ec91da3d09e0a5576668a235d65fd54ac4c255564fca25f0f4e93" 
time="2017-11-15T01:17:55.347141236Z" level=debug msg="Programming external connectivity on endpoint mist28-umh1-net1-2 (b56994e9f45ec91da3d09e0a5576668a235d65fd54ac4c255564fca25f0f4e93)" 
time="2017-11-15T01:17:55.347453089Z" level=debug msg="EnableService ff7bb42eb051a26d8412ceace03227355b42618e62935d121bc9b87abf4d4b40 START" 
time="2017-11-15T01:17:55.347475980Z" level=debug msg="EnableService ff7bb42eb051a26d8412ceace03227355b42618e62935d121bc9b87abf4d4b40 DONE" 
time="2017-11-15T01:17:55.473791314Z" level=debug msg="1a251f894f7ccf1933d08412042c230999d328d45e7e91c7899723ec7a826ca5 (93f91f9).addSvcRecords(mist26-umh1-net1-2, 192.168.94.65, <nil>, true) updateSvcRecord sid:1a251f894f7ccf1933d08412042c230999d328d45e7e91c7899723ec7a826ca5" 
time="2017-11-15T01:17:55.473861773Z" level=debug msg="1a251f894f7ccf1933d08412042c230999d328d45e7e91c7899723ec7a826ca5 (93f91f9).addSvcRecords(ae0a5f95dd72, 192.168.94.65, <nil>, false) updateSvcRecord sid:1a251f894f7ccf1933d08412042c230999d328d45e7e91c7899723ec7a826ca5" 
time="2017-11-15T01:17:55Z" level=warning msg="Running modprobe nf_nat failed with message: `ip: can't find device 'nf_nat'\nnf_nat_ipv6            16384  1 ip6table_nat\nnf_nat_masquerade_ipv4    16384  1 ipt_MASQUERADE\nnf_nat_ipv4            16384  1 iptable_nat\nnf_nat                 24576  4 nf_nat_ipv6,xt_nat,nf_nat_masquerade_ipv4,nf_nat_ipv4\nnf_conntrack          106496  8 nf_conntrack_ipv6,nf_nat_ipv6,nf_nat_masquerade_ipv4,nf_conntrack_netlink,nf_conntrack_ipv4,nf_nat_ipv4,xt_conntrack,nf_nat\nmodprobe: can't change directory to '3.19.0-25-generic': No such file or directory`, error: exit status 1" 
time="2017-11-15T01:17:55Z" level=warning msg="Running modprobe xt_conntrack failed with message: `ip: can't find device 'xt_conntrack'\nxt_conntrack           16384 23 \nnf_conntrack          106496  8 nf_conntrack_ipv6,nf_nat_ipv6,nf_nat_masquerade_ipv4,nf_conntrack_netlink,nf_conntrack_ipv4,nf_nat_ipv4,xt_conntrack,nf_nat\nx_tables               36864 19 ip6t_rpfilter,ip6table_filter,ip6table_mangle,ip6table_raw,ip6_tables,xt_set,xt_comment,iptable_raw,ipt_REJECT,xt_nat,xt_tcpudp,iptable_mangle,xt_mark,ipt_MASQUERADE,xt_addrtype,xt_conntrack,xt_multiport,iptable_filter,ip_tables\nmodprobe: can't change directory to '3.19.0-25-generic': No such file or directory`, error: exit status 1" 
time="2017-11-15T01:17:55.585521718Z" level=debug msg="sandbox set key processing took 142.143576ms for container ff7bb42eb051a26d8412ceace03227355b42618e62935d121bc9b87abf4d4b40" 
time="2017-11-15T01:17:55.669675619Z" level=debug msg="Watch triggered with 1 nodes" discovery=etcd 
time="2017-11-15T01:17:55.670754081Z" level=debug msg="libcontainerd: received containerd event: &types.Event{Type:\"start-container\", Id:\"ff7bb42eb051a26d8412ceace03227355b42618e62935d121bc9b87abf4d4b40\", Status:0x0, Pid:\"\", Timestamp:(*timestamp.Timestamp)(0xc4208c6790)}" 
time="2017-11-15T01:17:55.674021238Z" level=debug msg="libcontainerd: event unhandled: type:\"start-container\" id:\"ff7bb42eb051a26d8412ceace03227355b42618e62935d121bc9b87abf4d4b40\" timestamp:<seconds:1510708675 nanos:670546574 > " 
time="2017-11-15T01:18:10.649177644Z" level=debug msg="Watch triggered with 1 nodes" discovery=etcd 
time="2017-11-15T01:18:10.773768923Z" level=debug msg="Watch triggered with 1 nodes" discovery=etcd 
time="2017-11-15T01:18:10.894929158Z" level=debug msg="Watch triggered with 1 nodes" discovery=etcd 
time="2017-11-15T01:18:15.670506728Z" level=debug msg="Watch triggered with 1 nodes" discovery=etcd 
