time="2017-11-15T01:17:10.660882830Z" level=warning msg="could not change group /var/run/docker.sock to docker: group docker not found" 
time="2017-11-15T01:17:10.661105588Z" level=warning msg="[!] DON'T BIND ON ANY IP ADDRESS WITHOUT setting --tlsverify IF YOU DON'T KNOW WHAT YOU'RE DOING [!]" 
time="2017-11-15T01:17:10.661374269Z" level=warning msg="libcontainerd: makeUpgradeProof could not open /var/run/docker/libcontainerd/containerd" 
time="2017-11-15T01:17:10.662605801Z" level=info msg="libcontainerd: new containerd process, pid: 25" 
time="2017-11-15T01:17:11.663899526Z" level=warning msg="failed to rename /var/lib/docker/tmp for background deletion: rename /var/lib/docker/tmp /var/lib/docker/tmp-old: no such file or directory. Deleting synchronously" 
time="2017-11-15T01:17:11.721781701Z" level=info msg="Graph migration to content-addressability took 0.00 seconds" 
time="2017-11-15T01:17:11.722049378Z" level=warning msg="Your kernel does not support swap memory limit" 
time="2017-11-15T01:17:11.722119712Z" level=warning msg="Your kernel does not support cgroup rt period" 
time="2017-11-15T01:17:11.722134651Z" level=warning msg="Your kernel does not support cgroup rt runtime" 
time="2017-11-15T01:17:11.722263773Z" level=warning msg="mountpoint for pids not found" 
time="2017-11-15T01:17:11.722674041Z" level=info msg="Loading containers: start." 
time="2017-11-15T01:17:11.734839918Z" level=warning msg="Running modprobe bridge br_netfilter failed with message: ip: can't find device 'bridge'\nbridge                110592  1 br_netfilter\nstp                    16384  1 bridge\nllc                    16384  2 bridge,stp\nip: can't find device 'br_netfilter'\nbr_netfilter           20480  0 \nbridge                110592  1 br_netfilter\nmodprobe: can't change directory to '/lib/modules': No such file or directory\n, error: exit status 1" 
time="2017-11-15T01:17:11.741722052Z" level=warning msg="Running modprobe nf_nat failed with message: `ip: can't find device 'nf_nat'\nnf_nat_masquerade_ipv4    16384  1 ipt_MASQUERADE\nnf_nat_ipv4            16384  1 iptable_nat\nnf_nat                 24576  3 xt_nat,nf_nat_masquerade_ipv4,nf_nat_ipv4\nnf_conntrack          106496  6 nf_nat_masquerade_ipv4,nf_conntrack_netlink,nf_conntrack_ipv4,nf_nat_ipv4,xt_conntrack,nf_nat\nmodprobe: can't change directory to '/lib/modules': No such file or directory`, error: exit status 1" 
time="2017-11-15T01:17:11.748227912Z" level=warning msg="Running modprobe xt_conntrack failed with message: `ip: can't find device 'xt_conntrack'\nxt_conntrack           16384  2 \nnf_conntrack          106496  6 nf_nat_masquerade_ipv4,nf_conntrack_netlink,nf_conntrack_ipv4,nf_nat_ipv4,xt_conntrack,nf_nat\nx_tables               36864 14 xt_comment,xt_set,iptable_raw,ipt_REJECT,xt_nat,xt_tcpudp,iptable_mangle,xt_mark,ipt_MASQUERADE,xt_addrtype,xt_conntrack,xt_multiport,iptable_filter,ip_tables\nmodprobe: can't change directory to '/lib/modules': No such file or directory`, error: exit status 1" 
time="2017-11-15T01:17:11.839600279Z" level=info msg="Default bridge (docker0) is assigned with an IP address 172.17.0.0/16. Daemon option --bip can be used to set a preferred IP address" 
time="2017-11-15T01:17:11.894230017Z" level=info msg="Loading containers: done." 
time="2017-11-15T01:17:11.895848950Z" level=warning msg="Couldn't run auplink before unmount /var/lib/docker/tmp/docker-aufs-union503529981: exec: \"auplink\": executable file not found in $PATH" 
time="2017-11-15T01:17:11.930297675Z" level=info msg="Daemon has completed initialization" 
time="2017-11-15T01:17:11.930348210Z" level=info msg="Docker daemon" commit=cec0b72 graphdriver=aufs version=17.06.2-ce 
time="2017-11-15T01:17:11.946443509Z" level=info msg="API listen on /var/run/docker.sock" 
time="2017-11-15T01:17:11.946452475Z" level=info msg="API listen on [::]:2375" 
time="2017-11-15T01:17:15.857104534Z" level=info msg="Got signal to reload configuration, reloading from: /etc/docker/daemon.json" 
time="2017-11-15T01:17:15.857670314Z" level=info msg="Initializing discovery without TLS" 
time="2017-11-15T01:17:15.873472153Z" level=debug msg="Registering routers" 
time="2017-11-15T01:17:15.873510757Z" level=debug msg="Registering GET, /containers/{name:.*}/checkpoints" 
time="2017-11-15T01:17:15.873761327Z" level=debug msg="Registering POST, /containers/{name:.*}/checkpoints" 
time="2017-11-15T01:17:15.873937377Z" level=debug msg="Registering DELETE, /containers/{name}/checkpoints/{checkpoint}" 
time="2017-11-15T01:17:15.874182652Z" level=debug msg="Registering HEAD, /containers/{name:.*}/archive" 
time="2017-11-15T01:17:15.874362817Z" level=debug msg="Registering GET, /containers/json" 
time="2017-11-15T01:17:15.874484464Z" level=debug msg="Registering GET, /containers/{name:.*}/export" 
time="2017-11-15T01:17:15.874633078Z" level=debug msg="Registering GET, /containers/{name:.*}/changes" 
time="2017-11-15T01:17:15.874803516Z" level=debug msg="Registering GET, /containers/{name:.*}/json" 
time="2017-11-15T01:17:15.874938060Z" level=debug msg="Registering GET, /containers/{name:.*}/top" 
time="2017-11-15T01:17:15.875086400Z" level=debug msg="Registering GET, /containers/{name:.*}/logs" 
time="2017-11-15T01:17:15.875228871Z" level=debug msg="Registering GET, /containers/{name:.*}/stats" 
time="2017-11-15T01:17:15.875382217Z" level=debug msg="Registering GET, /containers/{name:.*}/attach/ws" 
time="2017-11-15T01:17:15.875562574Z" level=debug msg="Registering GET, /exec/{id:.*}/json" 
time="2017-11-15T01:17:15.875702078Z" level=debug msg="Registering GET, /containers/{name:.*}/archive" 
time="2017-11-15T01:17:15.875855579Z" level=debug msg="Registering POST, /containers/create" 
time="2017-11-15T01:17:15.875963195Z" level=debug msg="Registering POST, /containers/{name:.*}/kill" 
time="2017-11-15T01:17:15.876107825Z" level=debug msg="Registering POST, /containers/{name:.*}/pause" 
time="2017-11-15T01:17:15.876251652Z" level=debug msg="Registering POST, /containers/{name:.*}/unpause" 
time="2017-11-15T01:17:15.876405000Z" level=debug msg="Registering POST, /containers/{name:.*}/restart" 
time="2017-11-15T01:17:15.876566811Z" level=debug msg="Registering POST, /containers/{name:.*}/start" 
time="2017-11-15T01:17:15.876717980Z" level=debug msg="Registering POST, /containers/{name:.*}/stop" 
time="2017-11-15T01:17:15.876851402Z" level=debug msg="Registering POST, /containers/{name:.*}/wait" 
time="2017-11-15T01:17:15.877011454Z" level=debug msg="Registering POST, /containers/{name:.*}/resize" 
time="2017-11-15T01:17:15.877207008Z" level=debug msg="Registering POST, /containers/{name:.*}/attach" 
time="2017-11-15T01:17:15.877362011Z" level=debug msg="Registering POST, /containers/{name:.*}/copy" 
time="2017-11-15T01:17:15.877522776Z" level=debug msg="Registering POST, /containers/{name:.*}/exec" 
time="2017-11-15T01:17:15.877660842Z" level=debug msg="Registering POST, /exec/{name:.*}/start" 
time="2017-11-15T01:17:15.877797746Z" level=debug msg="Registering POST, /exec/{name:.*}/resize" 
time="2017-11-15T01:17:15.877931569Z" level=debug msg="Registering POST, /containers/{name:.*}/rename" 
time="2017-11-15T01:17:15.878066563Z" level=debug msg="Registering POST, /containers/{name:.*}/update" 
time="2017-11-15T01:17:15.878244365Z" level=debug msg="Registering POST, /containers/prune" 
time="2017-11-15T01:17:15.878357511Z" level=debug msg="Registering PUT, /containers/{name:.*}/archive" 
time="2017-11-15T01:17:15.878504247Z" level=debug msg="Registering DELETE, /containers/{name:.*}" 
time="2017-11-15T01:17:15.878654011Z" level=debug msg="Registering GET, /images/json" 
time="2017-11-15T01:17:15.878769008Z" level=debug msg="Registering GET, /images/search" 
time="2017-11-15T01:17:15.878879672Z" level=debug msg="Registering GET, /images/get" 
time="2017-11-15T01:17:15.878969511Z" level=debug msg="Registering GET, /images/{name:.*}/get" 
time="2017-11-15T01:17:15.879110545Z" level=debug msg="Registering GET, /images/{name:.*}/history" 
time="2017-11-15T01:17:15.879248187Z" level=debug msg="Registering GET, /images/{name:.*}/json" 
time="2017-11-15T01:17:15.879374156Z" level=debug msg="Registering POST, /commit" 
time="2017-11-15T01:17:15.879478488Z" level=debug msg="Registering POST, /images/load" 
time="2017-11-15T01:17:15.879572866Z" level=debug msg="Registering POST, /images/create" 
time="2017-11-15T01:17:15.879680442Z" level=debug msg="Registering POST, /images/{name:.*}/push" 
time="2017-11-15T01:17:15.879811171Z" level=debug msg="Registering POST, /images/{name:.*}/tag" 
time="2017-11-15T01:17:15.879949962Z" level=debug msg="Registering POST, /images/prune" 
time="2017-11-15T01:17:15.880053131Z" level=debug msg="Registering DELETE, /images/{name:.*}" 
time="2017-11-15T01:17:15.880196010Z" level=debug msg="Registering OPTIONS, /{anyroute:.*}" 
time="2017-11-15T01:17:15.880307004Z" level=debug msg="Registering GET, /_ping" 
time="2017-11-15T01:17:15.880423033Z" level=debug msg="Registering GET, /events" 
time="2017-11-15T01:17:15.880504839Z" level=debug msg="Registering GET, /info" 
time="2017-11-15T01:17:15.880577128Z" level=debug msg="Registering GET, /version" 
time="2017-11-15T01:17:15.880659689Z" level=debug msg="Registering GET, /system/df" 
time="2017-11-15T01:17:15.880771413Z" level=debug msg="Registering POST, /auth" 
time="2017-11-15T01:17:15.880841397Z" level=debug msg="Registering GET, /volumes" 
time="2017-11-15T01:17:15.880927413Z" level=debug msg="Registering GET, /volumes/{name:.*}" 
time="2017-11-15T01:17:15.881066380Z" level=debug msg="Registering POST, /volumes/create" 
time="2017-11-15T01:17:15.881204217Z" level=debug msg="Registering POST, /volumes/prune" 
time="2017-11-15T01:17:15.881310522Z" level=debug msg="Registering DELETE, /volumes/{name:.*}" 
time="2017-11-15T01:17:15.881453434Z" level=debug msg="Registering POST, /build" 
time="2017-11-15T01:17:15.881527805Z" level=debug msg="Registering POST, /swarm/init" 
time="2017-11-15T01:17:15.881623441Z" level=debug msg="Registering POST, /swarm/join" 
time="2017-11-15T01:17:15.881711223Z" level=debug msg="Registering POST, /swarm/leave" 
time="2017-11-15T01:17:15.881794774Z" level=debug msg="Registering GET, /swarm" 
time="2017-11-15T01:17:15.881869698Z" level=debug msg="Registering GET, /swarm/unlockkey" 
time="2017-11-15T01:17:15.881984042Z" level=debug msg="Registering POST, /swarm/update" 
time="2017-11-15T01:17:15.882091120Z" level=debug msg="Registering POST, /swarm/unlock" 
time="2017-11-15T01:17:15.882190192Z" level=debug msg="Registering GET, /services" 
time="2017-11-15T01:17:15.882279183Z" level=debug msg="Registering GET, /services/{id}" 
time="2017-11-15T01:17:15.882417412Z" level=debug msg="Registering POST, /services/create" 
time="2017-11-15T01:17:15.882518680Z" level=debug msg="Registering POST, /services/{id}/update" 
time="2017-11-15T01:17:15.882678643Z" level=debug msg="Registering DELETE, /services/{id}" 
time="2017-11-15T01:17:15.882808762Z" level=debug msg="Registering GET, /services/{id}/logs" 
time="2017-11-15T01:17:15.882957523Z" level=debug msg="Registering GET, /nodes" 
time="2017-11-15T01:17:15.883037352Z" level=debug msg="Registering GET, /nodes/{id}" 
time="2017-11-15T01:17:15.883178230Z" level=debug msg="Registering DELETE, /nodes/{id}" 
time="2017-11-15T01:17:15.883294263Z" level=debug msg="Registering POST, /nodes/{id}/update" 
time="2017-11-15T01:17:15.883438799Z" level=debug msg="Registering GET, /tasks" 
time="2017-11-15T01:17:15.883508806Z" level=debug msg="Registering GET, /tasks/{id}" 
time="2017-11-15T01:17:15.883646416Z" level=debug msg="Registering GET, /tasks/{id}/logs" 
time="2017-11-15T01:17:15.883793856Z" level=debug msg="Registering GET, /secrets" 
time="2017-11-15T01:17:15.883880299Z" level=debug msg="Registering POST, /secrets/create" 
time="2017-11-15T01:17:15.883977223Z" level=debug msg="Registering DELETE, /secrets/{id}" 
time="2017-11-15T01:17:15.884121938Z" level=debug msg="Registering GET, /secrets/{id}" 
time="2017-11-15T01:17:15.884248645Z" level=debug msg="Registering POST, /secrets/{id}/update" 
time="2017-11-15T01:17:15.884405343Z" level=debug msg="Registering GET, /configs" 
time="2017-11-15T01:17:15.884508760Z" level=debug msg="Registering POST, /configs/create" 
time="2017-11-15T01:17:15.884602935Z" level=debug msg="Registering DELETE, /configs/{id}" 
time="2017-11-15T01:17:15.884736361Z" level=debug msg="Registering GET, /configs/{id}" 
time="2017-11-15T01:17:15.884872945Z" level=debug msg="Registering POST, /configs/{id}/update" 
time="2017-11-15T01:17:15.885021333Z" level=debug msg="Registering GET, /plugins" 
time="2017-11-15T01:17:15.885126584Z" level=debug msg="Registering GET, /plugins/{name:.*}/json" 
time="2017-11-15T01:17:15.885289129Z" level=debug msg="Registering GET, /plugins/privileges" 
time="2017-11-15T01:17:15.885393905Z" level=debug msg="Registering DELETE, /plugins/{name:.*}" 
time="2017-11-15T01:17:15.885537688Z" level=debug msg="Registering POST, /plugins/{name:.*}/enable" 
time="2017-11-15T01:17:15.885675982Z" level=debug msg="Registering POST, /plugins/{name:.*}/disable" 
time="2017-11-15T01:17:15.885815621Z" level=debug msg="Registering POST, /plugins/pull" 
time="2017-11-15T01:17:15.885923946Z" level=debug msg="Registering POST, /plugins/{name:.*}/push" 
time="2017-11-15T01:17:15.886053348Z" level=debug msg="Registering POST, /plugins/{name:.*}/upgrade" 
time="2017-11-15T01:17:15.886194845Z" level=debug msg="Registering POST, /plugins/{name:.*}/set" 
time="2017-11-15T01:17:15.886320960Z" level=debug msg="Registering POST, /plugins/create" 
time="2017-11-15T01:17:15.886439223Z" level=debug msg="Registering GET, /distribution/{name:.*}/json" 
time="2017-11-15T01:17:15.886590338Z" level=debug msg="Registering GET, /networks" 
time="2017-11-15T01:17:15.886685227Z" level=debug msg="Registering GET, /networks/" 
time="2017-11-15T01:17:15.886773160Z" level=debug msg="Registering GET, /networks/{id:.+}" 
time="2017-11-15T01:17:15.886920534Z" level=debug msg="Registering POST, /networks/create" 
time="2017-11-15T01:17:15.887021194Z" level=debug msg="Registering POST, /networks/{id:.*}/connect" 
time="2017-11-15T01:17:15.887160232Z" level=debug msg="Registering POST, /networks/{id:.*}/disconnect" 
time="2017-11-15T01:17:15.887300671Z" level=debug msg="Registering POST, /networks/prune" 
time="2017-11-15T01:17:15.887410604Z" level=debug msg="Registering DELETE, /networks/{id:.*}" 
time="2017-11-15T01:17:16.360058788Z" level=debug msg="Watch triggered with 1 nodes" discovery=etcd 
time="2017-11-15T01:17:16.360986292Z" level=warning msg="Multi-Host overlay networking requires cluster-advertise(128.101.118.108) to be configured with a local ip-address that is reachable within the cluster" 
time="2017-11-15T01:17:16.361219715Z" level=error msg="initializing serf instance failed: failed to create cluster node: Failed to create memberlist: Could not set up network transport: Failed to start TCP listener on \"128.101.118.108\" port 7946: listen tcp 128.101.118.108:7946: bind: cannot assign requested address" 
time="2017-11-15T01:17:31.330438628Z" level=debug msg="Watch triggered with 1 nodes" discovery=etcd 
time="2017-11-15T01:17:31.463397085Z" level=debug msg="Watch triggered with 1 nodes" discovery=etcd 
time="2017-11-15T01:17:31.576240150Z" level=debug msg="Watch triggered with 1 nodes" discovery=etcd 
time="2017-11-15T01:17:34.675445954Z" level=debug msg="Calling GET /_ping" 
time="2017-11-15T01:17:34.678824320Z" level=debug msg="Calling POST /v1.30/containers/create?name=calico-node" 
time="2017-11-15T01:17:34.679376776Z" level=debug msg="form data: {\"AttachStderr\":false,\"AttachStdin\":false,\"AttachStdout\":false,\"Cmd\":null,\"Domainname\":\"\",\"Entrypoint\":null,\"Env\":[\"NODENAME=\",\"IP=10.0.0.2\",\"CALICO_NETWORKING_BACKEND=bird\",\"CALICO_LIBNETWORK_ENABLED=true\",\"ETCD_ENDPOINTS=http://128.101.118.108:2379\"],\"HostConfig\":{\"AutoRemove\":true,\"Binds\":[\"/run:/run\",\"/run/docker/plugins:/run/docker/plugins\",\"/var/run/docker.sock:/var/run/docker.sock\",\"/var/log/calico:/var/log/calico\",\"/var/run/calico:/var/run/calico\",\"/lib/modules:/lib/modules\"],\"BlkioDeviceReadBps\":null,\"BlkioDeviceReadIOps\":null,\"BlkioDeviceWriteBps\":null,\"BlkioDeviceWriteIOps\":null,\"BlkioWeight\":0,\"BlkioWeightDevice\":null,\"CapAdd\":null,\"CapDrop\":null,\"Cgroup\":\"\",\"CgroupParent\":\"\",\"ConsoleSize\":[0,0],\"ContainerIDFile\":\"\",\"CpuCount\":0,\"CpuPercent\":0,\"CpuPeriod\":0,\"CpuQuota\":0,\"CpuRealtimePeriod\":0,\"CpuRealtimeRuntime\":0,\"CpuShares\":0,\"CpusetCpus\":\"\",\"CpusetMems\":\"\",\"DeviceCgroupRules\":null,\"Devices\":[],\"DiskQuota\":0,\"Dns\":[],\"DnsOptions\":[],\"DnsSearch\":[],\"ExtraHosts\":null,\"GroupAdd\":null,\"IOMaximumBandwidth\":0,\"IOMaximumIOps\":0,\"IpcMode\":\"\",\"Isolation\":\"\",\"KernelMemory\":0,\"Links\":null,\"LogConfig\":{\"Config\":{},\"Type\":\"\"},\"Memory\":0,\"MemoryReservation\":0,\"MemorySwap\":0,\"MemorySwappiness\":-1,\"NanoCpus\":0,\"NetworkMode\":\"host\",\"OomKillDisable\":false,\"OomScoreAdj\":0,\"PidMode\":\"\",\"PidsLimit\":0,\"PortBindings\":{},\"Privileged\":true,\"PublishAllPorts\":false,\"ReadonlyRootfs\":false,\"RestartPolicy\":{\"MaximumRetryCount\":0,\"Name\":\"no\"},\"SecurityOpt\":null,\"ShmSize\":0,\"UTSMode\":\"\",\"Ulimits\":null,\"UsernsMode\":\"\",\"VolumeDriver\":\"\",\"VolumesFrom\":null},\"Hostname\":\"\",\"Image\":\"quay.io/calico/node:v2.6.2\",\"Labels\":{},\"NetworkingConfig\":{\"EndpointsConfig\":{}},\"OnBuild\":null,\"OpenStdin\":false,\"StdinOnce\":false,\"Tty\":false,\"User\":\"\",\"Volumes\":{},\"WorkingDir\":\"\"}" 
time="2017-11-15T01:17:34.683937153Z" level=debug msg="Calling POST /v1.30/images/create?fromImage=quay.io%2Fcalico%2Fnode&tag=v2.6.2" 
time="2017-11-15T01:17:34.687769173Z" level=debug msg="hostDir: /etc/docker/certs.d/quay.io" 
time="2017-11-15T01:17:34.687832776Z" level=debug msg="Trying to pull quay.io/calico/node from https://quay.io v2" 
time="2017-11-15T01:17:34.958751086Z" level=debug msg="Increasing token expiration to: 60 seconds" 
time="2017-11-15T01:17:35.240101183Z" level=debug msg="Pulling ref from V2 registry: quay.io/calico/node:v2.6.2" 
time="2017-11-15T01:17:35.241510884Z" level=debug msg="pulling blob \"sha256:451e44d240b0964e03932d25c4d4726043a9f0a5dd2060c685e50a62240ad272\"" 
time="2017-11-15T01:17:35.241569208Z" level=debug msg="pulling blob \"sha256:564d30bd7dc2f4cabf814e319c81d81aae2acd8cb5e81715848c35ed754fa590\"" 
time="2017-11-15T01:17:35.241512099Z" level=debug msg="pulling blob \"sha256:88286f41530e93dffd4b964e1db22ce4939fffa4a4c665dab8591fbab03d4926\"" 
time="2017-11-15T01:17:35.541524791Z" level=debug msg="Downloaded 451e44d240b0 to tempfile /var/lib/docker/tmp/GetImageBlob157517624" 
time="2017-11-15T01:17:35.541589213Z" level=debug msg="pulling blob \"sha256:39b8f29b8ec96fb7d173a0f7eaea5c566a64793991c82fceba366277dbff4e99\"" 
time="2017-11-15T01:17:35.547525108Z" level=debug msg="Downloaded 88286f41530e to tempfile /var/lib/docker/tmp/GetImageBlob778780970" 
time="2017-11-15T01:17:35.547608247Z" level=debug msg="pulling blob \"sha256:cd8e6a6bdbfe683706f9b9ec30fdd00b204a16bfad5fe4a23d9c024c80eaf5dd\"" 
time="2017-11-15T01:17:35.732033532Z" level=debug msg="Applied tar sha256:5bef08742407efd622d243692b79ba0055383bbce12900324f75e56f589aedb0 to c26ceeecbb1579a8147785d47b0c45930f0da0bae2758bf7365a4937308713e3, size: 3965955" 
time="2017-11-15T01:17:35.828819192Z" level=debug msg="Downloaded 39b8f29b8ec9 to tempfile /var/lib/docker/tmp/GetImageBlob968649345" 
time="2017-11-15T01:17:35.866171474Z" level=debug msg="Watch triggered with 1 nodes" discovery=etcd 
time="2017-11-15T01:17:36.108398110Z" level=debug msg="Applied tar sha256:ab0cb0fa66e1f975e4a703584be5249113b8ace4584e50bb0638d53183d9e32f to 75b1e0516769d5969660f6a30df6bfdd5948a5eb1915e6e8ac269eea49e54e4e, size: 7112094" 
time="2017-11-15T01:17:36.381279047Z" level=debug msg="Downloaded 564d30bd7dc2 to tempfile /var/lib/docker/tmp/GetImageBlob837475127" 
time="2017-11-15T01:17:36.445952356Z" level=debug msg="Applied tar sha256:ad3d5ca9ce21152e711e807ad8e2a5ea77beee60049f840df235fda6c98c3784 to 456ac5110e6ee93137ad802992710ceb87e54600dbeeb44dd472483eeb305ba5, size: 231875" 
time="2017-11-15T01:17:36.676540582Z" level=debug msg="Applied tar sha256:52d031a668094eb8f3232988bf62f53825446fb71bbe219018f42ff831c38520 to 0a40b42be8d7263dfd055feb504deca94fcdb1769d79f4787e072fa08a87a3c5, size: 4496168" 
time="2017-11-15T01:17:37.585297296Z" level=debug msg="Downloaded cd8e6a6bdbfe to tempfile /var/lib/docker/tmp/GetImageBlob126071276" 
time="2017-11-15T01:17:41.043301458Z" level=debug msg="Applied tar sha256:de86c18b49a84840179a315b1d31907cd11d74fe0e605c3b58904f54058e4f21 to c6b7b70c0539a825d1cb3d62a682dbed11edcb01095092f8f9447fbbcd670def, size: 265837527" 
time="2017-11-15T01:17:41.056877686Z" level=debug msg="Calling POST /v1.30/containers/create?name=calico-node" 
time="2017-11-15T01:17:41.057501660Z" level=debug msg="form data: {\"AttachStderr\":false,\"AttachStdin\":false,\"AttachStdout\":false,\"Cmd\":null,\"Domainname\":\"\",\"Entrypoint\":null,\"Env\":[\"NODENAME=\",\"IP=10.0.0.2\",\"CALICO_NETWORKING_BACKEND=bird\",\"CALICO_LIBNETWORK_ENABLED=true\",\"ETCD_ENDPOINTS=http://128.101.118.108:2379\"],\"HostConfig\":{\"AutoRemove\":true,\"Binds\":[\"/run:/run\",\"/run/docker/plugins:/run/docker/plugins\",\"/var/run/docker.sock:/var/run/docker.sock\",\"/var/log/calico:/var/log/calico\",\"/var/run/calico:/var/run/calico\",\"/lib/modules:/lib/modules\"],\"BlkioDeviceReadBps\":null,\"BlkioDeviceReadIOps\":null,\"BlkioDeviceWriteBps\":null,\"BlkioDeviceWriteIOps\":null,\"BlkioWeight\":0,\"BlkioWeightDevice\":null,\"CapAdd\":null,\"CapDrop\":null,\"Cgroup\":\"\",\"CgroupParent\":\"\",\"ConsoleSize\":[0,0],\"ContainerIDFile\":\"\",\"CpuCount\":0,\"CpuPercent\":0,\"CpuPeriod\":0,\"CpuQuota\":0,\"CpuRealtimePeriod\":0,\"CpuRealtimeRuntime\":0,\"CpuShares\":0,\"CpusetCpus\":\"\",\"CpusetMems\":\"\",\"DeviceCgroupRules\":null,\"Devices\":[],\"DiskQuota\":0,\"Dns\":[],\"DnsOptions\":[],\"DnsSearch\":[],\"ExtraHosts\":null,\"GroupAdd\":null,\"IOMaximumBandwidth\":0,\"IOMaximumIOps\":0,\"IpcMode\":\"\",\"Isolation\":\"\",\"KernelMemory\":0,\"Links\":null,\"LogConfig\":{\"Config\":{},\"Type\":\"\"},\"Memory\":0,\"MemoryReservation\":0,\"MemorySwap\":0,\"MemorySwappiness\":-1,\"NanoCpus\":0,\"NetworkMode\":\"host\",\"OomKillDisable\":false,\"OomScoreAdj\":0,\"PidMode\":\"\",\"PidsLimit\":0,\"PortBindings\":{},\"Privileged\":true,\"PublishAllPorts\":false,\"ReadonlyRootfs\":false,\"RestartPolicy\":{\"MaximumRetryCount\":0,\"Name\":\"no\"},\"SecurityOpt\":null,\"ShmSize\":0,\"UTSMode\":\"\",\"Ulimits\":null,\"UsernsMode\":\"\",\"VolumeDriver\":\"\",\"VolumesFrom\":null},\"Hostname\":\"\",\"Image\":\"quay.io/calico/node:v2.6.2\",\"Labels\":{},\"NetworkingConfig\":{\"EndpointsConfig\":{}},\"OnBuild\":null,\"OpenStdin\":false,\"StdinOnce\":false,\"Tty\":false,\"User\":\"\",\"Volumes\":{},\"WorkingDir\":\"\"}" 
time="2017-11-15T01:17:41.061687300Z" level=warning msg="Couldn't run auplink before unmount /var/lib/docker/aufs/mnt/347842cec3187b92108debc55e0deb241993e590f8c685f356646c24afc844ab-init: exec: \"auplink\": executable file not found in $PATH" 
time="2017-11-15T01:17:41.079983147Z" level=debug msg="container mounted via layerStore: /var/lib/docker/aufs/mnt/347842cec3187b92108debc55e0deb241993e590f8c685f356646c24afc844ab" 
time="2017-11-15T01:17:41.080094212Z" level=warning msg="Couldn't run auplink before unmount /var/lib/docker/aufs/mnt/347842cec3187b92108debc55e0deb241993e590f8c685f356646c24afc844ab: exec: \"auplink\": executable file not found in $PATH" 
time="2017-11-15T01:17:41.090170620Z" level=debug msg="Calling POST /v1.30/containers/8c4f3578b863ad68f38ee4edc77c313329bfd8a700dbc459c1ca9fb5e443aa02/wait?condition=removed" 
time="2017-11-15T01:17:41.090932760Z" level=debug msg="Calling POST /v1.30/containers/8c4f3578b863ad68f38ee4edc77c313329bfd8a700dbc459c1ca9fb5e443aa02/start" 
time="2017-11-15T01:17:41.091855825Z" level=debug msg="container mounted via layerStore: /var/lib/docker/aufs/mnt/347842cec3187b92108debc55e0deb241993e590f8c685f356646c24afc844ab" 
time="2017-11-15T01:17:41.136751883Z" level=debug msg="EnableService 8c4f3578b863ad68f38ee4edc77c313329bfd8a700dbc459c1ca9fb5e443aa02 START" 
time="2017-11-15T01:17:41.136789456Z" level=debug msg="EnableService 8c4f3578b863ad68f38ee4edc77c313329bfd8a700dbc459c1ca9fb5e443aa02 DONE" 
time="2017-11-15T01:17:41.221861396Z" level=debug msg="libcontainerd: received containerd event: &types.Event{Type:\"start-container\", Id:\"8c4f3578b863ad68f38ee4edc77c313329bfd8a700dbc459c1ca9fb5e443aa02\", Status:0x0, Pid:\"\", Timestamp:(*timestamp.Timestamp)(0xc420ada1e0)}" 
time="2017-11-15T01:17:41.224686632Z" level=debug msg="libcontainerd: event unhandled: type:\"start-container\" id:\"8c4f3578b863ad68f38ee4edc77c313329bfd8a700dbc459c1ca9fb5e443aa02\" timestamp:<seconds:1510708661 nanos:221418010 > " 
time="2017-11-15T01:17:50.829783249Z" level=debug msg="Watch triggered with 1 nodes" discovery=etcd 
time="2017-11-15T01:17:50.964079371Z" level=debug msg="Watch triggered with 1 nodes" discovery=etcd 
time="2017-11-15T01:17:51.076809171Z" level=debug msg="Watch triggered with 1 nodes" discovery=etcd 
time="2017-11-15T01:17:54.003870522Z" level=debug msg="Calling GET /_ping" 
time="2017-11-15T01:17:54.007199433Z" level=debug msg="Calling POST /v1.30/containers/create?name=mist41-umh1-net1-1" 
time="2017-11-15T01:17:54.007690748Z" level=debug msg="form data: {\"AttachStderr\":false,\"AttachStdin\":false,\"AttachStdout\":false,\"Cmd\":null,\"Domainname\":\"\",\"Entrypoint\":null,\"Env\":[],\"HostConfig\":{\"AutoRemove\":false,\"Binds\":null,\"BlkioDeviceReadBps\":null,\"BlkioDeviceReadIOps\":null,\"BlkioDeviceWriteBps\":null,\"BlkioDeviceWriteIOps\":null,\"BlkioWeight\":0,\"BlkioWeightDevice\":null,\"CapAdd\":null,\"CapDrop\":null,\"Cgroup\":\"\",\"CgroupParent\":\"\",\"ConsoleSize\":[0,0],\"ContainerIDFile\":\"\",\"CpuCount\":0,\"CpuPercent\":0,\"CpuPeriod\":0,\"CpuQuota\":0,\"CpuRealtimePeriod\":0,\"CpuRealtimeRuntime\":0,\"CpuShares\":0,\"CpusetCpus\":\"\",\"CpusetMems\":\"\",\"DeviceCgroupRules\":null,\"Devices\":[],\"DiskQuota\":0,\"Dns\":[],\"DnsOptions\":[],\"DnsSearch\":[],\"ExtraHosts\":null,\"GroupAdd\":null,\"IOMaximumBandwidth\":0,\"IOMaximumIOps\":0,\"IpcMode\":\"\",\"Isolation\":\"\",\"KernelMemory\":0,\"Links\":null,\"LogConfig\":{\"Config\":{},\"Type\":\"\"},\"Memory\":0,\"MemoryReservation\":0,\"MemorySwap\":0,\"MemorySwappiness\":-1,\"NanoCpus\":0,\"NetworkMode\":\"net1\",\"OomKillDisable\":false,\"OomScoreAdj\":0,\"PidMode\":\"\",\"PidsLimit\":0,\"PortBindings\":{},\"Privileged\":false,\"PublishAllPorts\":false,\"ReadonlyRootfs\":false,\"RestartPolicy\":{\"MaximumRetryCount\":0,\"Name\":\"no\"},\"SecurityOpt\":null,\"ShmSize\":0,\"UTSMode\":\"\",\"Ulimits\":null,\"UsernsMode\":\"\",\"VolumeDriver\":\"\",\"VolumesFrom\":null},\"Hostname\":\"\",\"Image\":\"busybox\",\"Labels\":{},\"NetworkingConfig\":{\"EndpointsConfig\":{}},\"OnBuild\":null,\"OpenStdin\":true,\"StdinOnce\":false,\"Tty\":true,\"User\":\"\",\"Volumes\":{},\"WorkingDir\":\"\"}" 
time="2017-11-15T01:17:54.009851726Z" level=debug msg="Calling GET /v1.30/info" 
time="2017-11-15T01:17:54.026651084Z" level=debug msg="Calling POST /v1.30/images/create?fromImage=busybox&tag=latest" 
time="2017-11-15T01:17:54.026864164Z" level=debug msg="Trying to pull busybox from https://registry-1.docker.io v2" 
time="2017-11-15T01:17:54.483298244Z" level=debug msg="Pulling ref from V2 registry: busybox:latest" 
time="2017-11-15T01:17:54.483371195Z" level=debug msg="docker.io/library/busybox:latest resolved to a manifestList object with 8 entries; looking for a os/arch match" 
time="2017-11-15T01:17:54.483397936Z" level=debug msg="found match for linux/amd64 with media type application/vnd.docker.distribution.manifest.v2+json, digest sha256:91ef6c1c52b166be02645b8efee30d1ee65362024f7da41c404681561734c465" 
time="2017-11-15T01:17:54.623598236Z" level=debug msg="pulling blob \"sha256:0ffadd58f2a61468f527cc4f0fc45272ee4a1a428abe014546c89de2aa6a0eb5\"" 
time="2017-11-15T01:17:54.773256571Z" level=debug msg="Downloaded 0ffadd58f2a6 to tempfile /var/lib/docker/tmp/GetImageBlob898455325" 
time="2017-11-15T01:17:54.892921146Z" level=debug msg="Applied tar sha256:0271b8eebde3fa9a6126b1f2335e170f902731ab4942f9f1914e77016540c7bb to a0078c4d54a23368ffc20e88e79e442365dcbf0164372d75f7a74b975225afcb, size: 1129289" 
time="2017-11-15T01:17:54.904351459Z" level=debug msg="Calling POST /v1.30/containers/create?name=mist41-umh1-net1-1" 
time="2017-11-15T01:17:54.904835843Z" level=debug msg="form data: {\"AttachStderr\":false,\"AttachStdin\":false,\"AttachStdout\":false,\"Cmd\":null,\"Domainname\":\"\",\"Entrypoint\":null,\"Env\":[],\"HostConfig\":{\"AutoRemove\":false,\"Binds\":null,\"BlkioDeviceReadBps\":null,\"BlkioDeviceReadIOps\":null,\"BlkioDeviceWriteBps\":null,\"BlkioDeviceWriteIOps\":null,\"BlkioWeight\":0,\"BlkioWeightDevice\":null,\"CapAdd\":null,\"CapDrop\":null,\"Cgroup\":\"\",\"CgroupParent\":\"\",\"ConsoleSize\":[0,0],\"ContainerIDFile\":\"\",\"CpuCount\":0,\"CpuPercent\":0,\"CpuPeriod\":0,\"CpuQuota\":0,\"CpuRealtimePeriod\":0,\"CpuRealtimeRuntime\":0,\"CpuShares\":0,\"CpusetCpus\":\"\",\"CpusetMems\":\"\",\"DeviceCgroupRules\":null,\"Devices\":[],\"DiskQuota\":0,\"Dns\":[],\"DnsOptions\":[],\"DnsSearch\":[],\"ExtraHosts\":null,\"GroupAdd\":null,\"IOMaximumBandwidth\":0,\"IOMaximumIOps\":0,\"IpcMode\":\"\",\"Isolation\":\"\",\"KernelMemory\":0,\"Links\":null,\"LogConfig\":{\"Config\":{},\"Type\":\"\"},\"Memory\":0,\"MemoryReservation\":0,\"MemorySwap\":0,\"MemorySwappiness\":-1,\"NanoCpus\":0,\"NetworkMode\":\"net1\",\"OomKillDisable\":false,\"OomScoreAdj\":0,\"PidMode\":\"\",\"PidsLimit\":0,\"PortBindings\":{},\"Privileged\":false,\"PublishAllPorts\":false,\"ReadonlyRootfs\":false,\"RestartPolicy\":{\"MaximumRetryCount\":0,\"Name\":\"no\"},\"SecurityOpt\":null,\"ShmSize\":0,\"UTSMode\":\"\",\"Ulimits\":null,\"UsernsMode\":\"\",\"VolumeDriver\":\"\",\"VolumesFrom\":null},\"Hostname\":\"\",\"Image\":\"busybox\",\"Labels\":{},\"NetworkingConfig\":{\"EndpointsConfig\":{}},\"OnBuild\":null,\"OpenStdin\":true,\"StdinOnce\":false,\"Tty\":true,\"User\":\"\",\"Volumes\":{},\"WorkingDir\":\"\"}" 
time="2017-11-15T01:17:54.908658216Z" level=warning msg="Couldn't run auplink before unmount /var/lib/docker/aufs/mnt/d149f587a6950b6a3be44093a1d694335f6e97577e06d396dda2cedc49d01992-init: exec: \"auplink\": executable file not found in $PATH" 
time="2017-11-15T01:17:54.930998670Z" level=debug msg="container mounted via layerStore: /var/lib/docker/aufs/mnt/d149f587a6950b6a3be44093a1d694335f6e97577e06d396dda2cedc49d01992" 
time="2017-11-15T01:17:54.931089185Z" level=warning msg="Couldn't run auplink before unmount /var/lib/docker/aufs/mnt/d149f587a6950b6a3be44093a1d694335f6e97577e06d396dda2cedc49d01992: exec: \"auplink\": executable file not found in $PATH" 
time="2017-11-15T01:17:54.951554273Z" level=debug msg="Calling POST /v1.30/containers/6e474a51d87f56778693f10edb8a5c47eca7c267f368fc0857de542dcd2fbb6d/wait?condition=next-exit" 
time="2017-11-15T01:17:54.952403011Z" level=debug msg="Calling POST /v1.30/containers/6e474a51d87f56778693f10edb8a5c47eca7c267f368fc0857de542dcd2fbb6d/start" 
time="2017-11-15T01:17:54.953348505Z" level=debug msg="container mounted via layerStore: /var/lib/docker/aufs/mnt/d149f587a6950b6a3be44093a1d694335f6e97577e06d396dda2cedc49d01992" 
time="2017-11-15T01:17:54.963788727Z" level=debug msg="calico-ipam implements: IpamDriver" 
time="2017-11-15T01:17:54.963818030Z" level=debug msg="Assigning addresses for endpoint mist41-umh1-net1-1's interface on network net1" 
time="2017-11-15T01:17:54.976165888Z" level=debug msg="calico implements: NetworkDriver" 
time="2017-11-15T01:17:54.977954137Z" level=debug msg="Calling GET /v1.21/networks/93f91f932188cbbeee7e12b5ed091fe4b7a7f0d6dcdf08584f15b6d1ba1349e8" 
time="2017-11-15T01:17:54.989065828Z" level=debug msg="Assigning addresses for endpoint mist41-umh1-net1-1's interface on network net1" 
time="2017-11-15T01:17:54.990114849Z" level=debug msg="a9969d786e13365990ec89f1c06e0b9f4ba1a63e9f95ed17f24be9e45a355355 (93f91f9).addSvcRecords(mist41-umh1-net1-1, 192.168.57.128, <nil>, true) updateSvcRecord sid:a9969d786e13365990ec89f1c06e0b9f4ba1a63e9f95ed17f24be9e45a355355" 
time="2017-11-15T01:17:54.990215452Z" level=debug msg="a9969d786e13365990ec89f1c06e0b9f4ba1a63e9f95ed17f24be9e45a355355 (93f91f9).addSvcRecords(6e474a51d87f, 192.168.57.128, <nil>, false) updateSvcRecord sid:a9969d786e13365990ec89f1c06e0b9f4ba1a63e9f95ed17f24be9e45a355355" 
time="2017-11-15T01:17:54.995012686Z" level=debug msg="5cb771cd67c602dc928cdd5402e1ce1e0aa57638da0c70ca02c56eb667cd7623 (93f91f9).addSvcRecords(mist28-umh1-net1-1, 192.168.131.128, <nil>, true) updateSvcRecord sid:5cb771cd67c602dc928cdd5402e1ce1e0aa57638da0c70ca02c56eb667cd7623" 
time="2017-11-15T01:17:54.995067737Z" level=debug msg="5cb771cd67c602dc928cdd5402e1ce1e0aa57638da0c70ca02c56eb667cd7623 (93f91f9).addSvcRecords(3bc811997f85, 192.168.131.128, <nil>, false) updateSvcRecord sid:5cb771cd67c602dc928cdd5402e1ce1e0aa57638da0c70ca02c56eb667cd7623" 
time="2017-11-15T01:17:54.995099737Z" level=debug msg="da9afe50ae9822059f1979a52dd3b8dab7a698c340760f4665cc6b6a03c238f4 (93f91f9).addSvcRecords(mist48-umh1-net1-1, 192.168.128.64, <nil>, true) updateSvcRecord sid:da9afe50ae9822059f1979a52dd3b8dab7a698c340760f4665cc6b6a03c238f4" 
time="2017-11-15T01:17:54.995134214Z" level=debug msg="da9afe50ae9822059f1979a52dd3b8dab7a698c340760f4665cc6b6a03c238f4 (93f91f9).addSvcRecords(27341cdd9e54, 192.168.128.64, <nil>, false) updateSvcRecord sid:da9afe50ae9822059f1979a52dd3b8dab7a698c340760f4665cc6b6a03c238f4" 
time="2017-11-15T01:17:54.996366256Z" level=info msg="No non-localhost DNS nameservers are left in resolv.conf. Using default external servers: [nameserver 8.8.8.8 nameserver 8.8.4.4]" 
time="2017-11-15T01:17:54.996397115Z" level=info msg="IPv6 enabled; Adding default IPv6 external servers: [nameserver 2001:4860:4860::8888 nameserver 2001:4860:4860::8844]" 
time="2017-11-15T01:17:55.003353681Z" level=debug msg="a9969d786e13365990ec89f1c06e0b9f4ba1a63e9f95ed17f24be9e45a355355 (93f91f9).addSvcRecords(mist41-umh1-net1-1, 192.168.57.128, <nil>, true) updateSvcRecord sid:a9969d786e13365990ec89f1c06e0b9f4ba1a63e9f95ed17f24be9e45a355355" 
time="2017-11-15T01:17:55.003405405Z" level=debug msg="a9969d786e13365990ec89f1c06e0b9f4ba1a63e9f95ed17f24be9e45a355355 (93f91f9).addSvcRecords(6e474a51d87f, 192.168.57.128, <nil>, false) updateSvcRecord sid:a9969d786e13365990ec89f1c06e0b9f4ba1a63e9f95ed17f24be9e45a355355" 
time="2017-11-15T01:17:55.004870637Z" level=debug msg="Programming external connectivity on endpoint mist41-umh1-net1-1 (a9969d786e13365990ec89f1c06e0b9f4ba1a63e9f95ed17f24be9e45a355355)" 
time="2017-11-15T01:17:55.005345873Z" level=debug msg="EnableService 6e474a51d87f56778693f10edb8a5c47eca7c267f368fc0857de542dcd2fbb6d START" 
time="2017-11-15T01:17:55.005371426Z" level=debug msg="EnableService 6e474a51d87f56778693f10edb8a5c47eca7c267f368fc0857de542dcd2fbb6d DONE" 
time="2017-11-15T01:17:55.054754083Z" level=debug msg="b0e696f7a8f1a21db7d0e63e5cfd7686821fc6f2aa7fc353946cb0a5333399d9 (93f91f9).addSvcRecords(mist26-umh1-net1-1, 192.168.94.64, <nil>, true) updateSvcRecord sid:b0e696f7a8f1a21db7d0e63e5cfd7686821fc6f2aa7fc353946cb0a5333399d9" 
time="2017-11-15T01:17:55.054813279Z" level=debug msg="b0e696f7a8f1a21db7d0e63e5cfd7686821fc6f2aa7fc353946cb0a5333399d9 (93f91f9).addSvcRecords(a8be6b0d9c1e, 192.168.94.64, <nil>, false) updateSvcRecord sid:b0e696f7a8f1a21db7d0e63e5cfd7686821fc6f2aa7fc353946cb0a5333399d9" 
time="2017-11-15T01:17:55Z" level=warning msg="Running modprobe nf_nat failed with message: `ip: can't find device 'nf_nat'\nnf_nat_masquerade_ipv4    16384  1 ipt_MASQUERADE\nnf_nat_ipv4            16384  1 iptable_nat\nnf_nat                 24576  3 xt_nat,nf_nat_masquerade_ipv4,nf_nat_ipv4\nnf_conntrack          106496  6 nf_nat_masquerade_ipv4,nf_conntrack_netlink,nf_conntrack_ipv4,nf_nat_ipv4,xt_conntrack,nf_nat\nmodprobe: can't change directory to '3.19.0-25-generic': No such file or directory`, error: exit status 1" 
time="2017-11-15T01:17:55Z" level=warning msg="Running modprobe xt_conntrack failed with message: `ip: can't find device 'xt_conntrack'\nxt_conntrack           16384  4 \nnf_conntrack          106496  6 nf_nat_masquerade_ipv4,nf_conntrack_netlink,nf_conntrack_ipv4,nf_nat_ipv4,xt_conntrack,nf_nat\nx_tables               36864 14 xt_comment,xt_set,iptable_raw,ipt_REJECT,xt_nat,xt_tcpudp,iptable_mangle,xt_mark,ipt_MASQUERADE,xt_addrtype,xt_conntrack,xt_multiport,iptable_filter,ip_tables\nmodprobe: can't change directory to '3.19.0-25-generic': No such file or directory`, error: exit status 1" 
time="2017-11-15T01:17:55.219509209Z" level=debug msg="sandbox set key processing took 121.033032ms for container 6e474a51d87f56778693f10edb8a5c47eca7c267f368fc0857de542dcd2fbb6d" 
time="2017-11-15T01:17:55.300070983Z" level=debug msg="libcontainerd: received containerd event: &types.Event{Type:\"start-container\", Id:\"6e474a51d87f56778693f10edb8a5c47eca7c267f368fc0857de542dcd2fbb6d\", Status:0x0, Pid:\"\", Timestamp:(*timestamp.Timestamp)(0xc420d92020)}" 
time="2017-11-15T01:17:55.302596032Z" level=debug msg="libcontainerd: event unhandled: type:\"start-container\" id:\"6e474a51d87f56778693f10edb8a5c47eca7c267f368fc0857de542dcd2fbb6d\" timestamp:<seconds:1510708675 nanos:299857228 > " 
time="2017-11-15T01:17:55.375859007Z" level=debug msg="Calling GET /_ping" 
time="2017-11-15T01:17:55.379139944Z" level=debug msg="Calling POST /v1.30/containers/create?name=mist41-umh1-net1-2" 
time="2017-11-15T01:17:55.379670684Z" level=debug msg="form data: {\"AttachStderr\":false,\"AttachStdin\":false,\"AttachStdout\":false,\"Cmd\":null,\"Domainname\":\"\",\"Entrypoint\":null,\"Env\":[],\"HostConfig\":{\"AutoRemove\":false,\"Binds\":null,\"BlkioDeviceReadBps\":null,\"BlkioDeviceReadIOps\":null,\"BlkioDeviceWriteBps\":null,\"BlkioDeviceWriteIOps\":null,\"BlkioWeight\":0,\"BlkioWeightDevice\":null,\"CapAdd\":null,\"CapDrop\":null,\"Cgroup\":\"\",\"CgroupParent\":\"\",\"ConsoleSize\":[0,0],\"ContainerIDFile\":\"\",\"CpuCount\":0,\"CpuPercent\":0,\"CpuPeriod\":0,\"CpuQuota\":0,\"CpuRealtimePeriod\":0,\"CpuRealtimeRuntime\":0,\"CpuShares\":0,\"CpusetCpus\":\"\",\"CpusetMems\":\"\",\"DeviceCgroupRules\":null,\"Devices\":[],\"DiskQuota\":0,\"Dns\":[],\"DnsOptions\":[],\"DnsSearch\":[],\"ExtraHosts\":null,\"GroupAdd\":null,\"IOMaximumBandwidth\":0,\"IOMaximumIOps\":0,\"IpcMode\":\"\",\"Isolation\":\"\",\"KernelMemory\":0,\"Links\":null,\"LogConfig\":{\"Config\":{},\"Type\":\"\"},\"Memory\":0,\"MemoryReservation\":0,\"MemorySwap\":0,\"MemorySwappiness\":-1,\"NanoCpus\":0,\"NetworkMode\":\"net1\",\"OomKillDisable\":false,\"OomScoreAdj\":0,\"PidMode\":\"\",\"PidsLimit\":0,\"PortBindings\":{},\"Privileged\":false,\"PublishAllPorts\":false,\"ReadonlyRootfs\":false,\"RestartPolicy\":{\"MaximumRetryCount\":0,\"Name\":\"no\"},\"SecurityOpt\":null,\"ShmSize\":0,\"UTSMode\":\"\",\"Ulimits\":null,\"UsernsMode\":\"\",\"VolumeDriver\":\"\",\"VolumesFrom\":null},\"Hostname\":\"\",\"Image\":\"busybox\",\"Labels\":{},\"NetworkingConfig\":{\"EndpointsConfig\":{}},\"OnBuild\":null,\"OpenStdin\":true,\"StdinOnce\":false,\"Tty\":true,\"User\":\"\",\"Volumes\":{},\"WorkingDir\":\"\"}" 
time="2017-11-15T01:17:55.383778264Z" level=warning msg="Couldn't run auplink before unmount /var/lib/docker/aufs/mnt/9173c816382bcaf545b9032f05e785a57ceb42259e7c4a91c4b81115083c71bb-init: exec: \"auplink\": executable file not found in $PATH" 
time="2017-11-15T01:17:55.399934262Z" level=debug msg="container mounted via layerStore: /var/lib/docker/aufs/mnt/9173c816382bcaf545b9032f05e785a57ceb42259e7c4a91c4b81115083c71bb" 
time="2017-11-15T01:17:55.400038866Z" level=warning msg="Couldn't run auplink before unmount /var/lib/docker/aufs/mnt/9173c816382bcaf545b9032f05e785a57ceb42259e7c4a91c4b81115083c71bb: exec: \"auplink\": executable file not found in $PATH" 
time="2017-11-15T01:17:55.422541552Z" level=debug msg="Calling POST /v1.30/containers/2631993d518e8e13c90fc0e602b1f47d6da5c3652d13fa770b96ed9c73089543/wait?condition=next-exit" 
time="2017-11-15T01:17:55.423263471Z" level=debug msg="Calling POST /v1.30/containers/2631993d518e8e13c90fc0e602b1f47d6da5c3652d13fa770b96ed9c73089543/start" 
time="2017-11-15T01:17:55.424101927Z" level=debug msg="container mounted via layerStore: /var/lib/docker/aufs/mnt/9173c816382bcaf545b9032f05e785a57ceb42259e7c4a91c4b81115083c71bb" 
time="2017-11-15T01:17:55.433410832Z" level=debug msg="Assigning addresses for endpoint mist41-umh1-net1-2's interface on network net1" 
time="2017-11-15T01:17:55.439030662Z" level=debug msg="Calling GET /v1.21/networks/93f91f932188cbbeee7e12b5ed091fe4b7a7f0d6dcdf08584f15b6d1ba1349e8" 
time="2017-11-15T01:17:55.448720895Z" level=debug msg="f463392c3700dfa3d7a5dd11324a793c764ab9576a2d1fde738d342e95d6cdb8 (93f91f9).addSvcRecords(mist48-umh1-net1-2, 192.168.128.65, <nil>, true) updateSvcRecord sid:f463392c3700dfa3d7a5dd11324a793c764ab9576a2d1fde738d342e95d6cdb8" 
time="2017-11-15T01:17:55.448791073Z" level=debug msg="f463392c3700dfa3d7a5dd11324a793c764ab9576a2d1fde738d342e95d6cdb8 (93f91f9).addSvcRecords(84a122010f78, 192.168.128.65, <nil>, false) updateSvcRecord sid:f463392c3700dfa3d7a5dd11324a793c764ab9576a2d1fde738d342e95d6cdb8" 
time="2017-11-15T01:17:55.452781121Z" level=debug msg="Assigning addresses for endpoint mist41-umh1-net1-2's interface on network net1" 
time="2017-11-15T01:17:55.454014461Z" level=debug msg="26fd893310a8f34c9783d37f3ed635cfe6ca8486c33c3fd62342d2a29026f979 (93f91f9).addSvcRecords(mist41-umh1-net1-2, 192.168.57.129, <nil>, true) updateSvcRecord sid:26fd893310a8f34c9783d37f3ed635cfe6ca8486c33c3fd62342d2a29026f979" 
time="2017-11-15T01:17:55.454116925Z" level=debug msg="26fd893310a8f34c9783d37f3ed635cfe6ca8486c33c3fd62342d2a29026f979 (93f91f9).addSvcRecords(2631993d518e, 192.168.57.129, <nil>, false) updateSvcRecord sid:26fd893310a8f34c9783d37f3ed635cfe6ca8486c33c3fd62342d2a29026f979" 
time="2017-11-15T01:17:55.460747945Z" level=info msg="No non-localhost DNS nameservers are left in resolv.conf. Using default external servers: [nameserver 8.8.8.8 nameserver 8.8.4.4]" 
time="2017-11-15T01:17:55.460780943Z" level=info msg="IPv6 enabled; Adding default IPv6 external servers: [nameserver 2001:4860:4860::8888 nameserver 2001:4860:4860::8844]" 
time="2017-11-15T01:17:55.466950239Z" level=debug msg="26fd893310a8f34c9783d37f3ed635cfe6ca8486c33c3fd62342d2a29026f979 (93f91f9).addSvcRecords(mist41-umh1-net1-2, 192.168.57.129, <nil>, true) updateSvcRecord sid:26fd893310a8f34c9783d37f3ed635cfe6ca8486c33c3fd62342d2a29026f979" 
time="2017-11-15T01:17:55.467021410Z" level=debug msg="26fd893310a8f34c9783d37f3ed635cfe6ca8486c33c3fd62342d2a29026f979 (93f91f9).addSvcRecords(2631993d518e, 192.168.57.129, <nil>, false) updateSvcRecord sid:26fd893310a8f34c9783d37f3ed635cfe6ca8486c33c3fd62342d2a29026f979" 
time="2017-11-15T01:17:55.468383891Z" level=debug msg="Programming external connectivity on endpoint mist41-umh1-net1-2 (26fd893310a8f34c9783d37f3ed635cfe6ca8486c33c3fd62342d2a29026f979)" 
time="2017-11-15T01:17:55.468718879Z" level=debug msg="EnableService 2631993d518e8e13c90fc0e602b1f47d6da5c3652d13fa770b96ed9c73089543 START" 
time="2017-11-15T01:17:55.468750808Z" level=debug msg="EnableService 2631993d518e8e13c90fc0e602b1f47d6da5c3652d13fa770b96ed9c73089543 DONE" 
time="2017-11-15T01:17:55.528789025Z" level=debug msg="b56994e9f45ec91da3d09e0a5576668a235d65fd54ac4c255564fca25f0f4e93 (93f91f9).addSvcRecords(mist28-umh1-net1-2, 192.168.131.129, <nil>, true) updateSvcRecord sid:b56994e9f45ec91da3d09e0a5576668a235d65fd54ac4c255564fca25f0f4e93" 
time="2017-11-15T01:17:55.528858381Z" level=debug msg="b56994e9f45ec91da3d09e0a5576668a235d65fd54ac4c255564fca25f0f4e93 (93f91f9).addSvcRecords(ff7bb42eb051, 192.168.131.129, <nil>, false) updateSvcRecord sid:b56994e9f45ec91da3d09e0a5576668a235d65fd54ac4c255564fca25f0f4e93" 
time="2017-11-15T01:17:55Z" level=warning msg="Running modprobe nf_nat failed with message: `ip: can't find device 'nf_nat'\nnf_nat_masquerade_ipv4    16384  1 ipt_MASQUERADE\nnf_nat_ipv4            16384  1 iptable_nat\nnf_nat                 24576  3 xt_nat,nf_nat_masquerade_ipv4,nf_nat_ipv4\nnf_conntrack          106496  6 nf_nat_masquerade_ipv4,nf_conntrack_netlink,nf_conntrack_ipv4,nf_nat_ipv4,xt_conntrack,nf_nat\nmodprobe: can't change directory to '3.19.0-25-generic': No such file or directory`, error: exit status 1" 
time="2017-11-15T01:17:55Z" level=warning msg="Running modprobe xt_conntrack failed with message: `ip: can't find device 'xt_conntrack'\nxt_conntrack           16384  4 \nnf_conntrack          106496  6 nf_nat_masquerade_ipv4,nf_conntrack_netlink,nf_conntrack_ipv4,nf_nat_ipv4,xt_conntrack,nf_nat\nx_tables               36864 14 xt_comment,xt_set,iptable_raw,ipt_REJECT,xt_nat,xt_tcpudp,iptable_mangle,xt_mark,ipt_MASQUERADE,xt_addrtype,xt_conntrack,xt_multiport,iptable_filter,ip_tables\nmodprobe: can't change directory to '3.19.0-25-generic': No such file or directory`, error: exit status 1" 
time="2017-11-15T01:17:55.664780535Z" level=debug msg="1a251f894f7ccf1933d08412042c230999d328d45e7e91c7899723ec7a826ca5 (93f91f9).addSvcRecords(mist26-umh1-net1-2, 192.168.94.65, <nil>, true) updateSvcRecord sid:1a251f894f7ccf1933d08412042c230999d328d45e7e91c7899723ec7a826ca5" 
time="2017-11-15T01:17:55.664849185Z" level=debug msg="1a251f894f7ccf1933d08412042c230999d328d45e7e91c7899723ec7a826ca5 (93f91f9).addSvcRecords(ae0a5f95dd72, 192.168.94.65, <nil>, false) updateSvcRecord sid:1a251f894f7ccf1933d08412042c230999d328d45e7e91c7899723ec7a826ca5" 
time="2017-11-15T01:17:55.694580678Z" level=debug msg="sandbox set key processing took 139.427019ms for container 2631993d518e8e13c90fc0e602b1f47d6da5c3652d13fa770b96ed9c73089543" 
time="2017-11-15T01:17:55.777399447Z" level=debug msg="libcontainerd: received containerd event: &types.Event{Type:\"start-container\", Id:\"2631993d518e8e13c90fc0e602b1f47d6da5c3652d13fa770b96ed9c73089543\", Status:0x0, Pid:\"\", Timestamp:(*timestamp.Timestamp)(0xc42094f700)}" 
time="2017-11-15T01:17:55.780062972Z" level=debug msg="libcontainerd: event unhandled: type:\"start-container\" id:\"2631993d518e8e13c90fc0e602b1f47d6da5c3652d13fa770b96ed9c73089543\" timestamp:<seconds:1510708675 nanos:777207061 > " 
time="2017-11-15T01:17:55.860198714Z" level=debug msg="Watch triggered with 1 nodes" discovery=etcd 
time="2017-11-15T01:18:10.839706539Z" level=debug msg="Watch triggered with 1 nodes" discovery=etcd 
time="2017-11-15T01:18:10.964356558Z" level=debug msg="Watch triggered with 1 nodes" discovery=etcd 
time="2017-11-15T01:18:11.085482858Z" level=debug msg="Watch triggered with 1 nodes" discovery=etcd 
time="2017-11-15T01:18:15.861258020Z" level=debug msg="Watch triggered with 1 nodes" discovery=etcd 
