time="2017-11-15T01:17:24.986420432Z" level=warning msg="could not change group /var/run/docker.sock to docker: group docker not found" 
time="2017-11-15T01:17:24.986686113Z" level=warning msg="[!] DON'T BIND ON ANY IP ADDRESS WITHOUT setting --tlsverify IF YOU DON'T KNOW WHAT YOU'RE DOING [!]" 
time="2017-11-15T01:17:24.987075043Z" level=warning msg="libcontainerd: makeUpgradeProof could not open /var/run/docker/libcontainerd/containerd" 
time="2017-11-15T01:17:24.988345013Z" level=info msg="libcontainerd: new containerd process, pid: 26" 
time="2017-11-15T01:17:25.989844463Z" level=warning msg="failed to rename /var/lib/docker/tmp for background deletion: rename /var/lib/docker/tmp /var/lib/docker/tmp-old: no such file or directory. Deleting synchronously" 
time="2017-11-15T01:17:26.049906870Z" level=info msg="Graph migration to content-addressability took 0.00 seconds" 
time="2017-11-15T01:17:26.050173739Z" level=warning msg="Your kernel does not support swap memory limit" 
time="2017-11-15T01:17:26.050252317Z" level=warning msg="Your kernel does not support cgroup rt period" 
time="2017-11-15T01:17:26.050268336Z" level=warning msg="Your kernel does not support cgroup rt runtime" 
time="2017-11-15T01:17:26.050414900Z" level=warning msg="mountpoint for pids not found" 
time="2017-11-15T01:17:26.050947549Z" level=info msg="Loading containers: start." 
time="2017-11-15T01:17:26.064574925Z" level=warning msg="Running modprobe bridge br_netfilter failed with message: ip: can't find device 'bridge'\nbridge                110592  1 br_netfilter\nstp                    16384  1 bridge\nllc                    16384  2 bridge,stp\nip: can't find device 'br_netfilter'\nbr_netfilter           24576  0 \nbridge                110592  1 br_netfilter\nmodprobe: can't change directory to '/lib/modules': No such file or directory\n, error: exit status 1" 
time="2017-11-15T01:17:26.072205085Z" level=warning msg="Running modprobe nf_nat failed with message: `ip: can't find device 'nf_nat'\nnf_nat_ipv6            16384  1 ip6table_nat\nnf_nat_masquerade_ipv4    16384  1 ipt_MASQUERADE\nnf_nat_ipv4            16384  1 iptable_nat\nnf_nat                 24576  4 nf_nat_ipv6,xt_nat,nf_nat_masquerade_ipv4,nf_nat_ipv4\nnf_conntrack          106496  8 nf_conntrack_ipv6,nf_nat_ipv6,nf_nat_masquerade_ipv4,nf_conntrack_netlink,nf_conntrack_ipv4,nf_nat_ipv4,xt_conntrack,nf_nat\nmodprobe: can't change directory to '/lib/modules': No such file or directory`, error: exit status 1" 
time="2017-11-15T01:17:26.079375316Z" level=warning msg="Running modprobe xt_conntrack failed with message: `ip: can't find device 'xt_conntrack'\nxt_conntrack           16384 12 \nnf_conntrack          106496  8 nf_conntrack_ipv6,nf_nat_ipv6,nf_nat_masquerade_ipv4,nf_conntrack_netlink,nf_conntrack_ipv4,nf_nat_ipv4,xt_conntrack,nf_nat\nx_tables               36864 19 ip6t_rpfilter,ip6table_filter,ip6table_raw,ip6table_mangle,ip6_tables,xt_comment,xt_set,iptable_raw,ipt_REJECT,xt_nat,xt_tcpudp,iptable_mangle,xt_mark,ipt_MASQUERADE,xt_addrtype,xt_conntrack,xt_multiport,iptable_filter,ip_tables\nmodprobe: can't change directory to '/lib/modules': No such file or directory`, error: exit status 1" 
time="2017-11-15T01:17:26.179716802Z" level=info msg="Default bridge (docker0) is assigned with an IP address 172.17.0.0/16. Daemon option --bip can be used to set a preferred IP address" 
time="2017-11-15T01:17:26.229332950Z" level=info msg="Loading containers: done." 
time="2017-11-15T01:17:26.231196817Z" level=warning msg="Couldn't run auplink before unmount /var/lib/docker/tmp/docker-aufs-union593039967: exec: \"auplink\": executable file not found in $PATH" 
time="2017-11-15T01:17:26.258523498Z" level=info msg="Daemon has completed initialization" 
time="2017-11-15T01:17:26.258572414Z" level=info msg="Docker daemon" commit=cec0b72 graphdriver=aufs version=17.06.2-ce 
time="2017-11-15T01:17:26.277162969Z" level=info msg="API listen on [::]:2375" 
time="2017-11-15T01:17:26.277199498Z" level=info msg="API listen on /var/run/docker.sock" 
time="2017-11-15T01:17:30.201631634Z" level=info msg="Got signal to reload configuration, reloading from: /etc/docker/daemon.json" 
time="2017-11-15T01:17:30.202165538Z" level=info msg="Initializing discovery without TLS" 
time="2017-11-15T01:17:30.206030810Z" level=warning msg="Multi-Host overlay networking requires cluster-advertise(128.101.118.108) to be configured with a local ip-address that is reachable within the cluster" 
time="2017-11-15T01:17:30.206236784Z" level=error msg="initializing serf instance failed: failed to create cluster node: Failed to create memberlist: Could not set up network transport: Failed to start TCP listener on \"128.101.118.108\" port 7946: listen tcp 128.101.118.108:7946: bind: cannot assign requested address" 
time="2017-11-15T01:17:30.215020390Z" level=debug msg="Registering routers" 
time="2017-11-15T01:17:30.215061861Z" level=debug msg="Registering GET, /containers/{name:.*}/checkpoints" 
time="2017-11-15T01:17:30.215361201Z" level=debug msg="Registering POST, /containers/{name:.*}/checkpoints" 
time="2017-11-15T01:17:30.215545588Z" level=debug msg="Registering DELETE, /containers/{name}/checkpoints/{checkpoint}" 
time="2017-11-15T01:17:30.215796388Z" level=debug msg="Registering HEAD, /containers/{name:.*}/archive" 
time="2017-11-15T01:17:30.215977825Z" level=debug msg="Registering GET, /containers/json" 
time="2017-11-15T01:17:30.216102719Z" level=debug msg="Registering GET, /containers/{name:.*}/export" 
time="2017-11-15T01:17:30.216276400Z" level=debug msg="Registering GET, /containers/{name:.*}/changes" 
time="2017-11-15T01:17:30.216463326Z" level=debug msg="Registering GET, /containers/{name:.*}/json" 
time="2017-11-15T01:17:30.216620191Z" level=debug msg="Registering GET, /containers/{name:.*}/top" 
time="2017-11-15T01:17:30.216786868Z" level=debug msg="Registering GET, /containers/{name:.*}/logs" 
time="2017-11-15T01:17:30.216969619Z" level=debug msg="Registering GET, /containers/{name:.*}/stats" 
time="2017-11-15T01:17:30.217135441Z" level=debug msg="Registering GET, /containers/{name:.*}/attach/ws" 
time="2017-11-15T01:17:30.217297358Z" level=debug msg="Registering GET, /exec/{id:.*}/json" 
time="2017-11-15T01:17:30.217447909Z" level=debug msg="Registering GET, /containers/{name:.*}/archive" 
time="2017-11-15T01:17:30.217603479Z" level=debug msg="Registering POST, /containers/create" 
time="2017-11-15T01:17:30.217741445Z" level=debug msg="Registering POST, /containers/{name:.*}/kill" 
time="2017-11-15T01:17:30.217882175Z" level=debug msg="Registering POST, /containers/{name:.*}/pause" 
time="2017-11-15T01:17:30.218053763Z" level=debug msg="Registering POST, /containers/{name:.*}/unpause" 
time="2017-11-15T01:17:30.218210361Z" level=debug msg="Registering POST, /containers/{name:.*}/restart" 
time="2017-11-15T01:17:30.218372559Z" level=debug msg="Registering POST, /containers/{name:.*}/start" 
time="2017-11-15T01:17:30.218518211Z" level=debug msg="Registering POST, /containers/{name:.*}/stop" 
time="2017-11-15T01:17:30.218682254Z" level=debug msg="Registering POST, /containers/{name:.*}/wait" 
time="2017-11-15T01:17:30.218822847Z" level=debug msg="Registering POST, /containers/{name:.*}/resize" 
time="2017-11-15T01:17:30.218989990Z" level=debug msg="Registering POST, /containers/{name:.*}/attach" 
time="2017-11-15T01:17:30.219139617Z" level=debug msg="Registering POST, /containers/{name:.*}/copy" 
time="2017-11-15T01:17:30.219301411Z" level=debug msg="Registering POST, /containers/{name:.*}/exec" 
time="2017-11-15T01:17:30.219446819Z" level=debug msg="Registering POST, /exec/{name:.*}/start" 
time="2017-11-15T01:17:30.219589851Z" level=debug msg="Registering POST, /exec/{name:.*}/resize" 
time="2017-11-15T01:17:30.219733397Z" level=debug msg="Registering POST, /containers/{name:.*}/rename" 
time="2017-11-15T01:17:30.219898905Z" level=debug msg="Registering POST, /containers/{name:.*}/update" 
time="2017-11-15T01:17:30.220098012Z" level=debug msg="Registering POST, /containers/prune" 
time="2017-11-15T01:17:30.220210636Z" level=debug msg="Registering PUT, /containers/{name:.*}/archive" 
time="2017-11-15T01:17:30.220375423Z" level=debug msg="Registering DELETE, /containers/{name:.*}" 
time="2017-11-15T01:17:30.220535011Z" level=debug msg="Registering GET, /images/json" 
time="2017-11-15T01:17:30.220650118Z" level=debug msg="Registering GET, /images/search" 
time="2017-11-15T01:17:30.220752830Z" level=debug msg="Registering GET, /images/get" 
time="2017-11-15T01:17:30.220851911Z" level=debug msg="Registering GET, /images/{name:.*}/get" 
time="2017-11-15T01:17:30.221041384Z" level=debug msg="Registering GET, /images/{name:.*}/history" 
time="2017-11-15T01:17:30.221197828Z" level=debug msg="Registering GET, /images/{name:.*}/json" 
time="2017-11-15T01:17:30.221345456Z" level=debug msg="Registering POST, /commit" 
time="2017-11-15T01:17:30.221444857Z" level=debug msg="Registering POST, /images/load" 
time="2017-11-15T01:17:30.221540732Z" level=debug msg="Registering POST, /images/create" 
time="2017-11-15T01:17:30.221662890Z" level=debug msg="Registering POST, /images/{name:.*}/push" 
time="2017-11-15T01:17:30.221821113Z" level=debug msg="Registering POST, /images/{name:.*}/tag" 
time="2017-11-15T01:17:30.221974691Z" level=debug msg="Registering POST, /images/prune" 
time="2017-11-15T01:17:30.222074102Z" level=debug msg="Registering DELETE, /images/{name:.*}" 
time="2017-11-15T01:17:30.222239323Z" level=debug msg="Registering OPTIONS, /{anyroute:.*}" 
time="2017-11-15T01:17:30.222370662Z" level=debug msg="Registering GET, /_ping" 
time="2017-11-15T01:17:30.222463226Z" level=debug msg="Registering GET, /events" 
time="2017-11-15T01:17:30.222549990Z" level=debug msg="Registering GET, /info" 
time="2017-11-15T01:17:30.222655388Z" level=debug msg="Registering GET, /version" 
time="2017-11-15T01:17:30.222752113Z" level=debug msg="Registering GET, /system/df" 
time="2017-11-15T01:17:30.222849783Z" level=debug msg="Registering POST, /auth" 
time="2017-11-15T01:17:30.222929616Z" level=debug msg="Registering GET, /volumes" 
time="2017-11-15T01:17:30.223023481Z" level=debug msg="Registering GET, /volumes/{name:.*}" 
time="2017-11-15T01:17:30.223171215Z" level=debug msg="Registering POST, /volumes/create" 
time="2017-11-15T01:17:30.223276383Z" level=debug msg="Registering POST, /volumes/prune" 
time="2017-11-15T01:17:30.223398258Z" level=debug msg="Registering DELETE, /volumes/{name:.*}" 
time="2017-11-15T01:17:30.223554766Z" level=debug msg="Registering POST, /build" 
time="2017-11-15T01:17:30.223633253Z" level=debug msg="Registering POST, /swarm/init" 
time="2017-11-15T01:17:30.223735037Z" level=debug msg="Registering POST, /swarm/join" 
time="2017-11-15T01:17:30.223830358Z" level=debug msg="Registering POST, /swarm/leave" 
time="2017-11-15T01:17:30.223948862Z" level=debug msg="Registering GET, /swarm" 
time="2017-11-15T01:17:30.224023208Z" level=debug msg="Registering GET, /swarm/unlockkey" 
time="2017-11-15T01:17:30.224130792Z" level=debug msg="Registering POST, /swarm/update" 
time="2017-11-15T01:17:30.224244300Z" level=debug msg="Registering POST, /swarm/unlock" 
time="2017-11-15T01:17:30.224335773Z" level=debug msg="Registering GET, /services" 
time="2017-11-15T01:17:30.224442179Z" level=debug msg="Registering GET, /services/{id}" 
time="2017-11-15T01:17:30.224587457Z" level=debug msg="Registering POST, /services/create" 
time="2017-11-15T01:17:30.224699617Z" level=debug msg="Registering POST, /services/{id}/update" 
time="2017-11-15T01:17:30.224862152Z" level=debug msg="Registering DELETE, /services/{id}" 
time="2017-11-15T01:17:30.225016107Z" level=debug msg="Registering GET, /services/{id}/logs" 
time="2017-11-15T01:17:30.225192467Z" level=debug msg="Registering GET, /nodes" 
time="2017-11-15T01:17:30.225270921Z" level=debug msg="Registering GET, /nodes/{id}" 
time="2017-11-15T01:17:30.225408597Z" level=debug msg="Registering DELETE, /nodes/{id}" 
time="2017-11-15T01:17:30.225553669Z" level=debug msg="Registering POST, /nodes/{id}/update" 
time="2017-11-15T01:17:30.225701960Z" level=debug msg="Registering GET, /tasks" 
time="2017-11-15T01:17:30.225781409Z" level=debug msg="Registering GET, /tasks/{id}" 
time="2017-11-15T01:17:30.225932056Z" level=debug msg="Registering GET, /tasks/{id}/logs" 
time="2017-11-15T01:17:30.226071288Z" level=debug msg="Registering GET, /secrets" 
time="2017-11-15T01:17:30.226165693Z" level=debug msg="Registering POST, /secrets/create" 
time="2017-11-15T01:17:30.226278651Z" level=debug msg="Registering DELETE, /secrets/{id}" 
time="2017-11-15T01:17:30.226419434Z" level=debug msg="Registering GET, /secrets/{id}" 
time="2017-11-15T01:17:30.226578194Z" level=debug msg="Registering POST, /secrets/{id}/update" 
time="2017-11-15T01:17:30.226720549Z" level=debug msg="Registering GET, /configs" 
time="2017-11-15T01:17:30.226820478Z" level=debug msg="Registering POST, /configs/create" 
time="2017-11-15T01:17:30.226946991Z" level=debug msg="Registering DELETE, /configs/{id}" 
time="2017-11-15T01:17:30.227101523Z" level=debug msg="Registering GET, /configs/{id}" 
time="2017-11-15T01:17:30.227233990Z" level=debug msg="Registering POST, /configs/{id}/update" 
time="2017-11-15T01:17:30.227406649Z" level=debug msg="Registering GET, /plugins" 
time="2017-11-15T01:17:30.227505797Z" level=debug msg="Registering GET, /plugins/{name:.*}/json" 
time="2017-11-15T01:17:30.227648135Z" level=debug msg="Registering GET, /plugins/privileges" 
time="2017-11-15T01:17:30.227754158Z" level=debug msg="Registering DELETE, /plugins/{name:.*}" 
time="2017-11-15T01:17:30.227917521Z" level=debug msg="Registering POST, /plugins/{name:.*}/enable" 
time="2017-11-15T01:17:30.228076338Z" level=debug msg="Registering POST, /plugins/{name:.*}/disable" 
time="2017-11-15T01:17:30.228227309Z" level=debug msg="Registering POST, /plugins/pull" 
time="2017-11-15T01:17:30.228336619Z" level=debug msg="Registering POST, /plugins/{name:.*}/push" 
time="2017-11-15T01:17:30.228476110Z" level=debug msg="Registering POST, /plugins/{name:.*}/upgrade" 
time="2017-11-15T01:17:30.228620037Z" level=debug msg="Registering POST, /plugins/{name:.*}/set" 
time="2017-11-15T01:17:30.228779778Z" level=debug msg="Registering POST, /plugins/create" 
time="2017-11-15T01:17:30.228889892Z" level=debug msg="Registering GET, /distribution/{name:.*}/json" 
time="2017-11-15T01:17:30.229068259Z" level=debug msg="Registering GET, /networks" 
time="2017-11-15T01:17:30.229165074Z" level=debug msg="Registering GET, /networks/" 
time="2017-11-15T01:17:30.229263778Z" level=debug msg="Registering GET, /networks/{id:.+}" 
time="2017-11-15T01:17:30.229420723Z" level=debug msg="Registering POST, /networks/create" 
time="2017-11-15T01:17:30.229525573Z" level=debug msg="Registering POST, /networks/{id:.*}/connect" 
time="2017-11-15T01:17:30.229668804Z" level=debug msg="Registering POST, /networks/{id:.*}/disconnect" 
time="2017-11-15T01:17:30.229815317Z" level=debug msg="Registering POST, /networks/prune" 
time="2017-11-15T01:17:30.229922755Z" level=debug msg="Registering DELETE, /networks/{id:.*}" 
time="2017-11-15T01:17:30.570328508Z" level=debug msg="Watch triggered with 1 nodes" discovery=etcd 
time="2017-11-15T01:17:30.704479247Z" level=debug msg="Watch triggered with 1 nodes" discovery=etcd 
time="2017-11-15T01:17:30.816916063Z" level=debug msg="Watch triggered with 1 nodes" discovery=etcd 
time="2017-11-15T01:17:33.932658013Z" level=debug msg="Calling GET /_ping" 
time="2017-11-15T01:17:33.936074387Z" level=debug msg="Calling POST /v1.30/containers/create?name=calico-node" 
time="2017-11-15T01:17:33.936668044Z" level=debug msg="form data: {\"AttachStderr\":false,\"AttachStdin\":false,\"AttachStdout\":false,\"Cmd\":null,\"Domainname\":\"\",\"Entrypoint\":null,\"Env\":[\"NODENAME=\",\"IP=10.0.0.4\",\"CALICO_NETWORKING_BACKEND=bird\",\"CALICO_LIBNETWORK_ENABLED=true\",\"ETCD_ENDPOINTS=http://128.101.118.108:2379\"],\"HostConfig\":{\"AutoRemove\":true,\"Binds\":[\"/var/log/calico:/var/log/calico\",\"/var/run/calico:/var/run/calico\",\"/lib/modules:/lib/modules\",\"/run:/run\",\"/run/docker/plugins:/run/docker/plugins\",\"/var/run/docker.sock:/var/run/docker.sock\"],\"BlkioDeviceReadBps\":null,\"BlkioDeviceReadIOps\":null,\"BlkioDeviceWriteBps\":null,\"BlkioDeviceWriteIOps\":null,\"BlkioWeight\":0,\"BlkioWeightDevice\":null,\"CapAdd\":null,\"CapDrop\":null,\"Cgroup\":\"\",\"CgroupParent\":\"\",\"ConsoleSize\":[0,0],\"ContainerIDFile\":\"\",\"CpuCount\":0,\"CpuPercent\":0,\"CpuPeriod\":0,\"CpuQuota\":0,\"CpuRealtimePeriod\":0,\"CpuRealtimeRuntime\":0,\"CpuShares\":0,\"CpusetCpus\":\"\",\"CpusetMems\":\"\",\"DeviceCgroupRules\":null,\"Devices\":[],\"DiskQuota\":0,\"Dns\":[],\"DnsOptions\":[],\"DnsSearch\":[],\"ExtraHosts\":null,\"GroupAdd\":null,\"IOMaximumBandwidth\":0,\"IOMaximumIOps\":0,\"IpcMode\":\"\",\"Isolation\":\"\",\"KernelMemory\":0,\"Links\":null,\"LogConfig\":{\"Config\":{},\"Type\":\"\"},\"Memory\":0,\"MemoryReservation\":0,\"MemorySwap\":0,\"MemorySwappiness\":-1,\"NanoCpus\":0,\"NetworkMode\":\"host\",\"OomKillDisable\":false,\"OomScoreAdj\":0,\"PidMode\":\"\",\"PidsLimit\":0,\"PortBindings\":{},\"Privileged\":true,\"PublishAllPorts\":false,\"ReadonlyRootfs\":false,\"RestartPolicy\":{\"MaximumRetryCount\":0,\"Name\":\"no\"},\"SecurityOpt\":null,\"ShmSize\":0,\"UTSMode\":\"\",\"Ulimits\":null,\"UsernsMode\":\"\",\"VolumeDriver\":\"\",\"VolumesFrom\":null},\"Hostname\":\"\",\"Image\":\"quay.io/calico/node:v2.6.2\",\"Labels\":{},\"NetworkingConfig\":{\"EndpointsConfig\":{}},\"OnBuild\":null,\"OpenStdin\":false,\"StdinOnce\":false,\"Tty\":false,\"User\":\"\",\"Volumes\":{},\"WorkingDir\":\"\"}" 
time="2017-11-15T01:17:33.941419658Z" level=debug msg="Calling POST /v1.30/images/create?fromImage=quay.io%2Fcalico%2Fnode&tag=v2.6.2" 
time="2017-11-15T01:17:33.945651696Z" level=debug msg="hostDir: /etc/docker/certs.d/quay.io" 
time="2017-11-15T01:17:33.945735182Z" level=debug msg="Trying to pull quay.io/calico/node from https://quay.io v2" 
time="2017-11-15T01:17:34.228890107Z" level=debug msg="Increasing token expiration to: 60 seconds" 
time="2017-11-15T01:17:34.438178489Z" level=debug msg="Pulling ref from V2 registry: quay.io/calico/node:v2.6.2" 
time="2017-11-15T01:17:34.439484925Z" level=debug msg="pulling blob \"sha256:451e44d240b0964e03932d25c4d4726043a9f0a5dd2060c685e50a62240ad272\"" 
time="2017-11-15T01:17:34.439494462Z" level=debug msg="pulling blob \"sha256:88286f41530e93dffd4b964e1db22ce4939fffa4a4c665dab8591fbab03d4926\"" 
time="2017-11-15T01:17:34.439636520Z" level=debug msg="pulling blob \"sha256:564d30bd7dc2f4cabf814e319c81d81aae2acd8cb5e81715848c35ed754fa590\"" 
time="2017-11-15T01:17:34.605920010Z" level=debug msg="Downloaded 564d30bd7dc2 to tempfile /var/lib/docker/tmp/GetImageBlob144319540" 
time="2017-11-15T01:17:34.606144493Z" level=debug msg="pulling blob \"sha256:39b8f29b8ec96fb7d173a0f7eaea5c566a64793991c82fceba366277dbff4e99\"" 
time="2017-11-15T01:17:34.709545644Z" level=debug msg="Downloaded 88286f41530e to tempfile /var/lib/docker/tmp/GetImageBlob165187049" 
time="2017-11-15T01:17:34.709666983Z" level=debug msg="pulling blob \"sha256:cd8e6a6bdbfe683706f9b9ec30fdd00b204a16bfad5fe4a23d9c024c80eaf5dd\"" 
time="2017-11-15T01:17:34.736189945Z" level=debug msg="Downloaded 451e44d240b0 to tempfile /var/lib/docker/tmp/GetImageBlob725499954" 
time="2017-11-15T01:17:34.802176109Z" level=debug msg="Downloaded 39b8f29b8ec9 to tempfile /var/lib/docker/tmp/GetImageBlob888924675" 
time="2017-11-15T01:17:34.942004675Z" level=debug msg="Applied tar sha256:5bef08742407efd622d243692b79ba0055383bbce12900324f75e56f589aedb0 to bc4812d6f1a4cc25308c960ecc2cd23079d4df3058446e768ec70fe3d9662394, size: 3965955" 
time="2017-11-15T01:17:35.106953072Z" level=debug msg="Watch triggered with 1 nodes" discovery=etcd 
time="2017-11-15T01:17:35.312853580Z" level=debug msg="Applied tar sha256:ab0cb0fa66e1f975e4a703584be5249113b8ace4584e50bb0638d53183d9e32f to 9f56e46a5d03cc8cb21c32837a266fa5a74fb00100c2ef3d9bc5bdbb01706666, size: 7112094" 
time="2017-11-15T01:17:35.398029326Z" level=debug msg="Applied tar sha256:ad3d5ca9ce21152e711e807ad8e2a5ea77beee60049f840df235fda6c98c3784 to 94dc4970ab2d26dca6826846f2bd34cd45c6ec88da417be720c10880cc68f345, size: 231875" 
time="2017-11-15T01:17:35.610734538Z" level=debug msg="Applied tar sha256:52d031a668094eb8f3232988bf62f53825446fb71bbe219018f42ff831c38520 to c2b58b94fbb1104fe861f3ab500ebb59625dd8c9c354fe21292ddc8010d67134, size: 4496168" 
time="2017-11-15T01:17:36.672994481Z" level=debug msg="Downloaded cd8e6a6bdbfe to tempfile /var/lib/docker/tmp/GetImageBlob858784646" 
time="2017-11-15T01:17:40.051937465Z" level=debug msg="Applied tar sha256:de86c18b49a84840179a315b1d31907cd11d74fe0e605c3b58904f54058e4f21 to a3d9bfe20c2cb8ffe7b753fb0f0e1536453526dd48d1e020f950f6f1620b8fd1, size: 265837527" 
time="2017-11-15T01:17:40.066150676Z" level=debug msg="Calling POST /v1.30/containers/create?name=calico-node" 
time="2017-11-15T01:17:40.066448884Z" level=debug msg="form data: {\"AttachStderr\":false,\"AttachStdin\":false,\"AttachStdout\":false,\"Cmd\":null,\"Domainname\":\"\",\"Entrypoint\":null,\"Env\":[\"NODENAME=\",\"IP=10.0.0.4\",\"CALICO_NETWORKING_BACKEND=bird\",\"CALICO_LIBNETWORK_ENABLED=true\",\"ETCD_ENDPOINTS=http://128.101.118.108:2379\"],\"HostConfig\":{\"AutoRemove\":true,\"Binds\":[\"/var/log/calico:/var/log/calico\",\"/var/run/calico:/var/run/calico\",\"/lib/modules:/lib/modules\",\"/run:/run\",\"/run/docker/plugins:/run/docker/plugins\",\"/var/run/docker.sock:/var/run/docker.sock\"],\"BlkioDeviceReadBps\":null,\"BlkioDeviceReadIOps\":null,\"BlkioDeviceWriteBps\":null,\"BlkioDeviceWriteIOps\":null,\"BlkioWeight\":0,\"BlkioWeightDevice\":null,\"CapAdd\":null,\"CapDrop\":null,\"Cgroup\":\"\",\"CgroupParent\":\"\",\"ConsoleSize\":[0,0],\"ContainerIDFile\":\"\",\"CpuCount\":0,\"CpuPercent\":0,\"CpuPeriod\":0,\"CpuQuota\":0,\"CpuRealtimePeriod\":0,\"CpuRealtimeRuntime\":0,\"CpuShares\":0,\"CpusetCpus\":\"\",\"CpusetMems\":\"\",\"DeviceCgroupRules\":null,\"Devices\":[],\"DiskQuota\":0,\"Dns\":[],\"DnsOptions\":[],\"DnsSearch\":[],\"ExtraHosts\":null,\"GroupAdd\":null,\"IOMaximumBandwidth\":0,\"IOMaximumIOps\":0,\"IpcMode\":\"\",\"Isolation\":\"\",\"KernelMemory\":0,\"Links\":null,\"LogConfig\":{\"Config\":{},\"Type\":\"\"},\"Memory\":0,\"MemoryReservation\":0,\"MemorySwap\":0,\"MemorySwappiness\":-1,\"NanoCpus\":0,\"NetworkMode\":\"host\",\"OomKillDisable\":false,\"OomScoreAdj\":0,\"PidMode\":\"\",\"PidsLimit\":0,\"PortBindings\":{},\"Privileged\":true,\"PublishAllPorts\":false,\"ReadonlyRootfs\":false,\"RestartPolicy\":{\"MaximumRetryCount\":0,\"Name\":\"no\"},\"SecurityOpt\":null,\"ShmSize\":0,\"UTSMode\":\"\",\"Ulimits\":null,\"UsernsMode\":\"\",\"VolumeDriver\":\"\",\"VolumesFrom\":null},\"Hostname\":\"\",\"Image\":\"quay.io/calico/node:v2.6.2\",\"Labels\":{},\"NetworkingConfig\":{\"EndpointsConfig\":{}},\"OnBuild\":null,\"OpenStdin\":false,\"StdinOnce\":false,\"Tty\":false,\"User\":\"\",\"Volumes\":{},\"WorkingDir\":\"\"}" 
time="2017-11-15T01:17:40.068694029Z" level=warning msg="Couldn't run auplink before unmount /var/lib/docker/aufs/mnt/4d88331d7958ad3684422e002ff0a6e4f7817e8aa798f5abbf1613f73d326d58-init: exec: \"auplink\": executable file not found in $PATH" 
time="2017-11-15T01:17:40.088013329Z" level=debug msg="container mounted via layerStore: /var/lib/docker/aufs/mnt/4d88331d7958ad3684422e002ff0a6e4f7817e8aa798f5abbf1613f73d326d58" 
time="2017-11-15T01:17:40.088112109Z" level=warning msg="Couldn't run auplink before unmount /var/lib/docker/aufs/mnt/4d88331d7958ad3684422e002ff0a6e4f7817e8aa798f5abbf1613f73d326d58: exec: \"auplink\": executable file not found in $PATH" 
time="2017-11-15T01:17:40.098087784Z" level=debug msg="Calling POST /v1.30/containers/b23d1ca70eb1c2305aaf018efc8dff7226a4ca6d0204a05db97be1332db04714/wait?condition=removed" 
time="2017-11-15T01:17:40.098854905Z" level=debug msg="Calling POST /v1.30/containers/b23d1ca70eb1c2305aaf018efc8dff7226a4ca6d0204a05db97be1332db04714/start" 
time="2017-11-15T01:17:40.099829896Z" level=debug msg="container mounted via layerStore: /var/lib/docker/aufs/mnt/4d88331d7958ad3684422e002ff0a6e4f7817e8aa798f5abbf1613f73d326d58" 
time="2017-11-15T01:17:40.140548947Z" level=debug msg="EnableService b23d1ca70eb1c2305aaf018efc8dff7226a4ca6d0204a05db97be1332db04714 START" 
time="2017-11-15T01:17:40.140587048Z" level=debug msg="EnableService b23d1ca70eb1c2305aaf018efc8dff7226a4ca6d0204a05db97be1332db04714 DONE" 
time="2017-11-15T01:17:40.243711693Z" level=debug msg="libcontainerd: received containerd event: &types.Event{Type:\"start-container\", Id:\"b23d1ca70eb1c2305aaf018efc8dff7226a4ca6d0204a05db97be1332db04714\", Status:0x0, Pid:\"\", Timestamp:(*timestamp.Timestamp)(0xc420946170)}" 
time="2017-11-15T01:17:40.246525860Z" level=debug msg="libcontainerd: event unhandled: type:\"start-container\" id:\"b23d1ca70eb1c2305aaf018efc8dff7226a4ca6d0204a05db97be1332db04714\" timestamp:<seconds:1510708660 nanos:243211949 > " 
time="2017-11-15T01:17:50.070368662Z" level=debug msg="Watch triggered with 1 nodes" discovery=etcd 
time="2017-11-15T01:17:50.204249778Z" level=debug msg="Watch triggered with 1 nodes" discovery=etcd 
time="2017-11-15T01:17:50.316793176Z" level=debug msg="Watch triggered with 1 nodes" discovery=etcd 
time="2017-11-15T01:17:52.716806140Z" level=debug msg="Calling GET /_ping" 
time="2017-11-15T01:17:52.721033450Z" level=debug msg="Calling POST /v1.30/networks/create" 
time="2017-11-15T01:17:52.721755130Z" level=debug msg="form data: {\"Attachable\":false,\"CheckDuplicate\":true,\"ConfigFrom\":null,\"ConfigOnly\":false,\"Driver\":\"calico\",\"EnableIPv6\":false,\"IPAM\":{\"Config\":[],\"Driver\":\"calico-ipam\",\"Options\":{}},\"Ingress\":false,\"Internal\":false,\"Labels\":{},\"Name\":\"net1\",\"Options\":{},\"Scope\":\"\"}" 
time="2017-11-15T01:17:52.726630684Z" level=debug msg="calico implements: NetworkDriver" 
time="2017-11-15T01:17:52.727960473Z" level=debug msg="calico-ipam implements: IpamDriver" 
time="2017-11-15T01:17:52.727995500Z" level=debug msg="Allocating IPv4 pools for network net1 (93f91f932188cbbeee7e12b5ed091fe4b7a7f0d6dcdf08584f15b6d1ba1349e8)" 
time="2017-11-15T01:17:52.730894598Z" level=debug msg="/sbin/iptables, [--wait -t filter -n -L DOCKER-USER]" 
time="2017-11-15T01:17:52.734941310Z" level=debug msg="/sbin/iptables, [--wait -t filter -C DOCKER-USER -j RETURN]" 
time="2017-11-15T01:17:52.738174825Z" level=debug msg="/sbin/iptables, [--wait -t filter -C FORWARD -j DOCKER-USER]" 
time="2017-11-15T01:17:52.741420241Z" level=debug msg="/sbin/iptables, [--wait -D FORWARD -j DOCKER-USER]" 
time="2017-11-15T01:17:52.747177823Z" level=debug msg="/sbin/iptables, [--wait -I FORWARD -j DOCKER-USER]" 
time="2017-11-15T01:17:52.752802328Z" level=debug msg="calico implements: NetworkDriver" 
time="2017-11-15T01:17:52.752873320Z" level=debug msg="calico-ipam implements: IpamDriver" 
time="2017-11-15T01:17:53.211451987Z" level=debug msg="Calling GET /_ping" 
time="2017-11-15T01:17:53.214518137Z" level=debug msg="Calling POST /v1.30/containers/create?name=mist48-umh1-net1-1" 
time="2017-11-15T01:17:53.215032245Z" level=debug msg="form data: {\"AttachStderr\":false,\"AttachStdin\":false,\"AttachStdout\":false,\"Cmd\":null,\"Domainname\":\"\",\"Entrypoint\":null,\"Env\":[],\"HostConfig\":{\"AutoRemove\":false,\"Binds\":null,\"BlkioDeviceReadBps\":null,\"BlkioDeviceReadIOps\":null,\"BlkioDeviceWriteBps\":null,\"BlkioDeviceWriteIOps\":null,\"BlkioWeight\":0,\"BlkioWeightDevice\":null,\"CapAdd\":null,\"CapDrop\":null,\"Cgroup\":\"\",\"CgroupParent\":\"\",\"ConsoleSize\":[0,0],\"ContainerIDFile\":\"\",\"CpuCount\":0,\"CpuPercent\":0,\"CpuPeriod\":0,\"CpuQuota\":0,\"CpuRealtimePeriod\":0,\"CpuRealtimeRuntime\":0,\"CpuShares\":0,\"CpusetCpus\":\"\",\"CpusetMems\":\"\",\"DeviceCgroupRules\":null,\"Devices\":[],\"DiskQuota\":0,\"Dns\":[],\"DnsOptions\":[],\"DnsSearch\":[],\"ExtraHosts\":null,\"GroupAdd\":null,\"IOMaximumBandwidth\":0,\"IOMaximumIOps\":0,\"IpcMode\":\"\",\"Isolation\":\"\",\"KernelMemory\":0,\"Links\":null,\"LogConfig\":{\"Config\":{},\"Type\":\"\"},\"Memory\":0,\"MemoryReservation\":0,\"MemorySwap\":0,\"MemorySwappiness\":-1,\"NanoCpus\":0,\"NetworkMode\":\"net1\",\"OomKillDisable\":false,\"OomScoreAdj\":0,\"PidMode\":\"\",\"PidsLimit\":0,\"PortBindings\":{},\"Privileged\":false,\"PublishAllPorts\":false,\"ReadonlyRootfs\":false,\"RestartPolicy\":{\"MaximumRetryCount\":0,\"Name\":\"no\"},\"SecurityOpt\":null,\"ShmSize\":0,\"UTSMode\":\"\",\"Ulimits\":null,\"UsernsMode\":\"\",\"VolumeDriver\":\"\",\"VolumesFrom\":null},\"Hostname\":\"\",\"Image\":\"busybox\",\"Labels\":{},\"NetworkingConfig\":{\"EndpointsConfig\":{}},\"OnBuild\":null,\"OpenStdin\":true,\"StdinOnce\":false,\"Tty\":true,\"User\":\"\",\"Volumes\":{},\"WorkingDir\":\"\"}" 
time="2017-11-15T01:17:53.217070994Z" level=debug msg="Calling GET /v1.30/info" 
time="2017-11-15T01:17:53.234531851Z" level=debug msg="Calling POST /v1.30/images/create?fromImage=busybox&tag=latest" 
time="2017-11-15T01:17:53.234748889Z" level=debug msg="Trying to pull busybox from https://registry-1.docker.io v2" 
time="2017-11-15T01:17:53.619671297Z" level=debug msg="Pulling ref from V2 registry: busybox:latest" 
time="2017-11-15T01:17:53.619753401Z" level=debug msg="docker.io/library/busybox:latest resolved to a manifestList object with 8 entries; looking for a os/arch match" 
time="2017-11-15T01:17:53.619779225Z" level=debug msg="found match for linux/amd64 with media type application/vnd.docker.distribution.manifest.v2+json, digest sha256:91ef6c1c52b166be02645b8efee30d1ee65362024f7da41c404681561734c465" 
time="2017-11-15T01:17:53.807069318Z" level=debug msg="pulling blob \"sha256:0ffadd58f2a61468f527cc4f0fc45272ee4a1a428abe014546c89de2aa6a0eb5\"" 
time="2017-11-15T01:17:53.974113527Z" level=debug msg="Downloaded 0ffadd58f2a6 to tempfile /var/lib/docker/tmp/GetImageBlob129006207" 
time="2017-11-15T01:17:54.090903439Z" level=debug msg="Applied tar sha256:0271b8eebde3fa9a6126b1f2335e170f902731ab4942f9f1914e77016540c7bb to 9c401d7ef2ecdd43e97e4bf43233663dc3e7552ce7fa668e2a5891518ed3da1f, size: 1129289" 
time="2017-11-15T01:17:54.101630378Z" level=debug msg="Calling POST /v1.30/containers/create?name=mist48-umh1-net1-1" 
time="2017-11-15T01:17:54.102164105Z" level=debug msg="form data: {\"AttachStderr\":false,\"AttachStdin\":false,\"AttachStdout\":false,\"Cmd\":null,\"Domainname\":\"\",\"Entrypoint\":null,\"Env\":[],\"HostConfig\":{\"AutoRemove\":false,\"Binds\":null,\"BlkioDeviceReadBps\":null,\"BlkioDeviceReadIOps\":null,\"BlkioDeviceWriteBps\":null,\"BlkioDeviceWriteIOps\":null,\"BlkioWeight\":0,\"BlkioWeightDevice\":null,\"CapAdd\":null,\"CapDrop\":null,\"Cgroup\":\"\",\"CgroupParent\":\"\",\"ConsoleSize\":[0,0],\"ContainerIDFile\":\"\",\"CpuCount\":0,\"CpuPercent\":0,\"CpuPeriod\":0,\"CpuQuota\":0,\"CpuRealtimePeriod\":0,\"CpuRealtimeRuntime\":0,\"CpuShares\":0,\"CpusetCpus\":\"\",\"CpusetMems\":\"\",\"DeviceCgroupRules\":null,\"Devices\":[],\"DiskQuota\":0,\"Dns\":[],\"DnsOptions\":[],\"DnsSearch\":[],\"ExtraHosts\":null,\"GroupAdd\":null,\"IOMaximumBandwidth\":0,\"IOMaximumIOps\":0,\"IpcMode\":\"\",\"Isolation\":\"\",\"KernelMemory\":0,\"Links\":null,\"LogConfig\":{\"Config\":{},\"Type\":\"\"},\"Memory\":0,\"MemoryReservation\":0,\"MemorySwap\":0,\"MemorySwappiness\":-1,\"NanoCpus\":0,\"NetworkMode\":\"net1\",\"OomKillDisable\":false,\"OomScoreAdj\":0,\"PidMode\":\"\",\"PidsLimit\":0,\"PortBindings\":{},\"Privileged\":false,\"PublishAllPorts\":false,\"ReadonlyRootfs\":false,\"RestartPolicy\":{\"MaximumRetryCount\":0,\"Name\":\"no\"},\"SecurityOpt\":null,\"ShmSize\":0,\"UTSMode\":\"\",\"Ulimits\":null,\"UsernsMode\":\"\",\"VolumeDriver\":\"\",\"VolumesFrom\":null},\"Hostname\":\"\",\"Image\":\"busybox\",\"Labels\":{},\"NetworkingConfig\":{\"EndpointsConfig\":{}},\"OnBuild\":null,\"OpenStdin\":true,\"StdinOnce\":false,\"Tty\":true,\"User\":\"\",\"Volumes\":{},\"WorkingDir\":\"\"}" 
time="2017-11-15T01:17:54.107436256Z" level=warning msg="Couldn't run auplink before unmount /var/lib/docker/aufs/mnt/efd4ff372d6bdf63dc05fe7601170ebb9102ca4443498248f97fbc1a44809405-init: exec: \"auplink\": executable file not found in $PATH" 
time="2017-11-15T01:17:54.127519779Z" level=debug msg="container mounted via layerStore: /var/lib/docker/aufs/mnt/efd4ff372d6bdf63dc05fe7601170ebb9102ca4443498248f97fbc1a44809405" 
time="2017-11-15T01:17:54.127668748Z" level=warning msg="Couldn't run auplink before unmount /var/lib/docker/aufs/mnt/efd4ff372d6bdf63dc05fe7601170ebb9102ca4443498248f97fbc1a44809405: exec: \"auplink\": executable file not found in $PATH" 
time="2017-11-15T01:17:54.144684477Z" level=debug msg="Calling POST /v1.30/containers/27341cdd9e542f2c4c219bcc5700dd4b870233f9e16e437b8a88d16d862b8f58/wait?condition=next-exit" 
time="2017-11-15T01:17:54.145401450Z" level=debug msg="Calling POST /v1.30/containers/27341cdd9e542f2c4c219bcc5700dd4b870233f9e16e437b8a88d16d862b8f58/start" 
time="2017-11-15T01:17:54.146085241Z" level=debug msg="container mounted via layerStore: /var/lib/docker/aufs/mnt/efd4ff372d6bdf63dc05fe7601170ebb9102ca4443498248f97fbc1a44809405" 
time="2017-11-15T01:17:54.152153447Z" level=debug msg="Assigning addresses for endpoint mist48-umh1-net1-1's interface on network net1" 
time="2017-11-15T01:17:54.160863232Z" level=debug msg="Calling GET /v1.21/networks/93f91f932188cbbeee7e12b5ed091fe4b7a7f0d6dcdf08584f15b6d1ba1349e8" 
time="2017-11-15T01:17:54.169702340Z" level=debug msg="Assigning addresses for endpoint mist48-umh1-net1-1's interface on network net1" 
time="2017-11-15T01:17:54.170943432Z" level=debug msg="da9afe50ae9822059f1979a52dd3b8dab7a698c340760f4665cc6b6a03c238f4 (93f91f9).addSvcRecords(mist48-umh1-net1-1, 192.168.128.64, <nil>, true) updateSvcRecord sid:da9afe50ae9822059f1979a52dd3b8dab7a698c340760f4665cc6b6a03c238f4" 
time="2017-11-15T01:17:54.171051284Z" level=debug msg="da9afe50ae9822059f1979a52dd3b8dab7a698c340760f4665cc6b6a03c238f4 (93f91f9).addSvcRecords(27341cdd9e54, 192.168.128.64, <nil>, false) updateSvcRecord sid:da9afe50ae9822059f1979a52dd3b8dab7a698c340760f4665cc6b6a03c238f4" 
time="2017-11-15T01:17:54.175470237Z" level=info msg="No non-localhost DNS nameservers are left in resolv.conf. Using default external servers: [nameserver 8.8.8.8 nameserver 8.8.4.4]" 
time="2017-11-15T01:17:54.175505164Z" level=info msg="IPv6 enabled; Adding default IPv6 external servers: [nameserver 2001:4860:4860::8888 nameserver 2001:4860:4860::8844]" 
time="2017-11-15T01:17:54.182244813Z" level=debug msg="da9afe50ae9822059f1979a52dd3b8dab7a698c340760f4665cc6b6a03c238f4 (93f91f9).addSvcRecords(mist48-umh1-net1-1, 192.168.128.64, <nil>, true) updateSvcRecord sid:da9afe50ae9822059f1979a52dd3b8dab7a698c340760f4665cc6b6a03c238f4" 
time="2017-11-15T01:17:54.182304916Z" level=debug msg="da9afe50ae9822059f1979a52dd3b8dab7a698c340760f4665cc6b6a03c238f4 (93f91f9).addSvcRecords(27341cdd9e54, 192.168.128.64, <nil>, false) updateSvcRecord sid:da9afe50ae9822059f1979a52dd3b8dab7a698c340760f4665cc6b6a03c238f4" 
time="2017-11-15T01:17:54.184538689Z" level=debug msg="Programming external connectivity on endpoint mist48-umh1-net1-1 (da9afe50ae9822059f1979a52dd3b8dab7a698c340760f4665cc6b6a03c238f4)" 
time="2017-11-15T01:17:54.185214913Z" level=debug msg="EnableService 27341cdd9e542f2c4c219bcc5700dd4b870233f9e16e437b8a88d16d862b8f58 START" 
time="2017-11-15T01:17:54.185248345Z" level=debug msg="EnableService 27341cdd9e542f2c4c219bcc5700dd4b870233f9e16e437b8a88d16d862b8f58 DONE" 
time="2017-11-15T01:17:54.231259997Z" level=debug msg="5cb771cd67c602dc928cdd5402e1ce1e0aa57638da0c70ca02c56eb667cd7623 (93f91f9).addSvcRecords(mist28-umh1-net1-1, 192.168.131.128, <nil>, true) updateSvcRecord sid:5cb771cd67c602dc928cdd5402e1ce1e0aa57638da0c70ca02c56eb667cd7623" 
time="2017-11-15T01:17:54.231320078Z" level=debug msg="5cb771cd67c602dc928cdd5402e1ce1e0aa57638da0c70ca02c56eb667cd7623 (93f91f9).addSvcRecords(3bc811997f85, 192.168.131.128, <nil>, false) updateSvcRecord sid:5cb771cd67c602dc928cdd5402e1ce1e0aa57638da0c70ca02c56eb667cd7623" 
time="2017-11-15T01:17:54.236855001Z" level=debug msg="a9969d786e13365990ec89f1c06e0b9f4ba1a63e9f95ed17f24be9e45a355355 (93f91f9).addSvcRecords(mist41-umh1-net1-1, 192.168.57.128, <nil>, true) updateSvcRecord sid:a9969d786e13365990ec89f1c06e0b9f4ba1a63e9f95ed17f24be9e45a355355" 
time="2017-11-15T01:17:54.236921332Z" level=debug msg="a9969d786e13365990ec89f1c06e0b9f4ba1a63e9f95ed17f24be9e45a355355 (93f91f9).addSvcRecords(6e474a51d87f, 192.168.57.128, <nil>, false) updateSvcRecord sid:a9969d786e13365990ec89f1c06e0b9f4ba1a63e9f95ed17f24be9e45a355355" 
time="2017-11-15T01:17:54.295821634Z" level=debug msg="b0e696f7a8f1a21db7d0e63e5cfd7686821fc6f2aa7fc353946cb0a5333399d9 (93f91f9).addSvcRecords(mist26-umh1-net1-1, 192.168.94.64, <nil>, true) updateSvcRecord sid:b0e696f7a8f1a21db7d0e63e5cfd7686821fc6f2aa7fc353946cb0a5333399d9" 
time="2017-11-15T01:17:54.295881013Z" level=debug msg="b0e696f7a8f1a21db7d0e63e5cfd7686821fc6f2aa7fc353946cb0a5333399d9 (93f91f9).addSvcRecords(a8be6b0d9c1e, 192.168.94.64, <nil>, false) updateSvcRecord sid:b0e696f7a8f1a21db7d0e63e5cfd7686821fc6f2aa7fc353946cb0a5333399d9" 
time="2017-11-15T01:17:54Z" level=warning msg="Running modprobe nf_nat failed with message: `ip: can't find device 'nf_nat'\nnf_nat_ipv6            16384  1 ip6table_nat\nnf_nat_masquerade_ipv4    16384  1 ipt_MASQUERADE\nnf_nat_ipv4            16384  1 iptable_nat\nnf_nat                 24576  4 nf_nat_ipv6,xt_nat,nf_nat_masquerade_ipv4,nf_nat_ipv4\nnf_conntrack          106496  8 nf_conntrack_ipv6,nf_nat_ipv6,nf_nat_masquerade_ipv4,nf_conntrack_netlink,nf_conntrack_ipv4,nf_nat_ipv4,xt_conntrack,nf_nat\nmodprobe: can't change directory to '3.19.0-58-generic': No such file or directory`, error: exit status 1" 
time="2017-11-15T01:17:54Z" level=warning msg="Running modprobe xt_conntrack failed with message: `ip: can't find device 'xt_conntrack'\nxt_conntrack           16384 23 \nnf_conntrack          106496  8 nf_conntrack_ipv6,nf_nat_ipv6,nf_nat_masquerade_ipv4,nf_conntrack_netlink,nf_conntrack_ipv4,nf_nat_ipv4,xt_conntrack,nf_nat\nx_tables               36864 19 ip6t_rpfilter,ip6table_filter,ip6table_raw,ip6table_mangle,ip6_tables,xt_comment,xt_set,iptable_raw,ipt_REJECT,xt_nat,xt_tcpudp,iptable_mangle,xt_mark,ipt_MASQUERADE,xt_addrtype,xt_conntrack,xt_multiport,iptable_filter,ip_tables\nmodprobe: can't change directory to '3.19.0-58-generic': No such file or directory`, error: exit status 1" 
time="2017-11-15T01:17:54.443567629Z" level=debug msg="sandbox set key processing took 165.505312ms for container 27341cdd9e542f2c4c219bcc5700dd4b870233f9e16e437b8a88d16d862b8f58" 
time="2017-11-15T01:17:54.539592818Z" level=debug msg="libcontainerd: received containerd event: &types.Event{Type:\"start-container\", Id:\"27341cdd9e542f2c4c219bcc5700dd4b870233f9e16e437b8a88d16d862b8f58\", Status:0x0, Pid:\"\", Timestamp:(*timestamp.Timestamp)(0xc420b3cf60)}" 
time="2017-11-15T01:17:54.542655820Z" level=debug msg="libcontainerd: event unhandled: type:\"start-container\" id:\"27341cdd9e542f2c4c219bcc5700dd4b870233f9e16e437b8a88d16d862b8f58\" timestamp:<seconds:1510708674 nanos:539359676 > " 
time="2017-11-15T01:17:54.617476413Z" level=debug msg="Calling GET /_ping" 
time="2017-11-15T01:17:54.621016895Z" level=debug msg="Calling POST /v1.30/containers/create?name=mist48-umh1-net1-2" 
time="2017-11-15T01:17:54.621585153Z" level=debug msg="form data: {\"AttachStderr\":false,\"AttachStdin\":false,\"AttachStdout\":false,\"Cmd\":null,\"Domainname\":\"\",\"Entrypoint\":null,\"Env\":[],\"HostConfig\":{\"AutoRemove\":false,\"Binds\":null,\"BlkioDeviceReadBps\":null,\"BlkioDeviceReadIOps\":null,\"BlkioDeviceWriteBps\":null,\"BlkioDeviceWriteIOps\":null,\"BlkioWeight\":0,\"BlkioWeightDevice\":null,\"CapAdd\":null,\"CapDrop\":null,\"Cgroup\":\"\",\"CgroupParent\":\"\",\"ConsoleSize\":[0,0],\"ContainerIDFile\":\"\",\"CpuCount\":0,\"CpuPercent\":0,\"CpuPeriod\":0,\"CpuQuota\":0,\"CpuRealtimePeriod\":0,\"CpuRealtimeRuntime\":0,\"CpuShares\":0,\"CpusetCpus\":\"\",\"CpusetMems\":\"\",\"DeviceCgroupRules\":null,\"Devices\":[],\"DiskQuota\":0,\"Dns\":[],\"DnsOptions\":[],\"DnsSearch\":[],\"ExtraHosts\":null,\"GroupAdd\":null,\"IOMaximumBandwidth\":0,\"IOMaximumIOps\":0,\"IpcMode\":\"\",\"Isolation\":\"\",\"KernelMemory\":0,\"Links\":null,\"LogConfig\":{\"Config\":{},\"Type\":\"\"},\"Memory\":0,\"MemoryReservation\":0,\"MemorySwap\":0,\"MemorySwappiness\":-1,\"NanoCpus\":0,\"NetworkMode\":\"net1\",\"OomKillDisable\":false,\"OomScoreAdj\":0,\"PidMode\":\"\",\"PidsLimit\":0,\"PortBindings\":{},\"Privileged\":false,\"PublishAllPorts\":false,\"ReadonlyRootfs\":false,\"RestartPolicy\":{\"MaximumRetryCount\":0,\"Name\":\"no\"},\"SecurityOpt\":null,\"ShmSize\":0,\"UTSMode\":\"\",\"Ulimits\":null,\"UsernsMode\":\"\",\"VolumeDriver\":\"\",\"VolumesFrom\":null},\"Hostname\":\"\",\"Image\":\"busybox\",\"Labels\":{},\"NetworkingConfig\":{\"EndpointsConfig\":{}},\"OnBuild\":null,\"OpenStdin\":true,\"StdinOnce\":false,\"Tty\":true,\"User\":\"\",\"Volumes\":{},\"WorkingDir\":\"\"}" 
time="2017-11-15T01:17:54.626740435Z" level=warning msg="Couldn't run auplink before unmount /var/lib/docker/aufs/mnt/7d885214c78b8a11bf8c53d7d06b555ac774bf8d506cd02b81aa40afc4d020f0-init: exec: \"auplink\": executable file not found in $PATH" 
time="2017-11-15T01:17:54.642625292Z" level=debug msg="container mounted via layerStore: /var/lib/docker/aufs/mnt/7d885214c78b8a11bf8c53d7d06b555ac774bf8d506cd02b81aa40afc4d020f0" 
time="2017-11-15T01:17:54.642761920Z" level=warning msg="Couldn't run auplink before unmount /var/lib/docker/aufs/mnt/7d885214c78b8a11bf8c53d7d06b555ac774bf8d506cd02b81aa40afc4d020f0: exec: \"auplink\": executable file not found in $PATH" 
time="2017-11-15T01:17:54.660616971Z" level=debug msg="Calling POST /v1.30/containers/84a122010f780d4365fa38c0cfa47210c28932752b58435f78176592e9712e44/wait?condition=next-exit" 
time="2017-11-15T01:17:54.661377725Z" level=debug msg="Calling POST /v1.30/containers/84a122010f780d4365fa38c0cfa47210c28932752b58435f78176592e9712e44/start" 
time="2017-11-15T01:17:54.662433647Z" level=debug msg="container mounted via layerStore: /var/lib/docker/aufs/mnt/7d885214c78b8a11bf8c53d7d06b555ac774bf8d506cd02b81aa40afc4d020f0" 
time="2017-11-15T01:17:54.669830645Z" level=debug msg="Assigning addresses for endpoint mist48-umh1-net1-2's interface on network net1" 
time="2017-11-15T01:17:54.675235641Z" level=debug msg="Calling GET /v1.21/networks/93f91f932188cbbeee7e12b5ed091fe4b7a7f0d6dcdf08584f15b6d1ba1349e8" 
time="2017-11-15T01:17:54.684326189Z" level=debug msg="Assigning addresses for endpoint mist48-umh1-net1-2's interface on network net1" 
time="2017-11-15T01:17:54.685401110Z" level=debug msg="f463392c3700dfa3d7a5dd11324a793c764ab9576a2d1fde738d342e95d6cdb8 (93f91f9).addSvcRecords(mist48-umh1-net1-2, 192.168.128.65, <nil>, true) updateSvcRecord sid:f463392c3700dfa3d7a5dd11324a793c764ab9576a2d1fde738d342e95d6cdb8" 
time="2017-11-15T01:17:54.685481406Z" level=debug msg="f463392c3700dfa3d7a5dd11324a793c764ab9576a2d1fde738d342e95d6cdb8 (93f91f9).addSvcRecords(84a122010f78, 192.168.128.65, <nil>, false) updateSvcRecord sid:f463392c3700dfa3d7a5dd11324a793c764ab9576a2d1fde738d342e95d6cdb8" 
time="2017-11-15T01:17:54.690241822Z" level=info msg="No non-localhost DNS nameservers are left in resolv.conf. Using default external servers: [nameserver 8.8.8.8 nameserver 8.8.4.4]" 
time="2017-11-15T01:17:54.690395781Z" level=info msg="IPv6 enabled; Adding default IPv6 external servers: [nameserver 2001:4860:4860::8888 nameserver 2001:4860:4860::8844]" 
time="2017-11-15T01:17:54.701020411Z" level=debug msg="26fd893310a8f34c9783d37f3ed635cfe6ca8486c33c3fd62342d2a29026f979 (93f91f9).addSvcRecords(mist41-umh1-net1-2, 192.168.57.129, <nil>, true) updateSvcRecord sid:26fd893310a8f34c9783d37f3ed635cfe6ca8486c33c3fd62342d2a29026f979" 
time="2017-11-15T01:17:54.701085746Z" level=debug msg="26fd893310a8f34c9783d37f3ed635cfe6ca8486c33c3fd62342d2a29026f979 (93f91f9).addSvcRecords(2631993d518e, 192.168.57.129, <nil>, false) updateSvcRecord sid:26fd893310a8f34c9783d37f3ed635cfe6ca8486c33c3fd62342d2a29026f979" 
time="2017-11-15T01:17:54.749983574Z" level=debug msg="f463392c3700dfa3d7a5dd11324a793c764ab9576a2d1fde738d342e95d6cdb8 (93f91f9).addSvcRecords(mist48-umh1-net1-2, 192.168.128.65, <nil>, true) updateSvcRecord sid:f463392c3700dfa3d7a5dd11324a793c764ab9576a2d1fde738d342e95d6cdb8" 
time="2017-11-15T01:17:54.750096674Z" level=debug msg="f463392c3700dfa3d7a5dd11324a793c764ab9576a2d1fde738d342e95d6cdb8 (93f91f9).addSvcRecords(84a122010f78, 192.168.128.65, <nil>, false) updateSvcRecord sid:f463392c3700dfa3d7a5dd11324a793c764ab9576a2d1fde738d342e95d6cdb8" 
time="2017-11-15T01:17:54.751418224Z" level=debug msg="Programming external connectivity on endpoint mist48-umh1-net1-2 (f463392c3700dfa3d7a5dd11324a793c764ab9576a2d1fde738d342e95d6cdb8)" 
time="2017-11-15T01:17:54.751799188Z" level=debug msg="EnableService 84a122010f780d4365fa38c0cfa47210c28932752b58435f78176592e9712e44 START" 
time="2017-11-15T01:17:54.751833708Z" level=debug msg="EnableService 84a122010f780d4365fa38c0cfa47210c28932752b58435f78176592e9712e44 DONE" 
time="2017-11-15T01:17:54.768795462Z" level=debug msg="b56994e9f45ec91da3d09e0a5576668a235d65fd54ac4c255564fca25f0f4e93 (93f91f9).addSvcRecords(mist28-umh1-net1-2, 192.168.131.129, <nil>, true) updateSvcRecord sid:b56994e9f45ec91da3d09e0a5576668a235d65fd54ac4c255564fca25f0f4e93" 
time="2017-11-15T01:17:54.768856712Z" level=debug msg="b56994e9f45ec91da3d09e0a5576668a235d65fd54ac4c255564fca25f0f4e93 (93f91f9).addSvcRecords(ff7bb42eb051, 192.168.131.129, <nil>, false) updateSvcRecord sid:b56994e9f45ec91da3d09e0a5576668a235d65fd54ac4c255564fca25f0f4e93" 
time="2017-11-15T01:17:54Z" level=warning msg="Running modprobe nf_nat failed with message: `ip: can't find device 'nf_nat'\nnf_nat_ipv6            16384  1 ip6table_nat\nnf_nat_masquerade_ipv4    16384  1 ipt_MASQUERADE\nnf_nat_ipv4            16384  1 iptable_nat\nnf_nat                 24576  4 nf_nat_ipv6,xt_nat,nf_nat_masquerade_ipv4,nf_nat_ipv4\nnf_conntrack          106496  8 nf_conntrack_ipv6,nf_nat_ipv6,nf_nat_masquerade_ipv4,nf_conntrack_netlink,nf_conntrack_ipv4,nf_nat_ipv4,xt_conntrack,nf_nat\nmodprobe: can't change directory to '3.19.0-58-generic': No such file or directory`, error: exit status 1" 
time="2017-11-15T01:17:54.904464384Z" level=debug msg="1a251f894f7ccf1933d08412042c230999d328d45e7e91c7899723ec7a826ca5 (93f91f9).addSvcRecords(mist26-umh1-net1-2, 192.168.94.65, <nil>, true) updateSvcRecord sid:1a251f894f7ccf1933d08412042c230999d328d45e7e91c7899723ec7a826ca5" 
time="2017-11-15T01:17:54.904526098Z" level=debug msg="1a251f894f7ccf1933d08412042c230999d328d45e7e91c7899723ec7a826ca5 (93f91f9).addSvcRecords(ae0a5f95dd72, 192.168.94.65, <nil>, false) updateSvcRecord sid:1a251f894f7ccf1933d08412042c230999d328d45e7e91c7899723ec7a826ca5" 
time="2017-11-15T01:17:54Z" level=warning msg="Running modprobe xt_conntrack failed with message: `ip: can't find device 'xt_conntrack'\nxt_conntrack           16384 31 \nnf_conntrack          106496  8 nf_conntrack_ipv6,nf_nat_ipv6,nf_nat_masquerade_ipv4,nf_conntrack_netlink,nf_conntrack_ipv4,nf_nat_ipv4,xt_conntrack,nf_nat\nx_tables               36864 19 ip6t_rpfilter,ip6table_filter,ip6table_raw,ip6table_mangle,ip6_tables,xt_comment,xt_set,iptable_raw,ipt_REJECT,xt_nat,xt_tcpudp,iptable_mangle,xt_mark,ipt_MASQUERADE,xt_addrtype,xt_conntrack,xt_multiport,iptable_filter,ip_tables\nmodprobe: can't change directory to '3.19.0-58-generic': No such file or directory`, error: exit status 1" 
time="2017-11-15T01:17:54.974977222Z" level=debug msg="sandbox set key processing took 137.462439ms for container 84a122010f780d4365fa38c0cfa47210c28932752b58435f78176592e9712e44" 
time="2017-11-15T01:17:55.055235174Z" level=debug msg="libcontainerd: received containerd event: &types.Event{Type:\"start-container\", Id:\"84a122010f780d4365fa38c0cfa47210c28932752b58435f78176592e9712e44\", Status:0x0, Pid:\"\", Timestamp:(*timestamp.Timestamp)(0xc420cb0110)}" 
time="2017-11-15T01:17:55.058809741Z" level=debug msg="libcontainerd: event unhandled: type:\"start-container\" id:\"84a122010f780d4365fa38c0cfa47210c28932752b58435f78176592e9712e44\" timestamp:<seconds:1510708675 nanos:55037159 > " 
time="2017-11-15T01:17:55.100750671Z" level=debug msg="Watch triggered with 1 nodes" discovery=etcd 
time="2017-11-15T01:18:10.080675733Z" level=debug msg="Watch triggered with 1 nodes" discovery=etcd 
time="2017-11-15T01:18:10.204359712Z" level=debug msg="Watch triggered with 1 nodes" discovery=etcd 
time="2017-11-15T01:18:10.326326718Z" level=debug msg="Watch triggered with 1 nodes" discovery=etcd 
time="2017-11-15T01:18:15.102053462Z" level=debug msg="Watch triggered with 1 nodes" discovery=etcd 
