time="2017-11-15T01:17:25.829926354Z" level=warning msg="could not change group /var/run/docker.sock to docker: group docker not found" 
time="2017-11-15T01:17:25.830140530Z" level=warning msg="[!] DON'T BIND ON ANY IP ADDRESS WITHOUT setting --tlsverify IF YOU DON'T KNOW WHAT YOU'RE DOING [!]" 
time="2017-11-15T01:17:25.830429863Z" level=warning msg="libcontainerd: makeUpgradeProof could not open /var/run/docker/libcontainerd/containerd" 
time="2017-11-15T01:17:25.831521755Z" level=info msg="libcontainerd: new containerd process, pid: 18" 
time="2017-11-15T01:17:26.834887054Z" level=warning msg="failed to rename /var/lib/docker/tmp for background deletion: rename /var/lib/docker/tmp /var/lib/docker/tmp-old: no such file or directory. Deleting synchronously" 
time="2017-11-15T01:17:26.944156365Z" level=info msg="Graph migration to content-addressability took 0.00 seconds" 
time="2017-11-15T01:17:26.944445831Z" level=warning msg="Your kernel does not support swap memory limit" 
time="2017-11-15T01:17:26.944521811Z" level=warning msg="Your kernel does not support cgroup rt period" 
time="2017-11-15T01:17:26.944538525Z" level=warning msg="Your kernel does not support cgroup rt runtime" 
time="2017-11-15T01:17:26.944686496Z" level=warning msg="mountpoint for pids not found" 
time="2017-11-15T01:17:26.945341914Z" level=info msg="Loading containers: start." 
time="2017-11-15T01:17:26.958969551Z" level=warning msg="Running modprobe bridge br_netfilter failed with message: ip: can't find device 'bridge'\nbridge                110592  1 br_netfilter\nstp                    16384  1 bridge\nllc                    16384  2 bridge,stp\nip: can't find device 'br_netfilter'\nbr_netfilter           20480  0 \nbridge                110592  1 br_netfilter\nmodprobe: can't change directory to '/lib/modules': No such file or directory\n, error: exit status 1" 
time="2017-11-15T01:17:26.966568014Z" level=warning msg="Running modprobe nf_nat failed with message: `ip: can't find device 'nf_nat'\nnf_nat_ipv6            16384  1 ip6table_nat\nnf_nat_masquerade_ipv4    16384  1 ipt_MASQUERADE\nnf_nat_ipv4            16384  1 iptable_nat\nnf_nat                 24576  4 nf_nat_ipv6,xt_nat,nf_nat_masquerade_ipv4,nf_nat_ipv4\nnf_conntrack          106496  8 nf_conntrack_ipv6,nf_nat_ipv6,nf_nat_masquerade_ipv4,nf_conntrack_netlink,nf_conntrack_ipv4,nf_nat_ipv4,xt_conntrack,nf_nat\nmodprobe: can't change directory to '/lib/modules': No such file or directory`, error: exit status 1" 
time="2017-11-15T01:17:26.974224694Z" level=warning msg="Running modprobe xt_conntrack failed with message: `ip: can't find device 'xt_conntrack'\nxt_conntrack           16384  4 \nx_tables               36864 19 ip6t_rpfilter,ip6table_raw,ip6table_mangle,ip6table_filter,ip6_tables,xt_comment,xt_set,iptable_raw,ipt_REJECT,xt_multiport,xt_nat,xt_tcpudp,iptable_mangle,xt_mark,ipt_MASQUERADE,xt_addrtype,iptable_filter,ip_tables,xt_conntrack\nnf_conntrack          106496  8 nf_conntrack_ipv6,nf_nat_ipv6,nf_nat_masquerade_ipv4,nf_conntrack_netlink,nf_conntrack_ipv4,nf_nat_ipv4,xt_conntrack,nf_nat\nmodprobe: can't change directory to '/lib/modules': No such file or directory`, error: exit status 1" 
time="2017-11-15T01:17:27.121626487Z" level=info msg="Default bridge (docker0) is assigned with an IP address 172.17.0.0/16. Daemon option --bip can be used to set a preferred IP address" 
time="2017-11-15T01:17:27.198459690Z" level=info msg="Loading containers: done." 
time="2017-11-15T01:17:27.200284553Z" level=warning msg="Couldn't run auplink before unmount /var/lib/docker/tmp/docker-aufs-union228851231: exec: \"auplink\": executable file not found in $PATH" 
time="2017-11-15T01:17:27.220735152Z" level=info msg="Daemon has completed initialization" 
time="2017-11-15T01:17:27.220799056Z" level=info msg="Docker daemon" commit=cec0b72 graphdriver=aufs version=17.06.2-ce 
time="2017-11-15T01:17:27.233453527Z" level=info msg="API listen on [::]:2375" 
time="2017-11-15T01:17:27.233465006Z" level=info msg="API listen on /var/run/docker.sock" 
time="2017-11-15T01:17:31.088210169Z" level=info msg="Got signal to reload configuration, reloading from: /etc/docker/daemon.json" 
time="2017-11-15T01:17:31.088871685Z" level=info msg="Initializing discovery without TLS" 
time="2017-11-15T01:17:31.095736008Z" level=warning msg="Multi-Host overlay networking requires cluster-advertise(128.101.118.108) to be configured with a local ip-address that is reachable within the cluster" 
time="2017-11-15T01:17:31.095972237Z" level=error msg="initializing serf instance failed: failed to create cluster node: Failed to create memberlist: Could not set up network transport: Failed to start TCP listener on \"128.101.118.108\" port 7946: listen tcp 128.101.118.108:7946: bind: cannot assign requested address" 
time="2017-11-15T01:17:31.105312324Z" level=debug msg="Registering routers" 
time="2017-11-15T01:17:31.105359251Z" level=debug msg="Registering GET, /containers/{name:.*}/checkpoints" 
time="2017-11-15T01:17:31.105649492Z" level=debug msg="Registering POST, /containers/{name:.*}/checkpoints" 
time="2017-11-15T01:17:31.105845708Z" level=debug msg="Registering DELETE, /containers/{name}/checkpoints/{checkpoint}" 
time="2017-11-15T01:17:31.106113153Z" level=debug msg="Registering HEAD, /containers/{name:.*}/archive" 
time="2017-11-15T01:17:31.106293925Z" level=debug msg="Registering GET, /containers/json" 
time="2017-11-15T01:17:31.106416353Z" level=debug msg="Registering GET, /containers/{name:.*}/export" 
time="2017-11-15T01:17:31.106581983Z" level=debug msg="Registering GET, /containers/{name:.*}/changes" 
time="2017-11-15T01:17:31.106736732Z" level=debug msg="Registering GET, /containers/{name:.*}/json" 
time="2017-11-15T01:17:31.106889051Z" level=debug msg="Registering GET, /containers/{name:.*}/top" 
time="2017-11-15T01:17:31.107038810Z" level=debug msg="Registering GET, /containers/{name:.*}/logs" 
time="2017-11-15T01:17:31.107194409Z" level=debug msg="Registering GET, /containers/{name:.*}/stats" 
time="2017-11-15T01:17:31.107351443Z" level=debug msg="Registering GET, /containers/{name:.*}/attach/ws" 
time="2017-11-15T01:17:31.107527273Z" level=debug msg="Registering GET, /exec/{id:.*}/json" 
time="2017-11-15T01:17:31.107668803Z" level=debug msg="Registering GET, /containers/{name:.*}/archive" 
time="2017-11-15T01:17:31.107830813Z" level=debug msg="Registering POST, /containers/create" 
time="2017-11-15T01:17:31.107944764Z" level=debug msg="Registering POST, /containers/{name:.*}/kill" 
time="2017-11-15T01:17:31.108100383Z" level=debug msg="Registering POST, /containers/{name:.*}/pause" 
time="2017-11-15T01:17:31.108250727Z" level=debug msg="Registering POST, /containers/{name:.*}/unpause" 
time="2017-11-15T01:17:31.108418994Z" level=debug msg="Registering POST, /containers/{name:.*}/restart" 
time="2017-11-15T01:17:31.108584628Z" level=debug msg="Registering POST, /containers/{name:.*}/start" 
time="2017-11-15T01:17:31.108737010Z" level=debug msg="Registering POST, /containers/{name:.*}/stop" 
time="2017-11-15T01:17:31.108929572Z" level=debug msg="Registering POST, /containers/{name:.*}/wait" 
time="2017-11-15T01:17:31.109093662Z" level=debug msg="Registering POST, /containers/{name:.*}/resize" 
time="2017-11-15T01:17:31.109276232Z" level=debug msg="Registering POST, /containers/{name:.*}/attach" 
time="2017-11-15T01:17:31.109426351Z" level=debug msg="Registering POST, /containers/{name:.*}/copy" 
time="2017-11-15T01:17:31.109560826Z" level=debug msg="Registering POST, /containers/{name:.*}/exec" 
time="2017-11-15T01:17:31.109701356Z" level=debug msg="Registering POST, /exec/{name:.*}/start" 
time="2017-11-15T01:17:31.109835928Z" level=debug msg="Registering POST, /exec/{name:.*}/resize" 
time="2017-11-15T01:17:31.109975772Z" level=debug msg="Registering POST, /containers/{name:.*}/rename" 
time="2017-11-15T01:17:31.110127916Z" level=debug msg="Registering POST, /containers/{name:.*}/update" 
time="2017-11-15T01:17:31.110278579Z" level=debug msg="Registering POST, /containers/prune" 
time="2017-11-15T01:17:31.110377141Z" level=debug msg="Registering PUT, /containers/{name:.*}/archive" 
time="2017-11-15T01:17:31.110545271Z" level=debug msg="Registering DELETE, /containers/{name:.*}" 
time="2017-11-15T01:17:31.110692129Z" level=debug msg="Registering GET, /images/json" 
time="2017-11-15T01:17:31.110796064Z" level=debug msg="Registering GET, /images/search" 
time="2017-11-15T01:17:31.110900481Z" level=debug msg="Registering GET, /images/get" 
time="2017-11-15T01:17:31.110994040Z" level=debug msg="Registering GET, /images/{name:.*}/get" 
time="2017-11-15T01:17:31.111128309Z" level=debug msg="Registering GET, /images/{name:.*}/history" 
time="2017-11-15T01:17:31.111254192Z" level=debug msg="Registering GET, /images/{name:.*}/json" 
time="2017-11-15T01:17:31.111398254Z" level=debug msg="Registering POST, /commit" 
time="2017-11-15T01:17:31.111483032Z" level=debug msg="Registering POST, /images/load" 
time="2017-11-15T01:17:31.111577470Z" level=debug msg="Registering POST, /images/create" 
time="2017-11-15T01:17:31.111684304Z" level=debug msg="Registering POST, /images/{name:.*}/push" 
time="2017-11-15T01:17:31.111818584Z" level=debug msg="Registering POST, /images/{name:.*}/tag" 
time="2017-11-15T01:17:31.111947161Z" level=debug msg="Registering POST, /images/prune" 
time="2017-11-15T01:17:31.112040048Z" level=debug msg="Registering DELETE, /images/{name:.*}" 
time="2017-11-15T01:17:31.112179252Z" level=debug msg="Registering OPTIONS, /{anyroute:.*}" 
time="2017-11-15T01:17:31.112309439Z" level=debug msg="Registering GET, /_ping" 
time="2017-11-15T01:17:31.112390384Z" level=debug msg="Registering GET, /events" 
time="2017-11-15T01:17:31.112472787Z" level=debug msg="Registering GET, /info" 
time="2017-11-15T01:17:31.112550368Z" level=debug msg="Registering GET, /version" 
time="2017-11-15T01:17:31.112634625Z" level=debug msg="Registering GET, /system/df" 
time="2017-11-15T01:17:31.112730453Z" level=debug msg="Registering POST, /auth" 
time="2017-11-15T01:17:31.112827896Z" level=debug msg="Registering GET, /volumes" 
time="2017-11-15T01:17:31.112921572Z" level=debug msg="Registering GET, /volumes/{name:.*}" 
time="2017-11-15T01:17:31.113085247Z" level=debug msg="Registering POST, /volumes/create" 
time="2017-11-15T01:17:31.113188575Z" level=debug msg="Registering POST, /volumes/prune" 
time="2017-11-15T01:17:31.113287701Z" level=debug msg="Registering DELETE, /volumes/{name:.*}" 
time="2017-11-15T01:17:31.113432487Z" level=debug msg="Registering POST, /build" 
time="2017-11-15T01:17:31.113519162Z" level=debug msg="Registering POST, /swarm/init" 
time="2017-11-15T01:17:31.113608459Z" level=debug msg="Registering POST, /swarm/join" 
time="2017-11-15T01:17:31.113693914Z" level=debug msg="Registering POST, /swarm/leave" 
time="2017-11-15T01:17:31.113790448Z" level=debug msg="Registering GET, /swarm" 
time="2017-11-15T01:17:31.113888310Z" level=debug msg="Registering GET, /swarm/unlockkey" 
time="2017-11-15T01:17:31.113989437Z" level=debug msg="Registering POST, /swarm/update" 
time="2017-11-15T01:17:31.114091755Z" level=debug msg="Registering POST, /swarm/unlock" 
time="2017-11-15T01:17:31.114181113Z" level=debug msg="Registering GET, /services" 
time="2017-11-15T01:17:31.114271305Z" level=debug msg="Registering GET, /services/{id}" 
time="2017-11-15T01:17:31.114413526Z" level=debug msg="Registering POST, /services/create" 
time="2017-11-15T01:17:31.114509706Z" level=debug msg="Registering POST, /services/{id}/update" 
time="2017-11-15T01:17:31.114648666Z" level=debug msg="Registering DELETE, /services/{id}" 
time="2017-11-15T01:17:31.114794454Z" level=debug msg="Registering GET, /services/{id}/logs" 
time="2017-11-15T01:17:31.114949916Z" level=debug msg="Registering GET, /nodes" 
time="2017-11-15T01:17:31.115030586Z" level=debug msg="Registering GET, /nodes/{id}" 
time="2017-11-15T01:17:31.115157166Z" level=debug msg="Registering DELETE, /nodes/{id}" 
time="2017-11-15T01:17:31.115278904Z" level=debug msg="Registering POST, /nodes/{id}/update" 
time="2017-11-15T01:17:31.115421047Z" level=debug msg="Registering GET, /tasks" 
time="2017-11-15T01:17:31.115500328Z" level=debug msg="Registering GET, /tasks/{id}" 
time="2017-11-15T01:17:31.115619345Z" level=debug msg="Registering GET, /tasks/{id}/logs" 
time="2017-11-15T01:17:31.115770779Z" level=debug msg="Registering GET, /secrets" 
time="2017-11-15T01:17:31.115851712Z" level=debug msg="Registering POST, /secrets/create" 
time="2017-11-15T01:17:31.115952068Z" level=debug msg="Registering DELETE, /secrets/{id}" 
time="2017-11-15T01:17:31.116078962Z" level=debug msg="Registering GET, /secrets/{id}" 
time="2017-11-15T01:17:31.116205898Z" level=debug msg="Registering POST, /secrets/{id}/update" 
time="2017-11-15T01:17:31.116357884Z" level=debug msg="Registering GET, /configs" 
time="2017-11-15T01:17:31.116459724Z" level=debug msg="Registering POST, /configs/create" 
time="2017-11-15T01:17:31.116563681Z" level=debug msg="Registering DELETE, /configs/{id}" 
time="2017-11-15T01:17:31.116703863Z" level=debug msg="Registering GET, /configs/{id}" 
time="2017-11-15T01:17:31.116845235Z" level=debug msg="Registering POST, /configs/{id}/update" 
time="2017-11-15T01:17:31.116981180Z" level=debug msg="Registering GET, /plugins" 
time="2017-11-15T01:17:31.117073918Z" level=debug msg="Registering GET, /plugins/{name:.*}/json" 
time="2017-11-15T01:17:31.117221084Z" level=debug msg="Registering GET, /plugins/privileges" 
time="2017-11-15T01:17:31.117324415Z" level=debug msg="Registering DELETE, /plugins/{name:.*}" 
time="2017-11-15T01:17:31.117463910Z" level=debug msg="Registering POST, /plugins/{name:.*}/enable" 
time="2017-11-15T01:17:31.117602504Z" level=debug msg="Registering POST, /plugins/{name:.*}/disable" 
time="2017-11-15T01:17:31.117740323Z" level=debug msg="Registering POST, /plugins/pull" 
time="2017-11-15T01:17:31.117827200Z" level=debug msg="Registering POST, /plugins/{name:.*}/push" 
time="2017-11-15T01:17:31.117974253Z" level=debug msg="Registering POST, /plugins/{name:.*}/upgrade" 
time="2017-11-15T01:17:31.118112921Z" level=debug msg="Registering POST, /plugins/{name:.*}/set" 
time="2017-11-15T01:17:31.118244558Z" level=debug msg="Registering POST, /plugins/create" 
time="2017-11-15T01:17:31.118343658Z" level=debug msg="Registering GET, /distribution/{name:.*}/json" 
time="2017-11-15T01:17:31.118494277Z" level=debug msg="Registering GET, /networks" 
time="2017-11-15T01:17:31.118583022Z" level=debug msg="Registering GET, /networks/" 
time="2017-11-15T01:17:31.118683993Z" level=debug msg="Registering GET, /networks/{id:.+}" 
time="2017-11-15T01:17:31.118813208Z" level=debug msg="Registering POST, /networks/create" 
time="2017-11-15T01:17:31.118912004Z" level=debug msg="Registering POST, /networks/{id:.*}/connect" 
time="2017-11-15T01:17:31.119052618Z" level=debug msg="Registering POST, /networks/{id:.*}/disconnect" 
time="2017-11-15T01:17:31.119202745Z" level=debug msg="Registering POST, /networks/prune" 
time="2017-11-15T01:17:31.119299468Z" level=debug msg="Registering DELETE, /networks/{id:.*}" 
time="2017-11-15T01:17:31.345552218Z" level=debug msg="Watch triggered with 1 nodes" discovery=etcd 
time="2017-11-15T01:17:31.478258749Z" level=debug msg="Watch triggered with 1 nodes" discovery=etcd 
time="2017-11-15T01:17:31.591200997Z" level=debug msg="Watch triggered with 1 nodes" discovery=etcd 
time="2017-11-15T01:17:34.701354746Z" level=debug msg="Calling GET /_ping" 
time="2017-11-15T01:17:34.705282084Z" level=debug msg="Calling POST /v1.30/containers/create?name=calico-node" 
time="2017-11-15T01:17:34.705673423Z" level=debug msg="form data: {\"AttachStderr\":false,\"AttachStdin\":false,\"AttachStdout\":false,\"Cmd\":null,\"Domainname\":\"\",\"Entrypoint\":null,\"Env\":[\"NODENAME=\",\"IP=10.0.0.5\",\"CALICO_NETWORKING_BACKEND=bird\",\"CALICO_LIBNETWORK_ENABLED=true\",\"ETCD_ENDPOINTS=http://128.101.118.108:2379\"],\"HostConfig\":{\"AutoRemove\":true,\"Binds\":[\"/lib/modules:/lib/modules\",\"/run:/run\",\"/run/docker/plugins:/run/docker/plugins\",\"/var/run/docker.sock:/var/run/docker.sock\",\"/var/log/calico:/var/log/calico\",\"/var/run/calico:/var/run/calico\"],\"BlkioDeviceReadBps\":null,\"BlkioDeviceReadIOps\":null,\"BlkioDeviceWriteBps\":null,\"BlkioDeviceWriteIOps\":null,\"BlkioWeight\":0,\"BlkioWeightDevice\":null,\"CapAdd\":null,\"CapDrop\":null,\"Cgroup\":\"\",\"CgroupParent\":\"\",\"ConsoleSize\":[0,0],\"ContainerIDFile\":\"\",\"CpuCount\":0,\"CpuPercent\":0,\"CpuPeriod\":0,\"CpuQuota\":0,\"CpuRealtimePeriod\":0,\"CpuRealtimeRuntime\":0,\"CpuShares\":0,\"CpusetCpus\":\"\",\"CpusetMems\":\"\",\"DeviceCgroupRules\":null,\"Devices\":[],\"DiskQuota\":0,\"Dns\":[],\"DnsOptions\":[],\"DnsSearch\":[],\"ExtraHosts\":null,\"GroupAdd\":null,\"IOMaximumBandwidth\":0,\"IOMaximumIOps\":0,\"IpcMode\":\"\",\"Isolation\":\"\",\"KernelMemory\":0,\"Links\":null,\"LogConfig\":{\"Config\":{},\"Type\":\"\"},\"Memory\":0,\"MemoryReservation\":0,\"MemorySwap\":0,\"MemorySwappiness\":-1,\"NanoCpus\":0,\"NetworkMode\":\"host\",\"OomKillDisable\":false,\"OomScoreAdj\":0,\"PidMode\":\"\",\"PidsLimit\":0,\"PortBindings\":{},\"Privileged\":true,\"PublishAllPorts\":false,\"ReadonlyRootfs\":false,\"RestartPolicy\":{\"MaximumRetryCount\":0,\"Name\":\"no\"},\"SecurityOpt\":null,\"ShmSize\":0,\"UTSMode\":\"\",\"Ulimits\":null,\"UsernsMode\":\"\",\"VolumeDriver\":\"\",\"VolumesFrom\":null},\"Hostname\":\"\",\"Image\":\"quay.io/calico/node:v2.6.2\",\"Labels\":{},\"NetworkingConfig\":{\"EndpointsConfig\":{}},\"OnBuild\":null,\"OpenStdin\":false,\"StdinOnce\":false,\"Tty\":false,\"User\":\"\",\"Volumes\":{},\"WorkingDir\":\"\"}" 
time="2017-11-15T01:17:34.709604800Z" level=debug msg="Calling POST /v1.30/images/create?fromImage=quay.io%2Fcalico%2Fnode&tag=v2.6.2" 
time="2017-11-15T01:17:34.713460857Z" level=debug msg="hostDir: /etc/docker/certs.d/quay.io" 
time="2017-11-15T01:17:34.713547113Z" level=debug msg="Trying to pull quay.io/calico/node from https://quay.io v2" 
time="2017-11-15T01:17:35.026677102Z" level=debug msg="Increasing token expiration to: 60 seconds" 
time="2017-11-15T01:17:35.203070592Z" level=debug msg="Pulling ref from V2 registry: quay.io/calico/node:v2.6.2" 
time="2017-11-15T01:17:35.204423623Z" level=debug msg="pulling blob \"sha256:564d30bd7dc2f4cabf814e319c81d81aae2acd8cb5e81715848c35ed754fa590\"" 
time="2017-11-15T01:17:35.204634386Z" level=debug msg="pulling blob \"sha256:451e44d240b0964e03932d25c4d4726043a9f0a5dd2060c685e50a62240ad272\"" 
time="2017-11-15T01:17:35.204482226Z" level=debug msg="pulling blob \"sha256:88286f41530e93dffd4b964e1db22ce4939fffa4a4c665dab8591fbab03d4926\"" 
time="2017-11-15T01:17:35.516622584Z" level=debug msg="Downloaded 88286f41530e to tempfile /var/lib/docker/tmp/GetImageBlob770858228" 
time="2017-11-15T01:17:35.516687024Z" level=debug msg="pulling blob \"sha256:39b8f29b8ec96fb7d173a0f7eaea5c566a64793991c82fceba366277dbff4e99\"" 
time="2017-11-15T01:17:35.519313121Z" level=debug msg="Downloaded 451e44d240b0 to tempfile /var/lib/docker/tmp/GetImageBlob053521833" 
time="2017-11-15T01:17:35.519380369Z" level=debug msg="pulling blob \"sha256:cd8e6a6bdbfe683706f9b9ec30fdd00b204a16bfad5fe4a23d9c024c80eaf5dd\"" 
time="2017-11-15T01:17:35.757508642Z" level=debug msg="Applied tar sha256:5bef08742407efd622d243692b79ba0055383bbce12900324f75e56f589aedb0 to a7f6508aa2b8aeb2232edb8f59f2a0d7f975a9741633809b854ce8337a3bbbfd, size: 3965955" 
time="2017-11-15T01:17:35.824307318Z" level=debug msg="Downloaded 39b8f29b8ec9 to tempfile /var/lib/docker/tmp/GetImageBlob916120515" 
time="2017-11-15T01:17:35.881136115Z" level=debug msg="Watch triggered with 1 nodes" discovery=etcd 
time="2017-11-15T01:17:36.128657242Z" level=debug msg="Applied tar sha256:ab0cb0fa66e1f975e4a703584be5249113b8ace4584e50bb0638d53183d9e32f to e5169ef5ccd488a046402894c7e7ee832bbf70602dae050e55fc1b8f3fce9243, size: 7112094" 
time="2017-11-15T01:17:36.371841619Z" level=debug msg="Downloaded 564d30bd7dc2 to tempfile /var/lib/docker/tmp/GetImageBlob412802802" 
time="2017-11-15T01:17:36.429750608Z" level=debug msg="Applied tar sha256:ad3d5ca9ce21152e711e807ad8e2a5ea77beee60049f840df235fda6c98c3784 to 68044c63a09260bc3091525e47c9590f8eaf0889a622de125a653ed4264fd2b7, size: 231875" 
time="2017-11-15T01:17:36.668820793Z" level=debug msg="Applied tar sha256:52d031a668094eb8f3232988bf62f53825446fb71bbe219018f42ff831c38520 to 58aa043882c5fc5ca4a129ce6f38543e1415679d002cf649ca3b40b524468d47, size: 4496168" 
time="2017-11-15T01:17:38.166001641Z" level=debug msg="Downloaded cd8e6a6bdbfe to tempfile /var/lib/docker/tmp/GetImageBlob427282157" 
time="2017-11-15T01:17:41.711630120Z" level=debug msg="Applied tar sha256:de86c18b49a84840179a315b1d31907cd11d74fe0e605c3b58904f54058e4f21 to 0d824b3c025aeb84f0ce73c4748cf63d3102f5fbf0dd6e3fd451275a3d2289ce, size: 265837527" 
time="2017-11-15T01:17:41.806667754Z" level=debug msg="Calling POST /v1.30/containers/create?name=calico-node" 
time="2017-11-15T01:17:41.807195429Z" level=debug msg="form data: {\"AttachStderr\":false,\"AttachStdin\":false,\"AttachStdout\":false,\"Cmd\":null,\"Domainname\":\"\",\"Entrypoint\":null,\"Env\":[\"NODENAME=\",\"IP=10.0.0.5\",\"CALICO_NETWORKING_BACKEND=bird\",\"CALICO_LIBNETWORK_ENABLED=true\",\"ETCD_ENDPOINTS=http://128.101.118.108:2379\"],\"HostConfig\":{\"AutoRemove\":true,\"Binds\":[\"/lib/modules:/lib/modules\",\"/run:/run\",\"/run/docker/plugins:/run/docker/plugins\",\"/var/run/docker.sock:/var/run/docker.sock\",\"/var/log/calico:/var/log/calico\",\"/var/run/calico:/var/run/calico\"],\"BlkioDeviceReadBps\":null,\"BlkioDeviceReadIOps\":null,\"BlkioDeviceWriteBps\":null,\"BlkioDeviceWriteIOps\":null,\"BlkioWeight\":0,\"BlkioWeightDevice\":null,\"CapAdd\":null,\"CapDrop\":null,\"Cgroup\":\"\",\"CgroupParent\":\"\",\"ConsoleSize\":[0,0],\"ContainerIDFile\":\"\",\"CpuCount\":0,\"CpuPercent\":0,\"CpuPeriod\":0,\"CpuQuota\":0,\"CpuRealtimePeriod\":0,\"CpuRealtimeRuntime\":0,\"CpuShares\":0,\"CpusetCpus\":\"\",\"CpusetMems\":\"\",\"DeviceCgroupRules\":null,\"Devices\":[],\"DiskQuota\":0,\"Dns\":[],\"DnsOptions\":[],\"DnsSearch\":[],\"ExtraHosts\":null,\"GroupAdd\":null,\"IOMaximumBandwidth\":0,\"IOMaximumIOps\":0,\"IpcMode\":\"\",\"Isolation\":\"\",\"KernelMemory\":0,\"Links\":null,\"LogConfig\":{\"Config\":{},\"Type\":\"\"},\"Memory\":0,\"MemoryReservation\":0,\"MemorySwap\":0,\"MemorySwappiness\":-1,\"NanoCpus\":0,\"NetworkMode\":\"host\",\"OomKillDisable\":false,\"OomScoreAdj\":0,\"PidMode\":\"\",\"PidsLimit\":0,\"PortBindings\":{},\"Privileged\":true,\"PublishAllPorts\":false,\"ReadonlyRootfs\":false,\"RestartPolicy\":{\"MaximumRetryCount\":0,\"Name\":\"no\"},\"SecurityOpt\":null,\"ShmSize\":0,\"UTSMode\":\"\",\"Ulimits\":null,\"UsernsMode\":\"\",\"VolumeDriver\":\"\",\"VolumesFrom\":null},\"Hostname\":\"\",\"Image\":\"quay.io/calico/node:v2.6.2\",\"Labels\":{},\"NetworkingConfig\":{\"EndpointsConfig\":{}},\"OnBuild\":null,\"OpenStdin\":false,\"StdinOnce\":false,\"Tty\":false,\"User\":\"\",\"Volumes\":{},\"WorkingDir\":\"\"}" 
time="2017-11-15T01:17:41.811664515Z" level=warning msg="Couldn't run auplink before unmount /var/lib/docker/aufs/mnt/f52cad2a3eb776ca487da4a5b42bd58580a0bc0393b487d9ca6a14082da9ce53-init: exec: \"auplink\": executable file not found in $PATH" 
time="2017-11-15T01:17:41.849034127Z" level=debug msg="container mounted via layerStore: /var/lib/docker/aufs/mnt/f52cad2a3eb776ca487da4a5b42bd58580a0bc0393b487d9ca6a14082da9ce53" 
time="2017-11-15T01:17:41.849147835Z" level=warning msg="Couldn't run auplink before unmount /var/lib/docker/aufs/mnt/f52cad2a3eb776ca487da4a5b42bd58580a0bc0393b487d9ca6a14082da9ce53: exec: \"auplink\": executable file not found in $PATH" 
time="2017-11-15T01:17:41.884817701Z" level=debug msg="Calling POST /v1.30/containers/706394d7dbdca32b528ca39dcccacd29239f421e94b4f10e015e0a081bf72c60/wait?condition=removed" 
time="2017-11-15T01:17:41.885541671Z" level=debug msg="Calling POST /v1.30/containers/706394d7dbdca32b528ca39dcccacd29239f421e94b4f10e015e0a081bf72c60/start" 
time="2017-11-15T01:17:41.886429797Z" level=debug msg="container mounted via layerStore: /var/lib/docker/aufs/mnt/f52cad2a3eb776ca487da4a5b42bd58580a0bc0393b487d9ca6a14082da9ce53" 
time="2017-11-15T01:17:41.968002728Z" level=debug msg="EnableService 706394d7dbdca32b528ca39dcccacd29239f421e94b4f10e015e0a081bf72c60 START" 
time="2017-11-15T01:17:41.968033749Z" level=debug msg="EnableService 706394d7dbdca32b528ca39dcccacd29239f421e94b4f10e015e0a081bf72c60 DONE" 
time="2017-11-15T01:17:42.091450914Z" level=debug msg="libcontainerd: received containerd event: &types.Event{Type:\"start-container\", Id:\"706394d7dbdca32b528ca39dcccacd29239f421e94b4f10e015e0a081bf72c60\", Status:0x0, Pid:\"\", Timestamp:(*timestamp.Timestamp)(0xc420c8e810)}" 
time="2017-11-15T01:17:42.119297613Z" level=debug msg="libcontainerd: event unhandled: type:\"start-container\" id:\"706394d7dbdca32b528ca39dcccacd29239f421e94b4f10e015e0a081bf72c60\" timestamp:<seconds:1510708662 nanos:90741553 > " 
time="2017-11-15T01:17:50.844960042Z" level=debug msg="Watch triggered with 1 nodes" discovery=etcd 
time="2017-11-15T01:17:50.979135805Z" level=debug msg="Watch triggered with 1 nodes" discovery=etcd 
time="2017-11-15T01:17:51.091865643Z" level=debug msg="Watch triggered with 1 nodes" discovery=etcd 
time="2017-11-15T01:17:53.996285360Z" level=debug msg="Calling GET /_ping" 
time="2017-11-15T01:17:53.997895709Z" level=debug msg="Calling POST /v1.30/containers/create?name=mist26-umh1-net1-1" 
time="2017-11-15T01:17:53.998430932Z" level=debug msg="form data: {\"AttachStderr\":false,\"AttachStdin\":false,\"AttachStdout\":false,\"Cmd\":null,\"Domainname\":\"\",\"Entrypoint\":null,\"Env\":[],\"HostConfig\":{\"AutoRemove\":false,\"Binds\":null,\"BlkioDeviceReadBps\":null,\"BlkioDeviceReadIOps\":null,\"BlkioDeviceWriteBps\":null,\"BlkioDeviceWriteIOps\":null,\"BlkioWeight\":0,\"BlkioWeightDevice\":null,\"CapAdd\":null,\"CapDrop\":null,\"Cgroup\":\"\",\"CgroupParent\":\"\",\"ConsoleSize\":[0,0],\"ContainerIDFile\":\"\",\"CpuCount\":0,\"CpuPercent\":0,\"CpuPeriod\":0,\"CpuQuota\":0,\"CpuRealtimePeriod\":0,\"CpuRealtimeRuntime\":0,\"CpuShares\":0,\"CpusetCpus\":\"\",\"CpusetMems\":\"\",\"DeviceCgroupRules\":null,\"Devices\":[],\"DiskQuota\":0,\"Dns\":[],\"DnsOptions\":[],\"DnsSearch\":[],\"ExtraHosts\":null,\"GroupAdd\":null,\"IOMaximumBandwidth\":0,\"IOMaximumIOps\":0,\"IpcMode\":\"\",\"Isolation\":\"\",\"KernelMemory\":0,\"Links\":null,\"LogConfig\":{\"Config\":{},\"Type\":\"\"},\"Memory\":0,\"MemoryReservation\":0,\"MemorySwap\":0,\"MemorySwappiness\":-1,\"NanoCpus\":0,\"NetworkMode\":\"net1\",\"OomKillDisable\":false,\"OomScoreAdj\":0,\"PidMode\":\"\",\"PidsLimit\":0,\"PortBindings\":{},\"Privileged\":false,\"PublishAllPorts\":false,\"ReadonlyRootfs\":false,\"RestartPolicy\":{\"MaximumRetryCount\":0,\"Name\":\"no\"},\"SecurityOpt\":null,\"ShmSize\":0,\"UTSMode\":\"\",\"Ulimits\":null,\"UsernsMode\":\"\",\"VolumeDriver\":\"\",\"VolumesFrom\":null},\"Hostname\":\"\",\"Image\":\"busybox\",\"Labels\":{},\"NetworkingConfig\":{\"EndpointsConfig\":{}},\"OnBuild\":null,\"OpenStdin\":true,\"StdinOnce\":false,\"Tty\":true,\"User\":\"\",\"Volumes\":{},\"WorkingDir\":\"\"}" 
time="2017-11-15T01:17:54.001894544Z" level=debug msg="Calling GET /v1.30/info" 
time="2017-11-15T01:17:54.019870315Z" level=debug msg="Calling POST /v1.30/images/create?fromImage=busybox&tag=latest" 
time="2017-11-15T01:17:54.020065617Z" level=debug msg="Trying to pull busybox from https://registry-1.docker.io v2" 
time="2017-11-15T01:17:54.425449764Z" level=debug msg="Pulling ref from V2 registry: busybox:latest" 
time="2017-11-15T01:17:54.425521855Z" level=debug msg="docker.io/library/busybox:latest resolved to a manifestList object with 8 entries; looking for a os/arch match" 
time="2017-11-15T01:17:54.425544264Z" level=debug msg="found match for linux/amd64 with media type application/vnd.docker.distribution.manifest.v2+json, digest sha256:91ef6c1c52b166be02645b8efee30d1ee65362024f7da41c404681561734c465" 
time="2017-11-15T01:17:54.587868125Z" level=debug msg="pulling blob \"sha256:0ffadd58f2a61468f527cc4f0fc45272ee4a1a428abe014546c89de2aa6a0eb5\"" 
time="2017-11-15T01:17:54.750621765Z" level=debug msg="Downloaded 0ffadd58f2a6 to tempfile /var/lib/docker/tmp/GetImageBlob206573631" 
time="2017-11-15T01:17:54.870855423Z" level=debug msg="Applied tar sha256:0271b8eebde3fa9a6126b1f2335e170f902731ab4942f9f1914e77016540c7bb to 8cd8dad27dc20d6490e814856daf68ce0c5ed84e165d2055787e6fbc61976124, size: 1129289" 
time="2017-11-15T01:17:54.953747097Z" level=debug msg="Calling POST /v1.30/containers/create?name=mist26-umh1-net1-1" 
time="2017-11-15T01:17:54.954234125Z" level=debug msg="form data: {\"AttachStderr\":false,\"AttachStdin\":false,\"AttachStdout\":false,\"Cmd\":null,\"Domainname\":\"\",\"Entrypoint\":null,\"Env\":[],\"HostConfig\":{\"AutoRemove\":false,\"Binds\":null,\"BlkioDeviceReadBps\":null,\"BlkioDeviceReadIOps\":null,\"BlkioDeviceWriteBps\":null,\"BlkioDeviceWriteIOps\":null,\"BlkioWeight\":0,\"BlkioWeightDevice\":null,\"CapAdd\":null,\"CapDrop\":null,\"Cgroup\":\"\",\"CgroupParent\":\"\",\"ConsoleSize\":[0,0],\"ContainerIDFile\":\"\",\"CpuCount\":0,\"CpuPercent\":0,\"CpuPeriod\":0,\"CpuQuota\":0,\"CpuRealtimePeriod\":0,\"CpuRealtimeRuntime\":0,\"CpuShares\":0,\"CpusetCpus\":\"\",\"CpusetMems\":\"\",\"DeviceCgroupRules\":null,\"Devices\":[],\"DiskQuota\":0,\"Dns\":[],\"DnsOptions\":[],\"DnsSearch\":[],\"ExtraHosts\":null,\"GroupAdd\":null,\"IOMaximumBandwidth\":0,\"IOMaximumIOps\":0,\"IpcMode\":\"\",\"Isolation\":\"\",\"KernelMemory\":0,\"Links\":null,\"LogConfig\":{\"Config\":{},\"Type\":\"\"},\"Memory\":0,\"MemoryReservation\":0,\"MemorySwap\":0,\"MemorySwappiness\":-1,\"NanoCpus\":0,\"NetworkMode\":\"net1\",\"OomKillDisable\":false,\"OomScoreAdj\":0,\"PidMode\":\"\",\"PidsLimit\":0,\"PortBindings\":{},\"Privileged\":false,\"PublishAllPorts\":false,\"ReadonlyRootfs\":false,\"RestartPolicy\":{\"MaximumRetryCount\":0,\"Name\":\"no\"},\"SecurityOpt\":null,\"ShmSize\":0,\"UTSMode\":\"\",\"Ulimits\":null,\"UsernsMode\":\"\",\"VolumeDriver\":\"\",\"VolumesFrom\":null},\"Hostname\":\"\",\"Image\":\"busybox\",\"Labels\":{},\"NetworkingConfig\":{\"EndpointsConfig\":{}},\"OnBuild\":null,\"OpenStdin\":true,\"StdinOnce\":false,\"Tty\":true,\"User\":\"\",\"Volumes\":{},\"WorkingDir\":\"\"}" 
time="2017-11-15T01:17:54.959079312Z" level=warning msg="Couldn't run auplink before unmount /var/lib/docker/aufs/mnt/9645b5174994b87170e1136adec8ca97070be42290003b07190e1a66a23de676-init: exec: \"auplink\": executable file not found in $PATH" 
time="2017-11-15T01:17:54.996159115Z" level=debug msg="container mounted via layerStore: /var/lib/docker/aufs/mnt/9645b5174994b87170e1136adec8ca97070be42290003b07190e1a66a23de676" 
time="2017-11-15T01:17:54.996281562Z" level=warning msg="Couldn't run auplink before unmount /var/lib/docker/aufs/mnt/9645b5174994b87170e1136adec8ca97070be42290003b07190e1a66a23de676: exec: \"auplink\": executable file not found in $PATH" 
time="2017-11-15T01:17:55.030720274Z" level=debug msg="Calling POST /v1.30/containers/a8be6b0d9c1ebc3efd8b483a5b486901600b532e0a7c3f3a06b4ea2c2ffabc7f/wait?condition=next-exit" 
time="2017-11-15T01:17:55.031470259Z" level=debug msg="Calling POST /v1.30/containers/a8be6b0d9c1ebc3efd8b483a5b486901600b532e0a7c3f3a06b4ea2c2ffabc7f/start" 
time="2017-11-15T01:17:55.032369291Z" level=debug msg="container mounted via layerStore: /var/lib/docker/aufs/mnt/9645b5174994b87170e1136adec8ca97070be42290003b07190e1a66a23de676" 
time="2017-11-15T01:17:55.042549419Z" level=debug msg="calico-ipam implements: IpamDriver" 
time="2017-11-15T01:17:55.042579931Z" level=debug msg="Assigning addresses for endpoint mist26-umh1-net1-1's interface on network net1" 
time="2017-11-15T01:17:55.052807043Z" level=debug msg="calico implements: NetworkDriver" 
time="2017-11-15T01:17:55.054889510Z" level=debug msg="Calling GET /v1.21/networks/93f91f932188cbbeee7e12b5ed091fe4b7a7f0d6dcdf08584f15b6d1ba1349e8" 
time="2017-11-15T01:17:55.063983916Z" level=debug msg="Assigning addresses for endpoint mist26-umh1-net1-1's interface on network net1" 
time="2017-11-15T01:17:55.065207110Z" level=debug msg="b0e696f7a8f1a21db7d0e63e5cfd7686821fc6f2aa7fc353946cb0a5333399d9 (93f91f9).addSvcRecords(mist26-umh1-net1-1, 192.168.94.64, <nil>, true) updateSvcRecord sid:b0e696f7a8f1a21db7d0e63e5cfd7686821fc6f2aa7fc353946cb0a5333399d9" 
time="2017-11-15T01:17:55.065322721Z" level=debug msg="b0e696f7a8f1a21db7d0e63e5cfd7686821fc6f2aa7fc353946cb0a5333399d9 (93f91f9).addSvcRecords(a8be6b0d9c1e, 192.168.94.64, <nil>, false) updateSvcRecord sid:b0e696f7a8f1a21db7d0e63e5cfd7686821fc6f2aa7fc353946cb0a5333399d9" 
time="2017-11-15T01:17:55.069925804Z" level=info msg="No non-localhost DNS nameservers are left in resolv.conf. Using default external servers: [nameserver 8.8.8.8 nameserver 8.8.4.4]" 
time="2017-11-15T01:17:55.069959129Z" level=info msg="IPv6 enabled; Adding default IPv6 external servers: [nameserver 2001:4860:4860::8888 nameserver 2001:4860:4860::8844]" 
time="2017-11-15T01:17:55.070335906Z" level=debug msg="5cb771cd67c602dc928cdd5402e1ce1e0aa57638da0c70ca02c56eb667cd7623 (93f91f9).addSvcRecords(mist28-umh1-net1-1, 192.168.131.128, <nil>, true) updateSvcRecord sid:5cb771cd67c602dc928cdd5402e1ce1e0aa57638da0c70ca02c56eb667cd7623" 
time="2017-11-15T01:17:55.070388698Z" level=debug msg="5cb771cd67c602dc928cdd5402e1ce1e0aa57638da0c70ca02c56eb667cd7623 (93f91f9).addSvcRecords(3bc811997f85, 192.168.131.128, <nil>, false) updateSvcRecord sid:5cb771cd67c602dc928cdd5402e1ce1e0aa57638da0c70ca02c56eb667cd7623" 
time="2017-11-15T01:17:55.070420993Z" level=debug msg="a9969d786e13365990ec89f1c06e0b9f4ba1a63e9f95ed17f24be9e45a355355 (93f91f9).addSvcRecords(mist41-umh1-net1-1, 192.168.57.128, <nil>, true) updateSvcRecord sid:a9969d786e13365990ec89f1c06e0b9f4ba1a63e9f95ed17f24be9e45a355355" 
time="2017-11-15T01:17:55.070454480Z" level=debug msg="a9969d786e13365990ec89f1c06e0b9f4ba1a63e9f95ed17f24be9e45a355355 (93f91f9).addSvcRecords(6e474a51d87f, 192.168.57.128, <nil>, false) updateSvcRecord sid:a9969d786e13365990ec89f1c06e0b9f4ba1a63e9f95ed17f24be9e45a355355" 
time="2017-11-15T01:17:55.070486170Z" level=debug msg="da9afe50ae9822059f1979a52dd3b8dab7a698c340760f4665cc6b6a03c238f4 (93f91f9).addSvcRecords(mist48-umh1-net1-1, 192.168.128.64, <nil>, true) updateSvcRecord sid:da9afe50ae9822059f1979a52dd3b8dab7a698c340760f4665cc6b6a03c238f4" 
time="2017-11-15T01:17:55.070519738Z" level=debug msg="da9afe50ae9822059f1979a52dd3b8dab7a698c340760f4665cc6b6a03c238f4 (93f91f9).addSvcRecords(27341cdd9e54, 192.168.128.64, <nil>, false) updateSvcRecord sid:da9afe50ae9822059f1979a52dd3b8dab7a698c340760f4665cc6b6a03c238f4" 
time="2017-11-15T01:17:55.076867771Z" level=debug msg="b0e696f7a8f1a21db7d0e63e5cfd7686821fc6f2aa7fc353946cb0a5333399d9 (93f91f9).addSvcRecords(mist26-umh1-net1-1, 192.168.94.64, <nil>, true) updateSvcRecord sid:b0e696f7a8f1a21db7d0e63e5cfd7686821fc6f2aa7fc353946cb0a5333399d9" 
time="2017-11-15T01:17:55.076942549Z" level=debug msg="b0e696f7a8f1a21db7d0e63e5cfd7686821fc6f2aa7fc353946cb0a5333399d9 (93f91f9).addSvcRecords(a8be6b0d9c1e, 192.168.94.64, <nil>, false) updateSvcRecord sid:b0e696f7a8f1a21db7d0e63e5cfd7686821fc6f2aa7fc353946cb0a5333399d9" 
time="2017-11-15T01:17:55.078418335Z" level=debug msg="Programming external connectivity on endpoint mist26-umh1-net1-1 (b0e696f7a8f1a21db7d0e63e5cfd7686821fc6f2aa7fc353946cb0a5333399d9)" 
time="2017-11-15T01:17:55.078879467Z" level=debug msg="EnableService a8be6b0d9c1ebc3efd8b483a5b486901600b532e0a7c3f3a06b4ea2c2ffabc7f START" 
time="2017-11-15T01:17:55.078922565Z" level=debug msg="EnableService a8be6b0d9c1ebc3efd8b483a5b486901600b532e0a7c3f3a06b4ea2c2ffabc7f DONE" 
time="2017-11-15T01:17:55Z" level=warning msg="Running modprobe nf_nat failed with message: `ip: can't find device 'nf_nat'\nnf_nat_ipv6            16384  1 ip6table_nat\nnf_nat_masquerade_ipv4    16384  1 ipt_MASQUERADE\nnf_nat_ipv4            16384  1 iptable_nat\nnf_nat                 24576  4 nf_nat_ipv6,xt_nat,nf_nat_masquerade_ipv4,nf_nat_ipv4\nnf_conntrack          106496  8 nf_conntrack_ipv6,nf_nat_ipv6,nf_nat_masquerade_ipv4,nf_conntrack_netlink,nf_conntrack_ipv4,nf_nat_ipv4,xt_conntrack,nf_nat\nmodprobe: can't change directory to '3.19.0-25-generic': No such file or directory`, error: exit status 1" 
time="2017-11-15T01:17:55Z" level=warning msg="Running modprobe xt_conntrack failed with message: `ip: can't find device 'xt_conntrack'\nxt_conntrack           16384 15 \nx_tables               36864 19 ip6t_rpfilter,ip6table_raw,ip6table_mangle,ip6table_filter,ip6_tables,xt_comment,xt_set,iptable_raw,ipt_REJECT,xt_multiport,xt_nat,xt_tcpudp,iptable_mangle,xt_mark,ipt_MASQUERADE,xt_addrtype,iptable_filter,ip_tables,xt_conntrack\nnf_conntrack          106496  8 nf_conntrack_ipv6,nf_nat_ipv6,nf_nat_masquerade_ipv4,nf_conntrack_netlink,nf_conntrack_ipv4,nf_nat_ipv4,xt_conntrack,nf_nat\nmodprobe: can't change directory to '3.19.0-25-generic': No such file or directory`, error: exit status 1" 
time="2017-11-15T01:17:55.344865740Z" level=debug msg="sandbox set key processing took 144.147765ms for container a8be6b0d9c1ebc3efd8b483a5b486901600b532e0a7c3f3a06b4ea2c2ffabc7f" 
time="2017-11-15T01:17:55.443649291Z" level=debug msg="libcontainerd: received containerd event: &types.Event{Type:\"start-container\", Id:\"a8be6b0d9c1ebc3efd8b483a5b486901600b532e0a7c3f3a06b4ea2c2ffabc7f\", Status:0x0, Pid:\"\", Timestamp:(*timestamp.Timestamp)(0xc4208bb0b0)}" 
time="2017-11-15T01:17:55.463848958Z" level=debug msg="f463392c3700dfa3d7a5dd11324a793c764ab9576a2d1fde738d342e95d6cdb8 (93f91f9).addSvcRecords(mist48-umh1-net1-2, 192.168.128.65, <nil>, true) updateSvcRecord sid:f463392c3700dfa3d7a5dd11324a793c764ab9576a2d1fde738d342e95d6cdb8" 
time="2017-11-15T01:17:55.463912835Z" level=debug msg="f463392c3700dfa3d7a5dd11324a793c764ab9576a2d1fde738d342e95d6cdb8 (93f91f9).addSvcRecords(84a122010f78, 192.168.128.65, <nil>, false) updateSvcRecord sid:f463392c3700dfa3d7a5dd11324a793c764ab9576a2d1fde738d342e95d6cdb8" 
time="2017-11-15T01:17:55.475719671Z" level=debug msg="26fd893310a8f34c9783d37f3ed635cfe6ca8486c33c3fd62342d2a29026f979 (93f91f9).addSvcRecords(mist41-umh1-net1-2, 192.168.57.129, <nil>, true) updateSvcRecord sid:26fd893310a8f34c9783d37f3ed635cfe6ca8486c33c3fd62342d2a29026f979" 
time="2017-11-15T01:17:55.475780941Z" level=debug msg="26fd893310a8f34c9783d37f3ed635cfe6ca8486c33c3fd62342d2a29026f979 (93f91f9).addSvcRecords(2631993d518e, 192.168.57.129, <nil>, false) updateSvcRecord sid:26fd893310a8f34c9783d37f3ed635cfe6ca8486c33c3fd62342d2a29026f979" 
time="2017-11-15T01:17:55.482732393Z" level=debug msg="libcontainerd: event unhandled: type:\"start-container\" id:\"a8be6b0d9c1ebc3efd8b483a5b486901600b532e0a7c3f3a06b4ea2c2ffabc7f\" timestamp:<seconds:1510708675 nanos:443480723 > " 
time="2017-11-15T01:17:55.544168342Z" level=debug msg="b56994e9f45ec91da3d09e0a5576668a235d65fd54ac4c255564fca25f0f4e93 (93f91f9).addSvcRecords(mist28-umh1-net1-2, 192.168.131.129, <nil>, true) updateSvcRecord sid:b56994e9f45ec91da3d09e0a5576668a235d65fd54ac4c255564fca25f0f4e93" 
time="2017-11-15T01:17:55.544227762Z" level=debug msg="b56994e9f45ec91da3d09e0a5576668a235d65fd54ac4c255564fca25f0f4e93 (93f91f9).addSvcRecords(ff7bb42eb051, 192.168.131.129, <nil>, false) updateSvcRecord sid:b56994e9f45ec91da3d09e0a5576668a235d65fd54ac4c255564fca25f0f4e93" 
time="2017-11-15T01:17:55.560772624Z" level=debug msg="Calling GET /_ping" 
time="2017-11-15T01:17:55.563737920Z" level=debug msg="Calling POST /v1.30/containers/create?name=mist26-umh1-net1-2" 
time="2017-11-15T01:17:55.564114269Z" level=debug msg="form data: {\"AttachStderr\":false,\"AttachStdin\":false,\"AttachStdout\":false,\"Cmd\":null,\"Domainname\":\"\",\"Entrypoint\":null,\"Env\":[],\"HostConfig\":{\"AutoRemove\":false,\"Binds\":null,\"BlkioDeviceReadBps\":null,\"BlkioDeviceReadIOps\":null,\"BlkioDeviceWriteBps\":null,\"BlkioDeviceWriteIOps\":null,\"BlkioWeight\":0,\"BlkioWeightDevice\":null,\"CapAdd\":null,\"CapDrop\":null,\"Cgroup\":\"\",\"CgroupParent\":\"\",\"ConsoleSize\":[0,0],\"ContainerIDFile\":\"\",\"CpuCount\":0,\"CpuPercent\":0,\"CpuPeriod\":0,\"CpuQuota\":0,\"CpuRealtimePeriod\":0,\"CpuRealtimeRuntime\":0,\"CpuShares\":0,\"CpusetCpus\":\"\",\"CpusetMems\":\"\",\"DeviceCgroupRules\":null,\"Devices\":[],\"DiskQuota\":0,\"Dns\":[],\"DnsOptions\":[],\"DnsSearch\":[],\"ExtraHosts\":null,\"GroupAdd\":null,\"IOMaximumBandwidth\":0,\"IOMaximumIOps\":0,\"IpcMode\":\"\",\"Isolation\":\"\",\"KernelMemory\":0,\"Links\":null,\"LogConfig\":{\"Config\":{},\"Type\":\"\"},\"Memory\":0,\"MemoryReservation\":0,\"MemorySwap\":0,\"MemorySwappiness\":-1,\"NanoCpus\":0,\"NetworkMode\":\"net1\",\"OomKillDisable\":false,\"OomScoreAdj\":0,\"PidMode\":\"\",\"PidsLimit\":0,\"PortBindings\":{},\"Privileged\":false,\"PublishAllPorts\":false,\"ReadonlyRootfs\":false,\"RestartPolicy\":{\"MaximumRetryCount\":0,\"Name\":\"no\"},\"SecurityOpt\":null,\"ShmSize\":0,\"UTSMode\":\"\",\"Ulimits\":null,\"UsernsMode\":\"\",\"VolumeDriver\":\"\",\"VolumesFrom\":null},\"Hostname\":\"\",\"Image\":\"busybox\",\"Labels\":{},\"NetworkingConfig\":{\"EndpointsConfig\":{}},\"OnBuild\":null,\"OpenStdin\":true,\"StdinOnce\":false,\"Tty\":true,\"User\":\"\",\"Volumes\":{},\"WorkingDir\":\"\"}" 
time="2017-11-15T01:17:55.568952986Z" level=warning msg="Couldn't run auplink before unmount /var/lib/docker/aufs/mnt/56011e494a07d4215f28496f8bf021dd9b0bfe35a6b19acaef3425a05737b188-init: exec: \"auplink\": executable file not found in $PATH" 
time="2017-11-15T01:17:55.620038969Z" level=debug msg="container mounted via layerStore: /var/lib/docker/aufs/mnt/56011e494a07d4215f28496f8bf021dd9b0bfe35a6b19acaef3425a05737b188" 
time="2017-11-15T01:17:55.620173347Z" level=warning msg="Couldn't run auplink before unmount /var/lib/docker/aufs/mnt/56011e494a07d4215f28496f8bf021dd9b0bfe35a6b19acaef3425a05737b188: exec: \"auplink\": executable file not found in $PATH" 
time="2017-11-15T01:17:55.646241155Z" level=debug msg="Calling POST /v1.30/containers/ae0a5f95dd72ff689c48ae1c33bdc452d5549187bac0f60cdbe2aca95bac6c02/wait?condition=next-exit" 
time="2017-11-15T01:17:55.647002550Z" level=debug msg="Calling POST /v1.30/containers/ae0a5f95dd72ff689c48ae1c33bdc452d5549187bac0f60cdbe2aca95bac6c02/start" 
time="2017-11-15T01:17:55.647884713Z" level=debug msg="container mounted via layerStore: /var/lib/docker/aufs/mnt/56011e494a07d4215f28496f8bf021dd9b0bfe35a6b19acaef3425a05737b188" 
time="2017-11-15T01:17:55.656618728Z" level=debug msg="Assigning addresses for endpoint mist26-umh1-net1-2's interface on network net1" 
time="2017-11-15T01:17:55.661916103Z" level=debug msg="Calling GET /v1.21/networks/93f91f932188cbbeee7e12b5ed091fe4b7a7f0d6dcdf08584f15b6d1ba1349e8" 
time="2017-11-15T01:17:55.672832487Z" level=debug msg="Assigning addresses for endpoint mist26-umh1-net1-2's interface on network net1" 
time="2017-11-15T01:17:55.674057572Z" level=debug msg="1a251f894f7ccf1933d08412042c230999d328d45e7e91c7899723ec7a826ca5 (93f91f9).addSvcRecords(mist26-umh1-net1-2, 192.168.94.65, <nil>, true) updateSvcRecord sid:1a251f894f7ccf1933d08412042c230999d328d45e7e91c7899723ec7a826ca5" 
time="2017-11-15T01:17:55.674108573Z" level=debug msg="1a251f894f7ccf1933d08412042c230999d328d45e7e91c7899723ec7a826ca5 (93f91f9).addSvcRecords(ae0a5f95dd72, 192.168.94.65, <nil>, false) updateSvcRecord sid:1a251f894f7ccf1933d08412042c230999d328d45e7e91c7899723ec7a826ca5" 
time="2017-11-15T01:17:55.678225369Z" level=info msg="No non-localhost DNS nameservers are left in resolv.conf. Using default external servers: [nameserver 8.8.8.8 nameserver 8.8.4.4]" 
time="2017-11-15T01:17:55.678256945Z" level=info msg="IPv6 enabled; Adding default IPv6 external servers: [nameserver 2001:4860:4860::8888 nameserver 2001:4860:4860::8844]" 
time="2017-11-15T01:17:55.686273721Z" level=debug msg="1a251f894f7ccf1933d08412042c230999d328d45e7e91c7899723ec7a826ca5 (93f91f9).addSvcRecords(mist26-umh1-net1-2, 192.168.94.65, <nil>, true) updateSvcRecord sid:1a251f894f7ccf1933d08412042c230999d328d45e7e91c7899723ec7a826ca5" 
time="2017-11-15T01:17:55.686330409Z" level=debug msg="1a251f894f7ccf1933d08412042c230999d328d45e7e91c7899723ec7a826ca5 (93f91f9).addSvcRecords(ae0a5f95dd72, 192.168.94.65, <nil>, false) updateSvcRecord sid:1a251f894f7ccf1933d08412042c230999d328d45e7e91c7899723ec7a826ca5" 
time="2017-11-15T01:17:55.687962161Z" level=debug msg="Programming external connectivity on endpoint mist26-umh1-net1-2 (1a251f894f7ccf1933d08412042c230999d328d45e7e91c7899723ec7a826ca5)" 
time="2017-11-15T01:17:55.688293929Z" level=debug msg="EnableService ae0a5f95dd72ff689c48ae1c33bdc452d5549187bac0f60cdbe2aca95bac6c02 START" 
time="2017-11-15T01:17:55.688321964Z" level=debug msg="EnableService ae0a5f95dd72ff689c48ae1c33bdc452d5549187bac0f60cdbe2aca95bac6c02 DONE" 
time="2017-11-15T01:17:55Z" level=warning msg="Running modprobe nf_nat failed with message: `ip: can't find device 'nf_nat'\nnf_nat_ipv6            16384  1 ip6table_nat\nnf_nat_masquerade_ipv4    16384  1 ipt_MASQUERADE\nnf_nat_ipv4            16384  1 iptable_nat\nnf_nat                 24576  4 nf_nat_ipv6,xt_nat,nf_nat_masquerade_ipv4,nf_nat_ipv4\nnf_conntrack          106496  8 nf_conntrack_ipv6,nf_nat_ipv6,nf_nat_masquerade_ipv4,nf_conntrack_netlink,nf_conntrack_ipv4,nf_nat_ipv4,xt_conntrack,nf_nat\nmodprobe: can't change directory to '3.19.0-25-generic': No such file or directory`, error: exit status 1" 
time="2017-11-15T01:17:55Z" level=warning msg="Running modprobe xt_conntrack failed with message: `ip: can't find device 'xt_conntrack'\nxt_conntrack           16384 23 \nx_tables               36864 19 ip6t_rpfilter,ip6table_raw,ip6table_mangle,ip6table_filter,ip6_tables,xt_comment,xt_set,iptable_raw,ipt_REJECT,xt_multiport,xt_nat,xt_tcpudp,iptable_mangle,xt_mark,ipt_MASQUERADE,xt_addrtype,iptable_filter,ip_tables,xt_conntrack\nnf_conntrack          106496  8 nf_conntrack_ipv6,nf_nat_ipv6,nf_nat_masquerade_ipv4,nf_conntrack_netlink,nf_conntrack_ipv4,nf_nat_ipv4,xt_conntrack,nf_nat\nmodprobe: can't change directory to '3.19.0-25-generic': No such file or directory`, error: exit status 1" 
time="2017-11-15T01:17:55.875427522Z" level=debug msg="Watch triggered with 1 nodes" discovery=etcd 
time="2017-11-15T01:17:55.938968353Z" level=debug msg="sandbox set key processing took 135.822396ms for container ae0a5f95dd72ff689c48ae1c33bdc452d5549187bac0f60cdbe2aca95bac6c02" 
time="2017-11-15T01:17:56.043603164Z" level=debug msg="libcontainerd: received containerd event: &types.Event{Type:\"start-container\", Id:\"ae0a5f95dd72ff689c48ae1c33bdc452d5549187bac0f60cdbe2aca95bac6c02\", Status:0x0, Pid:\"\", Timestamp:(*timestamp.Timestamp)(0xc421b9e6c0)}" 
time="2017-11-15T01:17:56.072657231Z" level=debug msg="libcontainerd: event unhandled: type:\"start-container\" id:\"ae0a5f95dd72ff689c48ae1c33bdc452d5549187bac0f60cdbe2aca95bac6c02\" timestamp:<seconds:1510708676 nanos:43382373 > " 
time="2017-11-15T01:18:10.854729654Z" level=debug msg="Watch triggered with 1 nodes" discovery=etcd 
time="2017-11-15T01:18:10.979440787Z" level=debug msg="Watch triggered with 1 nodes" discovery=etcd 
time="2017-11-15T01:18:11.100515732Z" level=debug msg="Watch triggered with 1 nodes" discovery=etcd 
time="2017-11-15T01:18:15.876384211Z" level=debug msg="Watch triggered with 1 nodes" discovery=etcd 
